[ 2017-11-14T18:08:16+08:00 ] 127.0.0.1 /index.php/Home/Res/select
INFO: [ app_begin ] --START--
INFO: Run Behavior\ReadHtmlCacheBehavior [ RunTime:0.001049s ]
INFO: [ app_begin ] --END-- [ RunTime:0.001740s ]
SQL: SHOW COLUMNS FROM `restaurant` [ RunTime:0.0054s ]
SQL: SELECT * FROM restaurant t1 join cate as t2   WHERE ( t2.cate_name='虾米' and t1.res_pro='湖南' and res_price between 20 and 40 )  [ RunTime:0.0005s ]
NOTIC: [8] Undefined variable: html E:\orderspace\order\Application\Home\Controller\ResController.class.php 第 225 行.

[ 2017-11-14T18:13:17+08:00 ] 127.0.0.1 /index.php/Home/Index/foodRes
INFO: [ app_begin ] --START--
INFO: Run Behavior\ReadHtmlCacheBehavior [ RunTime:0.001009s ]
INFO: [ app_begin ] --END-- [ RunTime:0.001794s ]
SQL: SHOW COLUMNS FROM `food` [ RunTime:0.0054s ]
SQL: SELECT t1.food_name,t2.* FROM food t1 left join restaurant t2  on t1.res_id=t2.id  WHERE ( t2.res_city like '%运城市%' )  [ RunTime:0.0006s ]

[ 2017-11-14T18:13:19+08:00 ] 127.0.0.1 /index.php/Home/Index/foodRes
INFO: [ app_begin ] --START--
INFO: Run Behavior\ReadHtmlCacheBehavior [ RunTime:0.000872s ]
INFO: [ app_begin ] --END-- [ RunTime:0.001434s ]
SQL: SHOW COLUMNS FROM `food` [ RunTime:0.0049s ]
SQL: SELECT t1.food_name,t2.* FROM food t1 left join restaurant t2  on t1.res_id=t2.id  WHERE ( t2.res_city like '%武汉%' )  [ RunTime:0.0006s ]

[ 2017-11-14T18:13:21+08:00 ] 127.0.0.1 /index.php/Home/Index/foodRes
INFO: [ app_begin ] --START--
INFO: Run Behavior\ReadHtmlCacheBehavior [ RunTime:0.000742s ]
INFO: [ app_begin ] --END-- [ RunTime:0.001253s ]
SQL: SHOW COLUMNS FROM `food` [ RunTime:0.0050s ]
SQL: SELECT t1.food_name,t2.* FROM food t1 left join restaurant t2  on t1.res_id=t2.id  WHERE ( t2.res_city like '%广安市%' )  [ RunTime:0.0005s ]

[ 2017-11-14T18:15:52+08:00 ] 127.0.0.1 /index.php/Home/Index/foodCity
INFO: [ app_begin ] --START--
INFO: Run Behavior\ReadHtmlCacheBehavior [ RunTime:0.000726s ]
INFO: [ app_begin ] --END-- [ RunTime:0.001227s ]
SQL: SHOW COLUMNS FROM `food` [ RunTime:0.0054s ]
SQL: SELECT t1.* FROM food t1 left join restaurant t2  on t1.res_id=t2.id  WHERE ( t2.res_city like '%运城市%' )  [ RunTime:0.0006s ]

[ 2017-11-14T18:15:53+08:00 ] 127.0.0.1 /index.php/Home/Index/foodCity
INFO: [ app_begin ] --START--
INFO: Run Behavior\ReadHtmlCacheBehavior [ RunTime:0.000792s ]
INFO: [ app_begin ] --END-- [ RunTime:0.001296s ]
SQL: SHOW COLUMNS FROM `food` [ RunTime:0.0053s ]
SQL: SELECT t1.* FROM food t1 left join restaurant t2  on t1.res_id=t2.id  WHERE ( t2.res_city like '%武汉%' )  [ RunTime:0.0005s ]

[ 2017-11-14T18:15:54+08:00 ] 127.0.0.1 /index.php/Home/Index/foodCity
INFO: [ app_begin ] --START--
INFO: Run Behavior\ReadHtmlCacheBehavior [ RunTime:0.000827s ]
INFO: [ app_begin ] --END-- [ RunTime:0.001371s ]
SQL: SHOW COLUMNS FROM `food` [ RunTime:0.0060s ]
SQL: SELECT t1.* FROM food t1 left join restaurant t2  on t1.res_id=t2.id  WHERE ( t2.res_city like '%广安市%' )  [ RunTime:0.0006s ]

[ 2017-11-14T18:15:57+08:00 ] 127.0.0.1 /index.php/Home/Index/foodRes
INFO: [ app_begin ] --START--
INFO: Run Behavior\ReadHtmlCacheBehavior [ RunTime:0.000739s ]
INFO: [ app_begin ] --END-- [ RunTime:0.001257s ]
SQL: SHOW COLUMNS FROM `food` [ RunTime:0.0050s ]
SQL: SELECT t1.food_name,t2.* FROM food t1 left join restaurant t2  on t1.res_id=t2.id  WHERE ( t2.res_city like '%运城市%' )  [ RunTime:0.0005s ]

[ 2017-11-14T18:15:58+08:00 ] 127.0.0.1 /index.php/Home/Index/foodRes
INFO: [ app_begin ] --START--
INFO: Run Behavior\ReadHtmlCacheBehavior [ RunTime:0.000815s ]
INFO: [ app_begin ] --END-- [ RunTime:0.001327s ]
SQL: SHOW COLUMNS FROM `food` [ RunTime:0.0046s ]
SQL: SELECT t1.food_name,t2.* FROM food t1 left join restaurant t2  on t1.res_id=t2.id  WHERE ( t2.res_city like '%武汉%' )  [ RunTime:0.0006s ]

[ 2017-11-14T18:15:59+08:00 ] 127.0.0.1 /index.php/Home/Index/foodRes
INFO: [ app_begin ] --START--
INFO: Run Behavior\ReadHtmlCacheBehavior [ RunTime:0.000955s ]
INFO: [ app_begin ] --END-- [ RunTime:0.001490s ]
SQL: SHOW COLUMNS FROM `food` [ RunTime:0.0050s ]
SQL: SELECT t1.food_name,t2.* FROM food t1 left join restaurant t2  on t1.res_id=t2.id  WHERE ( t2.res_city like '%广安市%' )  [ RunTime:0.0006s ]

[ 2017-11-14T18:16:04+08:00 ] 127.0.0.1 /index.php/Home/Index/foodCity
INFO: [ app_begin ] --START--
INFO: Run Behavior\ReadHtmlCacheBehavior [ RunTime:0.000922s ]
INFO: [ app_begin ] --END-- [ RunTime:0.001475s ]
SQL: SHOW COLUMNS FROM `food` [ RunTime:0.0049s ]
SQL: SELECT t1.* FROM food t1 left join restaurant t2  on t1.res_id=t2.id  WHERE ( t2.res_city like '%运城市%' )  [ RunTime:0.0005s ]

[ 2017-11-14T18:16:05+08:00 ] 127.0.0.1 /index.php/Home/Index/foodCity
INFO: [ app_begin ] --START--
INFO: Run Behavior\ReadHtmlCacheBehavior [ RunTime:0.000739s ]
INFO: [ app_begin ] --END-- [ RunTime:0.001258s ]
SQL: SHOW COLUMNS FROM `food` [ RunTime:0.0048s ]
SQL: SELECT t1.* FROM food t1 left join restaurant t2  on t1.res_id=t2.id  WHERE ( t2.res_city like '%武汉%' )  [ RunTime:0.0005s ]

[ 2017-11-14T18:16:06+08:00 ] 127.0.0.1 /index.php/Home/Index/foodCity
INFO: [ app_begin ] --START--
INFO: Run Behavior\ReadHtmlCacheBehavior [ RunTime:0.000929s ]
INFO: [ app_begin ] --END-- [ RunTime:0.001466s ]
SQL: SHOW COLUMNS FROM `food` [ RunTime:0.0055s ]
SQL: SELECT t1.* FROM food t1 left join restaurant t2  on t1.res_id=t2.id  WHERE ( t2.res_city like '%广安市%' )  [ RunTime:0.0005s ]

[ 2017-11-14T18:16:09+08:00 ] 127.0.0.1 /index.php/Home/Index/foodRes
INFO: [ app_begin ] --START--
INFO: Run Behavior\ReadHtmlCacheBehavior [ RunTime:0.000957s ]
INFO: [ app_begin ] --END-- [ RunTime:0.001487s ]
SQL: SHOW COLUMNS FROM `food` [ RunTime:0.0050s ]
SQL: SELECT t1.food_name,t2.* FROM food t1 left join restaurant t2  on t1.res_id=t2.id  WHERE ( t2.res_city like '%运城市%' )  [ RunTime:0.0006s ]

[ 2017-11-14T18:16:10+08:00 ] 127.0.0.1 /index.php/Home/Index/foodRes
INFO: [ app_begin ] --START--
INFO: Run Behavior\ReadHtmlCacheBehavior [ RunTime:0.000730s ]
INFO: [ app_begin ] --END-- [ RunTime:0.001226s ]
SQL: SHOW COLUMNS FROM `food` [ RunTime:0.0051s ]
SQL: SELECT t1.food_name,t2.* FROM food t1 left join restaurant t2  on t1.res_id=t2.id  WHERE ( t2.res_city like '%武汉%' )  [ RunTime:0.0007s ]

[ 2017-11-14T18:16:11+08:00 ] 127.0.0.1 /index.php/Home/Index/foodRes
INFO: [ app_begin ] --START--
INFO: Run Behavior\ReadHtmlCacheBehavior [ RunTime:0.000943s ]
INFO: [ app_begin ] --END-- [ RunTime:0.001488s ]
SQL: SHOW COLUMNS FROM `food` [ RunTime:0.0050s ]
SQL: SELECT t1.food_name,t2.* FROM food t1 left join restaurant t2  on t1.res_id=t2.id  WHERE ( t2.res_city like '%广安市%' )  [ RunTime:0.0006s ]

[ 2017-11-14T18:16:14+08:00 ] 127.0.0.1 /index.php/Home/Index/foodRes
INFO: [ app_begin ] --START--
INFO: Run Behavior\ReadHtmlCacheBehavior [ RunTime:0.000988s ]
INFO: [ app_begin ] --END-- [ RunTime:0.001467s ]
SQL: SHOW COLUMNS FROM `food` [ RunTime:0.0251s ]
SQL: SELECT t1.food_name,t2.* FROM food t1 left join restaurant t2  on t1.res_id=t2.id  WHERE ( t2.res_city like '%广安市%' )  [ RunTime:0.0006s ]

[ 2017-11-14T18:16:15+08:00 ] 127.0.0.1 /index.php/Home/Index/foodRes
INFO: [ app_begin ] --START--
INFO: Run Behavior\ReadHtmlCacheBehavior [ RunTime:0.000739s ]
INFO: [ app_begin ] --END-- [ RunTime:0.001240s ]
SQL: SHOW COLUMNS FROM `food` [ RunTime:0.0057s ]
SQL: SELECT t1.food_name,t2.* FROM food t1 left join restaurant t2  on t1.res_id=t2.id  WHERE ( t2.res_city like '%武汉%' )  [ RunTime:0.0007s ]

[ 2017-11-14T18:16:16+08:00 ] 127.0.0.1 /index.php/Home/Index/foodRes
INFO: [ app_begin ] --START--
INFO: Run Behavior\ReadHtmlCacheBehavior [ RunTime:0.000730s ]
INFO: [ app_begin ] --END-- [ RunTime:0.001205s ]
SQL: SHOW COLUMNS FROM `food` [ RunTime:0.0052s ]
SQL: SELECT t1.food_name,t2.* FROM food t1 left join restaurant t2  on t1.res_id=t2.id  WHERE ( t2.res_city like '%运城市%' )  [ RunTime:0.0008s ]

[ 2017-11-14T18:16:21+08:00 ] 127.0.0.1 /index.php/Home/Index/foodRes
INFO: [ app_begin ] --START--
INFO: Run Behavior\ReadHtmlCacheBehavior [ RunTime:0.000928s ]
INFO: [ app_begin ] --END-- [ RunTime:0.001478s ]
SQL: SHOW COLUMNS FROM `food` [ RunTime:0.0036s ]
SQL: SELECT t1.food_name,t2.* FROM food t1 left join restaurant t2  on t1.res_id=t2.id  WHERE ( t2.res_city like '%运城市%' )  [ RunTime:0.0006s ]

[ 2017-11-14T18:16:25+08:00 ] 127.0.0.1 /index.php/Home/Index/foodRes
INFO: [ app_begin ] --START--
INFO: Run Behavior\ReadHtmlCacheBehavior [ RunTime:0.000867s ]
INFO: [ app_begin ] --END-- [ RunTime:0.001328s ]
SQL: SHOW COLUMNS FROM `food` [ RunTime:0.0039s ]
SQL: SELECT t1.food_name,t2.* FROM food t1 left join restaurant t2  on t1.res_id=t2.id  WHERE ( t2.res_city like '%广安市%' )  [ RunTime:0.0006s ]

[ 2017-11-14T18:16:31+08:00 ] 127.0.0.1 /index.php/Home/Index/foodRes
INFO: [ app_begin ] --START--
INFO: Run Behavior\ReadHtmlCacheBehavior [ RunTime:0.001141s ]
INFO: [ app_begin ] --END-- [ RunTime:0.002003s ]
SQL: SHOW COLUMNS FROM `food` [ RunTime:0.0055s ]
SQL: SELECT t1.food_name,t2.* FROM food t1 left join restaurant t2  on t1.res_id=t2.id  WHERE ( t2.res_city like '%运城市%' )  [ RunTime:0.0005s ]

[ 2017-11-14T18:19:05+08:00 ] 127.0.0.1 /index.php/Home/Index/foodRes
INFO: [ app_begin ] --START--
INFO: Run Behavior\ReadHtmlCacheBehavior [ RunTime:0.001159s ]
INFO: [ app_begin ] --END-- [ RunTime:0.001720s ]
SQL: SHOW COLUMNS FROM `food` [ RunTime:0.0059s ]
SQL: SELECT t1.food_name,t2.* FROM food t1 left join restaurant t2  on t1.res_id=t2.id  WHERE ( t2.res_city like '%广安市%' )  [ RunTime:0.0012s ]

[ 2017-11-14T18:19:08+08:00 ] 127.0.0.1 /index.php/Home/Index/foodRes
INFO: [ app_begin ] --START--
INFO: Run Behavior\ReadHtmlCacheBehavior [ RunTime:0.000951s ]
INFO: [ app_begin ] --END-- [ RunTime:0.001462s ]
SQL: SHOW COLUMNS FROM `food` [ RunTime:0.0059s ]
SQL: SELECT t1.food_name,t2.* FROM food t1 left join restaurant t2  on t1.res_id=t2.id  WHERE ( t2.res_city like '%运城市%' )  [ RunTime:0.0006s ]

[ 2017-11-14T18:19:15+08:00 ] 127.0.0.1 /index.php/Home/Index/foodRes
INFO: [ app_begin ] --START--
INFO: Run Behavior\ReadHtmlCacheBehavior [ RunTime:0.000963s ]
INFO: [ app_begin ] --END-- [ RunTime:0.001527s ]
SQL: SHOW COLUMNS FROM `food` [ RunTime:0.0050s ]
SQL: SELECT t1.food_name,t2.* FROM food t1 left join restaurant t2  on t1.res_id=t2.id  WHERE ( t2.res_city like '%武汉%' )  [ RunTime:0.0005s ]

[ 2017-11-14T18:20:26+08:00 ] 127.0.0.1 /index.php/Home/Index/foodRes
INFO: [ app_begin ] --START--
INFO: Run Behavior\ReadHtmlCacheBehavior [ RunTime:0.000949s ]
INFO: [ app_begin ] --END-- [ RunTime:0.001493s ]
SQL: SHOW COLUMNS FROM `food` [ RunTime:0.0061s ]
SQL: SELECT t1.food_name,t2.* FROM food t1 left join restaurant t2  on t1.res_id=t2.id  WHERE ( t2.res_city like '%广安市%' )  [ RunTime:0.0006s ]

[ 2017-11-14T18:23:06+08:00 ] 127.0.0.1 /index.php/Home/Res/restocart
INFO: [ app_begin ] --START--
INFO: Run Behavior\ReadHtmlCacheBehavior [ RunTime:0.000708s ]
INFO: [ app_begin ] --END-- [ RunTime:0.001138s ]

[ 2017-11-14T18:25:34+08:00 ] 127.0.0.1 /index.php/Home/Cart/change_food
INFO: [ app_begin ] --START--
INFO: Run Behavior\ReadHtmlCacheBehavior [ RunTime:0.000710s ]
INFO: [ app_begin ] --END-- [ RunTime:0.001152s ]
SQL: SHOW COLUMNS FROM `cart` [ RunTime:0.0050s ]
SQL: UPDATE `cart` SET `id`='50',`num`='1' WHERE ( id=50 ) [ RunTime:0.0466s ]

[ 2017-11-14T18:25:40+08:00 ] 127.0.0.1 /index.php/Home/Fdorder/flowgoods
INFO: [ app_begin ] --START--
INFO: Run Behavior\ReadHtmlCacheBehavior [ RunTime:0.001094s ]
INFO: [ app_begin ] --END-- [ RunTime:0.001670s ]
SQL: SHOW COLUMNS FROM `user` [ RunTime:0.0054s ]
SQL: SELECT * FROM `user` WHERE ( id=1 ) LIMIT 1   [ RunTime:0.0004s ]
SQL: UPDATE `user` SET `grade_num`='8695' WHERE ( id=1 ) [ RunTime:0.0541s ]
SQL: SHOW COLUMNS FROM `address` [ RunTime:0.0277s ]
SQL: SELECT * FROM `address` WHERE ( id=1 ) LIMIT 1   [ RunTime:0.0003s ]
SQL: SHOW COLUMNS FROM `fdorder` [ RunTime:0.0038s ]
NOTIC: [8] Undefined index: validate E:\orderspace\order\ThinkPHP\Library\Think\Model.class.php 第 1185 行.
NOTIC: [8] Undefined index: auto E:\orderspace\order\ThinkPHP\Library\Think\Model.class.php 第 1128 行.
SQL: INSERT INTO `fdorder` (`user_id`,`address_id`,`foods_name`,`address_name`,`order_price`,`order_status`,`is_food`,`order_time`,`order_id`) VALUES ('1','1','积分3','fds上街43号','13','1','0','2017-11-14 18:25:40','1510655140') [ RunTime:0.0309s ]

[ 2017-11-14T23:26:17+08:00 ] 127.0.0.1 /index.php/Home/Res/restocart
INFO: [ app_begin ] --START--
INFO: Run Behavior\ReadHtmlCacheBehavior [ RunTime:0.000913s ]
INFO: [ app_begin ] --END-- [ RunTime:0.001498s ]

[ 2017-11-14T23:27:09+08:00 ] 127.0.0.1 /index.php/Home/Res/restocart
INFO: [ app_begin ] --START--
INFO: Run Behavior\ReadHtmlCacheBehavior [ RunTime:0.000800s ]
INFO: [ app_begin ] --END-- [ RunTime:0.001374s ]
SQL: SHOW COLUMNS FROM `cart` [ RunTime:0.0054s ]
SQL: SHOW COLUMNS FROM `cart` [ RunTime:0.0038s ]
SQL: SELECT * FROM `cart` WHERE `user_id` = '17' AND `food_id` = '4' AND `is_order` = 0 LIMIT 1   [ RunTime:0.0005s ]
SQL: UPDATE `cart` SET `user_id`='17',`food_id`='4',`num`='2',`is_food`='0',`is_order`='0' WHERE `id` = 52 [ RunTime:0.0534s ]

[ 2017-11-14T23:27:21+08:00 ] 127.0.0.1 /index.php/Home/Fdorder/flowgoods
INFO: [ app_begin ] --START--
INFO: Run Behavior\ReadHtmlCacheBehavior [ RunTime:0.000781s ]
INFO: [ app_begin ] --END-- [ RunTime:0.001329s ]
SQL: SHOW COLUMNS FROM `user` [ RunTime:0.0058s ]
SQL: SELECT * FROM `user` WHERE ( id=1 ) LIMIT 1   [ RunTime:0.0005s ]
SQL: UPDATE `user` SET `grade_num`='8667' WHERE ( id=1 ) [ RunTime:0.0463s ]
SQL: SHOW COLUMNS FROM `address` [ RunTime:0.0042s ]
SQL: SELECT * FROM `address` WHERE ( id=1 ) LIMIT 1   [ RunTime:0.0004s ]
SQL: SHOW COLUMNS FROM `fdorder` [ RunTime:0.0044s ]
NOTIC: [8] Undefined index: validate E:\orderspace\order\ThinkPHP\Library\Think\Model.class.php 第 1185 行.
NOTIC: [8] Undefined index: auto E:\orderspace\order\ThinkPHP\Library\Think\Model.class.php 第 1128 行.
SQL: INSERT INTO `fdorder` (`user_id`,`address_id`,`foods_name`,`address_name`,`order_price`,`order_status`,`is_food`,`order_time`,`order_id`) VALUES ('1','1','积分4','fds上街43号','28','1','0','2017-11-14 23:27:21','1510673241') [ RunTime:0.0309s ]

[ 2017-11-14T23:27:37+08:00 ] 127.0.0.1 /index.php/Home/Res/restocart
INFO: [ app_begin ] --START--
INFO: Run Behavior\ReadHtmlCacheBehavior [ RunTime:0.000781s ]
INFO: [ app_begin ] --END-- [ RunTime:0.001285s ]
SQL: SHOW COLUMNS FROM `cart` [ RunTime:0.0061s ]
SQL: SHOW COLUMNS FROM `cart` [ RunTime:0.0039s ]
SQL: SELECT * FROM `cart` WHERE `user_id` = '17' AND `food_id` = '4' AND `is_order` = 0 LIMIT 1   [ RunTime:0.0004s ]
SQL: INSERT INTO `cart` (`user_id`,`food_id`,`is_food`,`num`) VALUES ('17','4','1','1') [ RunTime:0.0465s ]

[ 2017-11-14T23:27:38+08:00 ] 127.0.0.1 /index.php/Home/Res/restocart
INFO: [ app_begin ] --START--
INFO: Run Behavior\ReadHtmlCacheBehavior [ RunTime:0.000792s ]
INFO: [ app_begin ] --END-- [ RunTime:0.001358s ]
SQL: SHOW COLUMNS FROM `cart` [ RunTime:0.0058s ]
SQL: SHOW COLUMNS FROM `cart` [ RunTime:0.0039s ]
SQL: SELECT * FROM `cart` WHERE `user_id` = '17' AND `food_id` = '4' AND `is_order` = 0 LIMIT 1   [ RunTime:0.0005s ]
SQL: UPDATE `cart` SET `user_id`='17',`food_id`='4',`num`='2',`is_food`='1',`is_order`='0' WHERE `id` = 53 [ RunTime:0.0479s ]

[ 2017-11-14T23:27:39+08:00 ] 127.0.0.1 /index.php/Home/Res/restocart
INFO: [ app_begin ] --START--
INFO: Run Behavior\ReadHtmlCacheBehavior [ RunTime:0.001037s ]
INFO: [ app_begin ] --END-- [ RunTime:0.001641s ]
SQL: SHOW COLUMNS FROM `cart` [ RunTime:0.0054s ]
SQL: SHOW COLUMNS FROM `cart` [ RunTime:0.0043s ]
SQL: SELECT * FROM `cart` WHERE `user_id` = '17' AND `food_id` = '4' AND `is_order` = 0 LIMIT 1   [ RunTime:0.0005s ]
SQL: UPDATE `cart` SET `user_id`='17',`food_id`='4',`num`='3',`is_food`='1',`is_order`='0' WHERE `id` = 53 [ RunTime:0.0444s ]

