[ 2017-11-09T08:35:31+08:00 ] 127.0.0.1 /index.php/Home/Res/restocart
INFO: [ app_begin ] --START--
INFO: Run Behavior\ReadHtmlCacheBehavior [ RunTime:0.000798s ]
INFO: [ app_begin ] --END-- [ RunTime:0.001314s ]

[ 2017-11-09T08:35:32+08:00 ] 127.0.0.1 /index.php/Home/Res/restocart
INFO: [ app_begin ] --START--
INFO: Run Behavior\ReadHtmlCacheBehavior [ RunTime:0.000703s ]
INFO: [ app_begin ] --END-- [ RunTime:0.001156s ]

[ 2017-11-09T08:43:19+08:00 ] 127.0.0.1 /index.php/Home/Res/restocart
INFO: [ app_begin ] --START--
INFO: Run Behavior\ReadHtmlCacheBehavior [ RunTime:0.000809s ]
INFO: [ app_begin ] --END-- [ RunTime:0.001319s ]

[ 2017-11-09T08:43:20+08:00 ] 127.0.0.1 /index.php/Home/Res/restocart
INFO: [ app_begin ] --START--
INFO: Run Behavior\ReadHtmlCacheBehavior [ RunTime:0.000670s ]
INFO: [ app_begin ] --END-- [ RunTime:0.001126s ]

[ 2017-11-09T08:56:05+08:00 ] 127.0.0.1 /index.php/Home/Res/restocart
INFO: [ app_begin ] --START--
INFO: Run Behavior\ReadHtmlCacheBehavior [ RunTime:0.000725s ]
INFO: [ app_begin ] --END-- [ RunTime:0.001197s ]

[ 2017-11-09T09:00:44+08:00 ] 127.0.0.1 /index.php/Home/Res/restocart
INFO: [ app_begin ] --START--
INFO: Run Behavior\ReadHtmlCacheBehavior [ RunTime:0.000888s ]
INFO: [ app_begin ] --END-- [ RunTime:0.001354s ]

[ 2017-11-09T09:00:45+08:00 ] 127.0.0.1 /index.php/Home/Res/restocart
INFO: [ app_begin ] --START--
INFO: Run Behavior\ReadHtmlCacheBehavior [ RunTime:0.000831s ]
INFO: [ app_begin ] --END-- [ RunTime:0.001312s ]

[ 2017-11-09T09:00:45+08:00 ] 127.0.0.1 /index.php/Home/Res/restocart
INFO: [ app_begin ] --START--
INFO: Run Behavior\ReadHtmlCacheBehavior [ RunTime:0.000730s ]
INFO: [ app_begin ] --END-- [ RunTime:0.001250s ]

[ 2017-11-09T09:00:45+08:00 ] 127.0.0.1 /index.php/Home/Res/restocart
INFO: [ app_begin ] --START--
INFO: Run Behavior\ReadHtmlCacheBehavior [ RunTime:0.000708s ]
INFO: [ app_begin ] --END-- [ RunTime:0.001204s ]

[ 2017-11-09T14:18:46+08:00 ] 127.0.0.1 /index.php/Home/Res/index.html
INFO: [ app_begin ] --START--
INFO: Run Behavior\ReadHtmlCacheBehavior [ RunTime:0.001046s ]
INFO: [ app_begin ] --END-- [ RunTime:0.001733s ]
SQL: SHOW COLUMNS FROM `restaurant` [ RunTime:0.0042s ]
SQL: SELECT * FROM `restaurant` WHERE ( res_price<20 and res_price>0 )  [ RunTime:0.0006s ]
ERR: Think\Controller:ajaxRerurn方法不存在！

[ 2017-11-09T14:18:52+08:00 ] 127.0.0.1 /index.php/Home/Res/index.html
INFO: [ app_begin ] --START--
INFO: Run Behavior\ReadHtmlCacheBehavior [ RunTime:0.000714s ]
INFO: [ app_begin ] --END-- [ RunTime:0.001189s ]
SQL: SHOW COLUMNS FROM `restaurant` [ RunTime:0.0049s ]
SQL: SELECT * FROM `restaurant` WHERE ( res_price<20 and res_price>0 )  [ RunTime:0.0007s ]
ERR: Think\Controller:ajaxRerurn方法不存在！

[ 2017-11-09T14:18:59+08:00 ] 127.0.0.1 /index.php/Home/Res/index.html
INFO: [ app_begin ] --START--
INFO: Run Behavior\ReadHtmlCacheBehavior [ RunTime:0.000805s ]
INFO: [ app_begin ] --END-- [ RunTime:0.001289s ]
SQL: SHOW COLUMNS FROM `restaurant` [ RunTime:0.0053s ]
SQL: SELECT * FROM `restaurant` WHERE ( res_price<20 and res_price>0 )  [ RunTime:0.0005s ]
ERR: Think\Controller:ajaxRerurn方法不存在！

[ 2017-11-09T14:19:02+08:00 ] 127.0.0.1 /index.php/Home/Res/index.html
INFO: [ app_begin ] --START--
INFO: Run Behavior\ReadHtmlCacheBehavior [ RunTime:0.000688s ]
INFO: [ app_begin ] --END-- [ RunTime:0.001133s ]
SQL: SHOW COLUMNS FROM `restaurant` [ RunTime:0.0051s ]
SQL: SELECT * FROM `restaurant` WHERE ( res_price<20 and res_price>0 )  [ RunTime:0.0005s ]
ERR: Think\Controller:ajaxRerurn方法不存在！

[ 2017-11-09T14:20:13+08:00 ] 127.0.0.1 /index.php/Home/Res/restocart
INFO: [ app_begin ] --START--
INFO: Run Behavior\ReadHtmlCacheBehavior [ RunTime:0.000869s ]
INFO: [ app_begin ] --END-- [ RunTime:0.001394s ]

[ 2017-11-09T14:20:14+08:00 ] 127.0.0.1 /index.php/Home/Res/restocart
INFO: [ app_begin ] --START--
INFO: Run Behavior\ReadHtmlCacheBehavior [ RunTime:0.000870s ]
INFO: [ app_begin ] --END-- [ RunTime:0.001504s ]

[ 2017-11-09T14:20:15+08:00 ] 127.0.0.1 /index.php/Home/Res/restocart
INFO: [ app_begin ] --START--
INFO: Run Behavior\ReadHtmlCacheBehavior [ RunTime:0.000685s ]
INFO: [ app_begin ] --END-- [ RunTime:0.001159s ]

[ 2017-11-09T14:20:16+08:00 ] 127.0.0.1 /index.php/Home/Res/restocart
INFO: [ app_begin ] --START--
INFO: Run Behavior\ReadHtmlCacheBehavior [ RunTime:0.000719s ]
INFO: [ app_begin ] --END-- [ RunTime:0.001198s ]

[ 2017-11-09T19:25:00+08:00 ] 127.0.0.1 /index.php/Home/Res/index.html
INFO: [ app_begin ] --START--
INFO: Run Behavior\ReadHtmlCacheBehavior [ RunTime:0.000643s ]
INFO: [ app_begin ] --END-- [ RunTime:0.001088s ]
SQL: SHOW COLUMNS FROM `restaurant` [ RunTime:0.0053s ]
SQL: SELECT * FROM `restaurant` WHERE ( res_price<20 and res_price>0 )  [ RunTime:0.0005s ]
ERR: Think\Controller:ajaxRerurn方法不存在！

[ 2017-11-09T19:38:13+08:00 ] 127.0.0.1 /index.php/Home/Res/index.html
INFO: [ app_begin ] --START--
INFO: Run Behavior\ReadHtmlCacheBehavior [ RunTime:0.000736s ]
INFO: [ app_begin ] --END-- [ RunTime:0.001279s ]
SQL: SHOW COLUMNS FROM `restaurant` [ RunTime:0.0059s ]
SQL: SELECT * FROM `restaurant` WHERE ( res_price<20 and res_price>0 )  [ RunTime:0.0007s ]
ERR: Think\Controller:ajaxRerurn方法不存在！

[ 2017-11-09T19:38:49+08:00 ] 127.0.0.1 /index.php/Home/Res/index.html
INFO: [ app_begin ] --START--
INFO: Run Behavior\ReadHtmlCacheBehavior [ RunTime:0.000781s ]
INFO: [ app_begin ] --END-- [ RunTime:0.001297s ]
SQL: SHOW COLUMNS FROM `restaurant` [ RunTime:0.0053s ]
SQL: SELECT * FROM `restaurant` WHERE ( res_price<20 and res_price>0 )  [ RunTime:0.0006s ]
ERR: Think\Controller:ajaxRerurn方法不存在！

[ 2017-11-09T19:39:38+08:00 ] 127.0.0.1 /index.php/Home/Res/index.html
INFO: [ app_begin ] --START--
INFO: Run Behavior\ReadHtmlCacheBehavior [ RunTime:0.000887s ]
INFO: [ app_begin ] --END-- [ RunTime:0.001352s ]
SQL: SHOW COLUMNS FROM `restaurant` [ RunTime:0.0038s ]
SQL: SELECT * FROM `restaurant` WHERE ( res_price<20 and res_price>0 )  [ RunTime:0.0006s ]
ERR: Think\Controller:ajaxRerurn方法不存在！

[ 2017-11-09T20:24:56+08:00 ] 127.0.0.1 /index.php/Home/Res/restdeet
INFO: [ app_begin ] --START--
INFO: Run Behavior\ReadHtmlCacheBehavior [ RunTime:0.000636s ]
INFO: [ app_begin ] --END-- [ RunTime:0.001123s ]
SQL: SHOW COLUMNS FROM `restaurant` [ RunTime:0.0056s ]
ERR: 1054:Unknown column 'goods_grade' in 'where clause'
 [ SQL语句 ] : SELECT * FROM `restaurant` WHERE (  `goods_grade` <= '20' ) 
ERR: 1054:Unknown column 'goods_grade' in 'where clause'
 [ SQL语句 ] : SELECT * FROM `restaurant` WHERE (  `goods_grade` <= '20' ) 

[ 2017-11-09T20:25:44+08:00 ] 127.0.0.1 /index.php/Home/Res/restdeet
INFO: [ app_begin ] --START--
INFO: Run Behavior\ReadHtmlCacheBehavior [ RunTime:0.000626s ]
INFO: [ app_begin ] --END-- [ RunTime:0.001064s ]
SQL: SHOW COLUMNS FROM `restaurant` [ RunTime:0.0052s ]
ERR: 1054:Unknown column 'goods_grade' in 'where clause'
 [ SQL语句 ] : SELECT * FROM `restaurant` WHERE (  `goods_grade` <= '40' ) 
ERR: 1054:Unknown column 'goods_grade' in 'where clause'
 [ SQL语句 ] : SELECT * FROM `restaurant` WHERE (  `goods_grade` <= '40' ) 

[ 2017-11-09T20:26:16+08:00 ] 127.0.0.1 /index.php/Home/Res/restdeet
INFO: [ app_begin ] --START--
INFO: Run Behavior\ReadHtmlCacheBehavior [ RunTime:0.000790s ]
INFO: [ app_begin ] --END-- [ RunTime:0.001506s ]
SQL: SHOW COLUMNS FROM `restaurant` [ RunTime:0.0054s ]
SQL: SELECT * FROM `restaurant` WHERE `res_price` >= '1' AND (  `res_price` <= '20' )  [ RunTime:0.0005s ]

