[ 2017-11-10T08:47:22+08:00 ] 127.0.0.1 /index.php/Home/Res/restocart
INFO: [ app_begin ] --START--
INFO: Run Behavior\ReadHtmlCacheBehavior [ RunTime:0.000822s ]
INFO: [ app_begin ] --END-- [ RunTime:0.001348s ]

[ 2017-11-10T08:47:23+08:00 ] 127.0.0.1 /index.php/Home/Res/restocart
INFO: [ app_begin ] --START--
INFO: Run Behavior\ReadHtmlCacheBehavior [ RunTime:0.000722s ]
INFO: [ app_begin ] --END-- [ RunTime:0.001216s ]

[ 2017-11-10T18:10:21+08:00 ] 127.0.0.1 /index.php/Home/Res/restdeet
INFO: [ app_begin ] --START--
INFO: Run Behavior\ReadHtmlCacheBehavior [ RunTime:0.000746s ]
INFO: [ app_begin ] --END-- [ RunTime:0.001213s ]
SQL: SHOW COLUMNS FROM `restaurant` [ RunTime:0.0044s ]
SQL: SELECT * FROM `restaurant` WHERE `res_price` >= '1' AND (  `res_price` <= '20' )  [ RunTime:0.0005s ]

[ 2017-11-10T18:10:22+08:00 ] 127.0.0.1 /index.php/Home/Res/restdeet
INFO: [ app_begin ] --START--
INFO: Run Behavior\ReadHtmlCacheBehavior [ RunTime:0.000679s ]
INFO: [ app_begin ] --END-- [ RunTime:0.001176s ]
SQL: SHOW COLUMNS FROM `restaurant` [ RunTime:0.0037s ]
SQL: SELECT * FROM `restaurant` WHERE `res_price` >= '20' AND (  `res_price` <= '40' )  [ RunTime:0.0005s ]

[ 2017-11-10T18:10:23+08:00 ] 127.0.0.1 /index.php/Home/Res/restdeet
INFO: [ app_begin ] --START--
INFO: Run Behavior\ReadHtmlCacheBehavior [ RunTime:0.000736s ]
INFO: [ app_begin ] --END-- [ RunTime:0.001242s ]
SQL: SHOW COLUMNS FROM `restaurant` [ RunTime:0.0036s ]
SQL: SELECT * FROM `restaurant` WHERE `res_price` >= '40' AND (  `res_price` <= '60' )  [ RunTime:0.0005s ]

[ 2017-11-10T18:10:24+08:00 ] 127.0.0.1 /index.php/Home/Res/restdeet
INFO: [ app_begin ] --START--
INFO: Run Behavior\ReadHtmlCacheBehavior [ RunTime:0.000723s ]
INFO: [ app_begin ] --END-- [ RunTime:0.001219s ]
SQL: SHOW COLUMNS FROM `restaurant` [ RunTime:0.0037s ]
SQL: SELECT * FROM `restaurant` WHERE `res_price` >= '60' AND (  `res_price` <= '80' )  [ RunTime:0.0005s ]

[ 2017-11-10T18:10:26+08:00 ] 127.0.0.1 /index.php/Home/Res/restdeet
INFO: [ app_begin ] --START--
INFO: Run Behavior\ReadHtmlCacheBehavior [ RunTime:0.000816s ]
INFO: [ app_begin ] --END-- [ RunTime:0.001472s ]
SQL: SHOW COLUMNS FROM `restaurant` [ RunTime:0.0057s ]
SQL: SELECT * FROM `restaurant` WHERE `res_price` >= '1' AND (  `res_price` <= '20' )  [ RunTime:0.0005s ]

[ 2017-11-10T18:10:28+08:00 ] 127.0.0.1 /index.php/Home/Res/restdeet
INFO: [ app_begin ] --START--
INFO: Run Behavior\ReadHtmlCacheBehavior [ RunTime:0.000674s ]
INFO: [ app_begin ] --END-- [ RunTime:0.001166s ]
SQL: SHOW COLUMNS FROM `restaurant` [ RunTime:0.0040s ]
SQL: SELECT * FROM `restaurant` WHERE `res_price` >= '20' AND (  `res_price` <= '40' )  [ RunTime:0.0005s ]

[ 2017-11-10T18:10:30+08:00 ] 127.0.0.1 /index.php/Home/Res/restdeet
INFO: [ app_begin ] --START--
INFO: Run Behavior\ReadHtmlCacheBehavior [ RunTime:0.000732s ]
INFO: [ app_begin ] --END-- [ RunTime:0.001229s ]
SQL: SHOW COLUMNS FROM `restaurant` [ RunTime:0.0060s ]
SQL: SELECT * FROM `restaurant` WHERE `res_price` >= '40' AND (  `res_price` <= '60' )  [ RunTime:0.0005s ]

[ 2017-11-10T18:10:33+08:00 ] 127.0.0.1 /index.php/Home/Res/restdeet
INFO: [ app_begin ] --START--
INFO: Run Behavior\ReadHtmlCacheBehavior [ RunTime:0.000718s ]
INFO: [ app_begin ] --END-- [ RunTime:0.001217s ]
SQL: SHOW COLUMNS FROM `restaurant` [ RunTime:0.0229s ]
SQL: SELECT * FROM `restaurant` WHERE `res_price` >= '60' AND (  `res_price` <= '80' )  [ RunTime:0.0006s ]

[ 2017-11-10T18:10:34+08:00 ] 127.0.0.1 /index.php/Home/Res/restdeet
INFO: [ app_begin ] --START--
INFO: Run Behavior\ReadHtmlCacheBehavior [ RunTime:0.000630s ]
INFO: [ app_begin ] --END-- [ RunTime:0.001059s ]
SQL: SHOW COLUMNS FROM `restaurant` [ RunTime:0.0054s ]
SQL: SELECT * FROM `restaurant` WHERE `res_price` >= '80' AND (  `res_price` <= '100' )  [ RunTime:0.0005s ]

[ 2017-11-10T18:11:02+08:00 ] 127.0.0.1 /index.php/Home/Res/__CONTROLLER__/detail/id/14
ERR: 非法操作:__CONTROLLER__

[ 2017-11-10T20:31:34+08:00 ] 127.0.0.1 /index.php/Home/Res/restocart
INFO: [ app_begin ] --START--
INFO: Run Behavior\ReadHtmlCacheBehavior [ RunTime:0.000893s ]
INFO: [ app_begin ] --END-- [ RunTime:0.001362s ]

[ 2017-11-10T20:33:01+08:00 ] 127.0.0.1 /index.php/Home/Res/restocart
INFO: [ app_begin ] --START--
INFO: Run Behavior\ReadHtmlCacheBehavior [ RunTime:0.000795s ]
INFO: [ app_begin ] --END-- [ RunTime:0.001338s ]

[ 2017-11-10T20:34:02+08:00 ] 127.0.0.1 /index.php/Home/Res/restocart
INFO: [ app_begin ] --START--
INFO: Run Behavior\ReadHtmlCacheBehavior [ RunTime:0.000799s ]
INFO: [ app_begin ] --END-- [ RunTime:0.001284s ]

[ 2017-11-10T20:36:36+08:00 ] 127.0.0.1 /index.php/Home/Res/restocart
INFO: [ app_begin ] --START--
INFO: Run Behavior\ReadHtmlCacheBehavior [ RunTime:0.000810s ]
INFO: [ app_begin ] --END-- [ RunTime:0.001295s ]
INFO: [ app_end ] --START--
INFO: Run Behavior\ShowPageTraceBehavior [ RunTime:0.000742s ]
INFO: [ app_end ] --END-- [ RunTime:0.000789s ]

[ 2017-11-10T20:56:01+08:00 ] 127.0.0.1 /index.php/Home/Res/restocart
INFO: [ app_begin ] --START--
INFO: Run Behavior\ReadHtmlCacheBehavior [ RunTime:0.000784s ]
INFO: [ app_begin ] --END-- [ RunTime:0.001273s ]
SQL: SHOW COLUMNS FROM `cart` [ RunTime:0.0048s ]
ERR: 1364:Field 'food_id' doesn't have a default value
 [ SQL语句 ] : INSERT INTO `cart` (`user_id`) VALUES ('1')
ERR: 1364:Field 'food_id' doesn't have a default value
 [ SQL语句 ] : INSERT INTO `cart` (`user_id`) VALUES ('1')

[ 2017-11-10T20:56:12+08:00 ] 127.0.0.1 /index.php/Home/Res/restocart
INFO: [ app_begin ] --START--
INFO: Run Behavior\ReadHtmlCacheBehavior [ RunTime:0.000775s ]
INFO: [ app_begin ] --END-- [ RunTime:0.001220s ]
SQL: SHOW COLUMNS FROM `cart` [ RunTime:0.0055s ]
ERR: 1364:Field 'food_id' doesn't have a default value
 [ SQL语句 ] : INSERT INTO `cart` (`user_id`) VALUES ('1')
ERR: 1364:Field 'food_id' doesn't have a default value
 [ SQL语句 ] : INSERT INTO `cart` (`user_id`) VALUES ('1')

[ 2017-11-10T21:01:25+08:00 ] 127.0.0.1 /index.php/Home/Res/restocart
INFO: [ app_begin ] --START--
INFO: Run Behavior\ReadHtmlCacheBehavior [ RunTime:0.000822s ]
INFO: [ app_begin ] --END-- [ RunTime:0.001295s ]
NOTIC: [8] Undefined offset: 2 E:\orderspace\order\Application\Home\Controller\ResController.class.php 第 112 行.
SQL: SHOW COLUMNS FROM `cart` [ RunTime:0.0110s ]
ERR: 1364:Field 'food_id' doesn't have a default value
 [ SQL语句 ] : INSERT INTO `cart` (`user_id`,`is_food`) VALUES ('1',NULL)
ERR: 1364:Field 'food_id' doesn't have a default value
 [ SQL语句 ] : INSERT INTO `cart` (`user_id`,`is_food`) VALUES ('1',NULL)

[ 2017-11-10T21:06:59+08:00 ] 127.0.0.1 /index.php/Home/Res/restocart
INFO: [ app_begin ] --START--
INFO: Run Behavior\ReadHtmlCacheBehavior [ RunTime:0.000800s ]
INFO: [ app_begin ] --END-- [ RunTime:0.001287s ]
INFO: [ app_end ] --START--
INFO: Run Behavior\ShowPageTraceBehavior [ RunTime:0.000824s ]
INFO: [ app_end ] --END-- [ RunTime:0.000871s ]

[ 2017-11-10T21:10:01+08:00 ] 127.0.0.1 /index.php/Home/Res/restocart
INFO: [ app_begin ] --START--
INFO: Run Behavior\ReadHtmlCacheBehavior [ RunTime:0.000763s ]
INFO: [ app_begin ] --END-- [ RunTime:0.001211s ]
NOTIC: [8] Undefined offset: 2 E:\orderspace\order\Application\Home\Controller\ResController.class.php 第 109 行.
SQL: SHOW COLUMNS FROM `cart` [ RunTime:0.0046s ]
ERR: 1364:Field 'food_id' doesn't have a default value
 [ SQL语句 ] : INSERT INTO `cart` (`user_id`,`is_food`) VALUES ('1',NULL)
ERR: 1364:Field 'food_id' doesn't have a default value
 [ SQL语句 ] : INSERT INTO `cart` (`user_id`,`is_food`) VALUES ('1',NULL)

[ 2017-11-10T21:10:02+08:00 ] 127.0.0.1 /index.php/Home/Res/restocart
INFO: [ app_begin ] --START--
INFO: Run Behavior\ReadHtmlCacheBehavior [ RunTime:0.000801s ]
INFO: [ app_begin ] --END-- [ RunTime:0.001312s ]
NOTIC: [8] Undefined offset: 2 E:\orderspace\order\Application\Home\Controller\ResController.class.php 第 109 行.
SQL: SHOW COLUMNS FROM `cart` [ RunTime:0.0048s ]
ERR: 1364:Field 'food_id' doesn't have a default value
 [ SQL语句 ] : INSERT INTO `cart` (`user_id`,`is_food`) VALUES ('1',NULL)
ERR: 1364:Field 'food_id' doesn't have a default value
 [ SQL语句 ] : INSERT INTO `cart` (`user_id`,`is_food`) VALUES ('1',NULL)

[ 2017-11-10T21:10:03+08:00 ] 127.0.0.1 /index.php/Home/Res/restocart
INFO: [ app_begin ] --START--
INFO: Run Behavior\ReadHtmlCacheBehavior [ RunTime:0.000826s ]
INFO: [ app_begin ] --END-- [ RunTime:0.001388s ]
NOTIC: [8] Undefined offset: 2 E:\orderspace\order\Application\Home\Controller\ResController.class.php 第 109 行.
SQL: SHOW COLUMNS FROM `cart` [ RunTime:0.0055s ]
ERR: 1364:Field 'food_id' doesn't have a default value
 [ SQL语句 ] : INSERT INTO `cart` (`user_id`,`is_food`) VALUES ('1',NULL)
ERR: 1364:Field 'food_id' doesn't have a default value
 [ SQL语句 ] : INSERT INTO `cart` (`user_id`,`is_food`) VALUES ('1',NULL)

[ 2017-11-10T21:10:04+08:00 ] 127.0.0.1 /index.php/Home/Res/restocart
INFO: [ app_begin ] --START--
INFO: Run Behavior\ReadHtmlCacheBehavior [ RunTime:0.000830s ]
INFO: [ app_begin ] --END-- [ RunTime:0.001375s ]
NOTIC: [8] Undefined offset: 2 E:\orderspace\order\Application\Home\Controller\ResController.class.php 第 109 行.
SQL: SHOW COLUMNS FROM `cart` [ RunTime:0.0056s ]
ERR: 1364:Field 'food_id' doesn't have a default value
 [ SQL语句 ] : INSERT INTO `cart` (`user_id`,`is_food`) VALUES ('1',NULL)
ERR: 1364:Field 'food_id' doesn't have a default value
 [ SQL语句 ] : INSERT INTO `cart` (`user_id`,`is_food`) VALUES ('1',NULL)

[ 2017-11-10T21:10:11+08:00 ] 127.0.0.1 /index.php/Home/Res/restocart
INFO: [ app_begin ] --START--
INFO: Run Behavior\ReadHtmlCacheBehavior [ RunTime:0.000787s ]
INFO: [ app_begin ] --END-- [ RunTime:0.001305s ]
NOTIC: [8] Undefined offset: 2 E:\orderspace\order\Application\Home\Controller\ResController.class.php 第 109 行.
SQL: SHOW COLUMNS FROM `cart` [ RunTime:0.0034s ]
ERR: 1364:Field 'food_id' doesn't have a default value
 [ SQL语句 ] : INSERT INTO `cart` (`user_id`,`is_food`) VALUES ('1',NULL)
ERR: 1364:Field 'food_id' doesn't have a default value
 [ SQL语句 ] : INSERT INTO `cart` (`user_id`,`is_food`) VALUES ('1',NULL)

[ 2017-11-10T21:10:42+08:00 ] 127.0.0.1 /index.php/Home/Res/restocart
INFO: [ app_begin ] --START--
INFO: Run Behavior\ReadHtmlCacheBehavior [ RunTime:0.000822s ]
INFO: [ app_begin ] --END-- [ RunTime:0.001356s ]
NOTIC: [8] Undefined offset: 2 E:\orderspace\order\Application\Home\Controller\ResController.class.php 第 109 行.
SQL: SHOW COLUMNS FROM `cart` [ RunTime:0.0034s ]
ERR: 1364:Field 'food_id' doesn't have a default value
 [ SQL语句 ] : INSERT INTO `cart` (`user_id`,`is_food`) VALUES ('1',NULL)
ERR: 1364:Field 'food_id' doesn't have a default value
 [ SQL语句 ] : INSERT INTO `cart` (`user_id`,`is_food`) VALUES ('1',NULL)

[ 2017-11-10T21:15:23+08:00 ] 127.0.0.1 /index.php/Home/Res/restocart
INFO: [ app_begin ] --START--
INFO: Run Behavior\ReadHtmlCacheBehavior [ RunTime:0.000835s ]
INFO: [ app_begin ] --END-- [ RunTime:0.001325s ]
NOTIC: [8] Undefined offset: 2 E:\orderspace\order\Application\Home\Controller\ResController.class.php 第 109 行.
SQL: SHOW COLUMNS FROM `cart` [ RunTime:0.0048s ]
ERR: 1364:Field 'food_id' doesn't have a default value
 [ SQL语句 ] : INSERT INTO `cart` (`user_id`,`is_food`) VALUES ('1',NULL)
ERR: 1364:Field 'food_id' doesn't have a default value
 [ SQL语句 ] : INSERT INTO `cart` (`user_id`,`is_food`) VALUES ('1',NULL)

[ 2017-11-10T21:19:22+08:00 ] 127.0.0.1 /index.php/Home/Res/restocart
INFO: [ app_begin ] --START--
INFO: Run Behavior\ReadHtmlCacheBehavior [ RunTime:0.001032s ]
INFO: [ app_begin ] --END-- [ RunTime:0.001693s ]
NOTIC: [8] Undefined offset: 2 E:\orderspace\order\Application\Home\Controller\ResController.class.php 第 109 行.
SQL: SHOW COLUMNS FROM `cart` [ RunTime:0.0054s ]
ERR: 1364:Field 'food_id' doesn't have a default value
 [ SQL语句 ] : INSERT INTO `cart` (`user_id`,`is_food`) VALUES ('1',NULL)
ERR: 1364:Field 'food_id' doesn't have a default value
 [ SQL语句 ] : INSERT INTO `cart` (`user_id`,`is_food`) VALUES ('1',NULL)

[ 2017-11-10T21:21:11+08:00 ] 127.0.0.1 /index.php/Home/Res/restocart
INFO: [ app_begin ] --START--
INFO: Run Behavior\ReadHtmlCacheBehavior [ RunTime:0.000796s ]
INFO: [ app_begin ] --END-- [ RunTime:0.001291s ]
NOTIC: [8] Undefined offset: 2 E:\orderspace\order\Application\Home\Controller\ResController.class.php 第 109 行.
INFO: [ app_end ] --START--
INFO: Run Behavior\ShowPageTraceBehavior [ RunTime:0.000870s ]
INFO: [ app_end ] --END-- [ RunTime:0.000915s ]

[ 2017-11-10T21:23:00+08:00 ] 127.0.0.1 /index.php/Home/Res/restocart
INFO: [ app_begin ] --START--
INFO: Run Behavior\ReadHtmlCacheBehavior [ RunTime:0.000794s ]
INFO: [ app_begin ] --END-- [ RunTime:0.001318s ]
NOTIC: [8] Undefined offset: 0 E:\orderspace\order\Application\Home\Controller\ResController.class.php 第 103 行.
NOTIC: [2] Invalid argument supplied for foreach() E:\orderspace\order\Application\Home\Controller\ResController.class.php 第 103 行.
INFO: [ app_end ] --START--
INFO: Run Behavior\ShowPageTraceBehavior [ RunTime:0.001090s ]
INFO: [ app_end ] --END-- [ RunTime:0.001142s ]

[ 2017-11-10T21:25:50+08:00 ] 127.0.0.1 /index.php/Home/Res/restocart
INFO: [ app_begin ] --START--
INFO: Run Behavior\ReadHtmlCacheBehavior [ RunTime:0.000856s ]
INFO: [ app_begin ] --END-- [ RunTime:0.001367s ]
INFO: [ app_end ] --START--
INFO: Run Behavior\ShowPageTraceBehavior [ RunTime:0.000822s ]
INFO: [ app_end ] --END-- [ RunTime:0.000865s ]

[ 2017-11-10T21:25:50+08:00 ] 127.0.0.1 /index.php/Home/Res/restocart
INFO: [ app_begin ] --START--
INFO: Run Behavior\ReadHtmlCacheBehavior [ RunTime:0.000779s ]
INFO: [ app_begin ] --END-- [ RunTime:0.001256s ]
INFO: [ app_end ] --START--
INFO: Run Behavior\ShowPageTraceBehavior [ RunTime:0.000819s ]
INFO: [ app_end ] --END-- [ RunTime:0.000869s ]

[ 2017-11-10T21:26:15+08:00 ] 127.0.0.1 /index.php/Home/Res/restocart
INFO: [ app_begin ] --START--
INFO: Run Behavior\ReadHtmlCacheBehavior [ RunTime:0.000867s ]
INFO: [ app_begin ] --END-- [ RunTime:0.001354s ]
SQL: SHOW COLUMNS FROM `cart` [ RunTime:0.0049s ]
SQL: INSERT INTO `cart` (`user_id`,`food_id`,`num`,`is_food`) VALUES ('1','7','2','1') [ RunTime:0.0448s ]
SQL: INSERT INTO `cart` (`user_id`,`food_id`,`num`,`is_food`) VALUES ('1','6','2','1') [ RunTime:0.0368s ]
INFO: [ app_end ] --START--
INFO: Run Behavior\ShowPageTraceBehavior [ RunTime:0.000869s ]
INFO: [ app_end ] --END-- [ RunTime:0.000909s ]

[ 2017-11-10T21:36:12+08:00 ] 127.0.0.1 /index.php/Home/Res/restocart
INFO: [ app_begin ] --START--
INFO: Run Behavior\ReadHtmlCacheBehavior [ RunTime:0.000962s ]
INFO: [ app_begin ] --END-- [ RunTime:0.001477s ]
SQL: SHOW COLUMNS FROM `cart` [ RunTime:0.0055s ]
SQL: SHOW COLUMNS FROM `cart` [ RunTime:0.0035s ]
SQL: SELECT * FROM `cart` WHERE `user_id` = '1' AND `food_id` = '7' AND `is_order` = 0 LIMIT 1   [ RunTime:0.0004s ]
SQL: INSERT INTO `cart` (`user_id`,`food_id`,`is_food`,`num`) VALUES ('1','7','1','1') [ RunTime:0.0493s ]
SQL: SELECT * FROM `cart` WHERE `user_id` = '1' AND `food_id` = '6' AND `is_order` = 0 LIMIT 1   [ RunTime:0.0005s ]
SQL: INSERT INTO `cart` (`user_id`,`food_id`,`is_food`,`num`) VALUES ('1','6','1','1') [ RunTime:0.0318s ]
INFO: [ app_end ] --START--
INFO: Run Behavior\ShowPageTraceBehavior [ RunTime:0.000934s ]
INFO: [ app_end ] --END-- [ RunTime:0.000981s ]

[ 2017-11-10T21:43:17+08:00 ] 127.0.0.1 /index.php/Home/Cart/change_food
INFO: [ app_begin ] --START--
INFO: Run Behavior\ReadHtmlCacheBehavior [ RunTime:0.000819s ]
INFO: [ app_begin ] --END-- [ RunTime:0.001343s ]
SQL: SHOW COLUMNS FROM `cart` [ RunTime:0.0050s ]
SQL: UPDATE `cart` SET `id`='30',`num`='2' WHERE ( id=30 ) [ RunTime:0.0476s ]

[ 2017-11-10T21:43:19+08:00 ] 127.0.0.1 /index.php/Home/Cart/change_food
INFO: [ app_begin ] --START--
INFO: Run Behavior\ReadHtmlCacheBehavior [ RunTime:0.000819s ]
INFO: [ app_begin ] --END-- [ RunTime:0.001335s ]
SQL: SHOW COLUMNS FROM `cart` [ RunTime:0.0053s ]
SQL: UPDATE `cart` SET `id`='30',`num`='3' WHERE ( id=30 ) [ RunTime:0.1125s ]

[ 2017-11-10T21:43:20+08:00 ] 127.0.0.1 /index.php/Home/Cart/change_food
INFO: [ app_begin ] --START--
INFO: Run Behavior\ReadHtmlCacheBehavior [ RunTime:0.000866s ]
INFO: [ app_begin ] --END-- [ RunTime:0.001391s ]
SQL: SHOW COLUMNS FROM `cart` [ RunTime:0.0034s ]
SQL: UPDATE `cart` SET `id`='30',`num`='4' WHERE ( id=30 ) [ RunTime:0.0851s ]

[ 2017-11-10T21:43:21+08:00 ] 127.0.0.1 /index.php/Home/Cart/change_food
INFO: [ app_begin ] --START--
INFO: Run Behavior\ReadHtmlCacheBehavior [ RunTime:0.000813s ]
INFO: [ app_begin ] --END-- [ RunTime:0.001347s ]
SQL: SHOW COLUMNS FROM `cart` [ RunTime:0.0052s ]
SQL: UPDATE `cart` SET `id`='30',`num`='5' WHERE ( id=30 ) [ RunTime:0.0442s ]

[ 2017-11-10T21:43:25+08:00 ] 127.0.0.1 /index.php/Home/Cart/change_food
INFO: [ app_begin ] --START--
INFO: Run Behavior\ReadHtmlCacheBehavior [ RunTime:0.000866s ]
INFO: [ app_begin ] --END-- [ RunTime:0.001368s ]
SQL: SHOW COLUMNS FROM `cart` [ RunTime:0.0052s ]
SQL: UPDATE `cart` SET `id`='30',`num`='6' WHERE ( id=30 ) [ RunTime:0.0482s ]

[ 2017-11-10T21:43:26+08:00 ] 127.0.0.1 /index.php/Home/Cart/change_food
INFO: [ app_begin ] --START--
INFO: Run Behavior\ReadHtmlCacheBehavior [ RunTime:0.000817s ]
INFO: [ app_begin ] --END-- [ RunTime:0.001314s ]
SQL: SHOW COLUMNS FROM `cart` [ RunTime:0.0051s ]
SQL: UPDATE `cart` SET `id`='30',`num`='7' WHERE ( id=30 ) [ RunTime:0.1234s ]

[ 2017-11-10T21:43:27+08:00 ] 127.0.0.1 /index.php/Home/Cart/change_food
INFO: [ app_begin ] --START--
INFO: Run Behavior\ReadHtmlCacheBehavior [ RunTime:0.000849s ]
INFO: [ app_begin ] --END-- [ RunTime:0.001369s ]
SQL: SHOW COLUMNS FROM `cart` [ RunTime:0.0054s ]
SQL: UPDATE `cart` SET `id`='30',`num`='8' WHERE ( id=30 ) [ RunTime:0.0739s ]

[ 2017-11-10T21:43:28+08:00 ] 127.0.0.1 /index.php/Home/Cart/change_food
INFO: [ app_begin ] --START--
INFO: Run Behavior\ReadHtmlCacheBehavior [ RunTime:0.000824s ]
INFO: [ app_begin ] --END-- [ RunTime:0.001335s ]
SQL: SHOW COLUMNS FROM `cart` [ RunTime:0.0053s ]
SQL: UPDATE `cart` SET `id`='30',`num`='9' WHERE ( id=30 ) [ RunTime:0.0447s ]

[ 2017-11-10T21:43:29+08:00 ] 127.0.0.1 /index.php/Home/Cart/change_food
INFO: [ app_begin ] --START--
INFO: Run Behavior\ReadHtmlCacheBehavior [ RunTime:0.001119s ]
INFO: [ app_begin ] --END-- [ RunTime:0.001642s ]
SQL: SHOW COLUMNS FROM `cart` [ RunTime:0.0037s ]
SQL: UPDATE `cart` SET `id`='30',`num`='10' WHERE ( id=30 ) [ RunTime:0.0470s ]

[ 2017-11-10T21:44:00+08:00 ] 127.0.0.1 /index.php/Home/Fdorder/flowgoods
INFO: [ app_begin ] --START--
INFO: Run Behavior\ReadHtmlCacheBehavior [ RunTime:0.000818s ]
INFO: [ app_begin ] --END-- [ RunTime:0.001300s ]
SQL: SHOW COLUMNS FROM `user` [ RunTime:0.0048s ]
SQL: SELECT * FROM `user` WHERE ( id=1 ) LIMIT 1   [ RunTime:0.0004s ]
SQL: UPDATE `user` SET `grade_num`='9720' WHERE ( id=1 ) [ RunTime:0.0524s ]
SQL: SHOW COLUMNS FROM `address` [ RunTime:0.0038s ]
SQL: SELECT * FROM `address` WHERE ( id=1 ) LIMIT 1   [ RunTime:0.0003s ]
SQL: SHOW COLUMNS FROM `fdorder` [ RunTime:0.0035s ]
NOTIC: [8] Undefined index: validate E:\orderspace\order\ThinkPHP\Library\Think\Model.class.php 第 1185 行.
NOTIC: [8] Undefined index: auto E:\orderspace\order\ThinkPHP\Library\Think\Model.class.php 第 1128 行.
ERR: 1364:Field 'is_discuss' doesn't have a default value
 [ SQL语句 ] : INSERT INTO `fdorder` (`user_id`,`address_id`,`address_name`,`order_price`,`order_status`,`order_time`,`order_id`) VALUES ('1','1','fds','20','1','2017-11-10 21:44:00','1510321440')
ERR: 1364:Field 'is_discuss' doesn't have a default value
 [ SQL语句 ] : INSERT INTO `fdorder` (`user_id`,`address_id`,`address_name`,`order_price`,`order_status`,`order_time`,`order_id`) VALUES ('1','1','fds','20','1','2017-11-10 21:44:00','1510321440')

[ 2017-11-10T21:44:04+08:00 ] 127.0.0.1 /index.php/Home/Fdorder/flowgoods
INFO: [ app_begin ] --START--
INFO: Run Behavior\ReadHtmlCacheBehavior [ RunTime:0.000814s ]
INFO: [ app_begin ] --END-- [ RunTime:0.001295s ]
SQL: SHOW COLUMNS FROM `user` [ RunTime:0.0060s ]
SQL: SELECT * FROM `user` WHERE ( id=1 ) LIMIT 1   [ RunTime:0.0005s ]
SQL: UPDATE `user` SET `grade_num`='9700' WHERE ( id=1 ) [ RunTime:0.0442s ]
SQL: SHOW COLUMNS FROM `address` [ RunTime:0.0039s ]
SQL: SELECT * FROM `address` WHERE ( id=1 ) LIMIT 1   [ RunTime:0.0003s ]
SQL: SHOW COLUMNS FROM `fdorder` [ RunTime:0.0035s ]
NOTIC: [8] Undefined index: validate E:\orderspace\order\ThinkPHP\Library\Think\Model.class.php 第 1185 行.
NOTIC: [8] Undefined index: auto E:\orderspace\order\ThinkPHP\Library\Think\Model.class.php 第 1128 行.
ERR: 1364:Field 'is_discuss' doesn't have a default value
 [ SQL语句 ] : INSERT INTO `fdorder` (`user_id`,`address_id`,`address_name`,`order_price`,`order_status`,`order_time`,`order_id`) VALUES ('1','1','fds','20','1','2017-11-10 21:44:04','1510321444')
ERR: 1364:Field 'is_discuss' doesn't have a default value
 [ SQL语句 ] : INSERT INTO `fdorder` (`user_id`,`address_id`,`address_name`,`order_price`,`order_status`,`order_time`,`order_id`) VALUES ('1','1','fds','20','1','2017-11-10 21:44:04','1510321444')

[ 2017-11-10T21:44:05+08:00 ] 127.0.0.1 /index.php/Home/Fdorder/flowgoods
INFO: [ app_begin ] --START--
INFO: Run Behavior\ReadHtmlCacheBehavior [ RunTime:0.000901s ]
INFO: [ app_begin ] --END-- [ RunTime:0.001455s ]
SQL: SHOW COLUMNS FROM `user` [ RunTime:0.0057s ]
SQL: SELECT * FROM `user` WHERE ( id=1 ) LIMIT 1   [ RunTime:0.0004s ]
SQL: UPDATE `user` SET `grade_num`='9680' WHERE ( id=1 ) [ RunTime:0.0460s ]
SQL: SHOW COLUMNS FROM `address` [ RunTime:0.0044s ]
SQL: SELECT * FROM `address` WHERE ( id=1 ) LIMIT 1   [ RunTime:0.0004s ]
SQL: SHOW COLUMNS FROM `fdorder` [ RunTime:0.0048s ]
NOTIC: [8] Undefined index: validate E:\orderspace\order\ThinkPHP\Library\Think\Model.class.php 第 1185 行.
NOTIC: [8] Undefined index: auto E:\orderspace\order\ThinkPHP\Library\Think\Model.class.php 第 1128 行.
ERR: 1364:Field 'is_discuss' doesn't have a default value
 [ SQL语句 ] : INSERT INTO `fdorder` (`user_id`,`address_id`,`address_name`,`order_price`,`order_status`,`order_time`,`order_id`) VALUES ('1','1','fds','20','1','2017-11-10 21:44:05','1510321445')
ERR: 1364:Field 'is_discuss' doesn't have a default value
 [ SQL语句 ] : INSERT INTO `fdorder` (`user_id`,`address_id`,`address_name`,`order_price`,`order_status`,`order_time`,`order_id`) VALUES ('1','1','fds','20','1','2017-11-10 21:44:05','1510321445')

[ 2017-11-10T21:44:06+08:00 ] 127.0.0.1 /index.php/Home/Fdorder/flowgoods
INFO: [ app_begin ] --START--
INFO: Run Behavior\ReadHtmlCacheBehavior [ RunTime:0.000879s ]
INFO: [ app_begin ] --END-- [ RunTime:0.001380s ]
SQL: SHOW COLUMNS FROM `user` [ RunTime:0.0053s ]
SQL: SELECT * FROM `user` WHERE ( id=1 ) LIMIT 1   [ RunTime:0.0004s ]
SQL: UPDATE `user` SET `grade_num`='9660' WHERE ( id=1 ) [ RunTime:0.0525s ]
SQL: SHOW COLUMNS FROM `address` [ RunTime:0.0037s ]
SQL: SELECT * FROM `address` WHERE ( id=1 ) LIMIT 1   [ RunTime:0.0004s ]
SQL: SHOW COLUMNS FROM `fdorder` [ RunTime:0.0035s ]
NOTIC: [8] Undefined index: validate E:\orderspace\order\ThinkPHP\Library\Think\Model.class.php 第 1185 行.
NOTIC: [8] Undefined index: auto E:\orderspace\order\ThinkPHP\Library\Think\Model.class.php 第 1128 行.
ERR: 1364:Field 'is_discuss' doesn't have a default value
 [ SQL语句 ] : INSERT INTO `fdorder` (`user_id`,`address_id`,`address_name`,`order_price`,`order_status`,`order_time`,`order_id`) VALUES ('1','1','fds','20','1','2017-11-10 21:44:06','1510321446')
ERR: 1364:Field 'is_discuss' doesn't have a default value
 [ SQL语句 ] : INSERT INTO `fdorder` (`user_id`,`address_id`,`address_name`,`order_price`,`order_status`,`order_time`,`order_id`) VALUES ('1','1','fds','20','1','2017-11-10 21:44:06','1510321446')

[ 2017-11-10T21:44:08+08:00 ] 127.0.0.1 /index.php/Home/Fdorder/flowgoods
INFO: [ app_begin ] --START--
INFO: Run Behavior\ReadHtmlCacheBehavior [ RunTime:0.000730s ]
INFO: [ app_begin ] --END-- [ RunTime:0.001149s ]
SQL: SHOW COLUMNS FROM `user` [ RunTime:0.0052s ]
SQL: SELECT * FROM `user` WHERE ( id=1 ) LIMIT 1   [ RunTime:0.0004s ]
SQL: UPDATE `user` SET `grade_num`='9640' WHERE ( id=1 ) [ RunTime:0.0439s ]
SQL: SHOW COLUMNS FROM `address` [ RunTime:0.0039s ]
SQL: SELECT * FROM `address` WHERE ( id=1 ) LIMIT 1   [ RunTime:0.0003s ]
SQL: SHOW COLUMNS FROM `fdorder` [ RunTime:0.0034s ]
NOTIC: [8] Undefined index: validate E:\orderspace\order\ThinkPHP\Library\Think\Model.class.php 第 1185 行.
NOTIC: [8] Undefined index: auto E:\orderspace\order\ThinkPHP\Library\Think\Model.class.php 第 1128 行.
ERR: 1364:Field 'is_discuss' doesn't have a default value
 [ SQL语句 ] : INSERT INTO `fdorder` (`user_id`,`address_id`,`address_name`,`order_price`,`order_status`,`order_time`,`order_id`) VALUES ('1','1','fds','20','1','2017-11-10 21:44:08','1510321448')
ERR: 1364:Field 'is_discuss' doesn't have a default value
 [ SQL语句 ] : INSERT INTO `fdorder` (`user_id`,`address_id`,`address_name`,`order_price`,`order_status`,`order_time`,`order_id`) VALUES ('1','1','fds','20','1','2017-11-10 21:44:08','1510321448')

[ 2017-11-10T21:44:09+08:00 ] 127.0.0.1 /index.php/Home/Fdorder/flowgoods
INFO: [ app_begin ] --START--
INFO: Run Behavior\ReadHtmlCacheBehavior [ RunTime:0.000968s ]
INFO: [ app_begin ] --END-- [ RunTime:0.001478s ]
SQL: SHOW COLUMNS FROM `user` [ RunTime:0.0050s ]
SQL: SELECT * FROM `user` WHERE ( id=1 ) LIMIT 1   [ RunTime:0.0008s ]
SQL: UPDATE `user` SET `grade_num`='9620' WHERE ( id=1 ) [ RunTime:0.0458s ]
SQL: SHOW COLUMNS FROM `address` [ RunTime:0.0044s ]
SQL: SELECT * FROM `address` WHERE ( id=1 ) LIMIT 1   [ RunTime:0.0004s ]
SQL: SHOW COLUMNS FROM `fdorder` [ RunTime:0.0034s ]
NOTIC: [8] Undefined index: validate E:\orderspace\order\ThinkPHP\Library\Think\Model.class.php 第 1185 行.
NOTIC: [8] Undefined index: auto E:\orderspace\order\ThinkPHP\Library\Think\Model.class.php 第 1128 行.
ERR: 1364:Field 'is_discuss' doesn't have a default value
 [ SQL语句 ] : INSERT INTO `fdorder` (`user_id`,`address_id`,`address_name`,`order_price`,`order_status`,`order_time`,`order_id`) VALUES ('1','1','fds','20','1','2017-11-10 21:44:09','1510321449')
ERR: 1364:Field 'is_discuss' doesn't have a default value
 [ SQL语句 ] : INSERT INTO `fdorder` (`user_id`,`address_id`,`address_name`,`order_price`,`order_status`,`order_time`,`order_id`) VALUES ('1','1','fds','20','1','2017-11-10 21:44:09','1510321449')

[ 2017-11-10T21:44:10+08:00 ] 127.0.0.1 /index.php/Home/Fdorder/flowgoods
INFO: [ app_begin ] --START--
INFO: Run Behavior\ReadHtmlCacheBehavior [ RunTime:0.000820s ]
INFO: [ app_begin ] --END-- [ RunTime:0.001320s ]
SQL: SHOW COLUMNS FROM `user` [ RunTime:0.0051s ]
SQL: SELECT * FROM `user` WHERE ( id=1 ) LIMIT 1   [ RunTime:0.0004s ]
SQL: UPDATE `user` SET `grade_num`='9600' WHERE ( id=1 ) [ RunTime:0.0537s ]
SQL: SHOW COLUMNS FROM `address` [ RunTime:0.0277s ]
SQL: SELECT * FROM `address` WHERE ( id=1 ) LIMIT 1   [ RunTime:0.0003s ]
SQL: SHOW COLUMNS FROM `fdorder` [ RunTime:0.0039s ]
NOTIC: [8] Undefined index: validate E:\orderspace\order\ThinkPHP\Library\Think\Model.class.php 第 1185 行.
NOTIC: [8] Undefined index: auto E:\orderspace\order\ThinkPHP\Library\Think\Model.class.php 第 1128 行.
ERR: 1364:Field 'is_discuss' doesn't have a default value
 [ SQL语句 ] : INSERT INTO `fdorder` (`user_id`,`address_id`,`address_name`,`order_price`,`order_status`,`order_time`,`order_id`) VALUES ('1','1','fds','20','1','2017-11-10 21:44:10','1510321450')
ERR: 1364:Field 'is_discuss' doesn't have a default value
 [ SQL语句 ] : INSERT INTO `fdorder` (`user_id`,`address_id`,`address_name`,`order_price`,`order_status`,`order_time`,`order_id`) VALUES ('1','1','fds','20','1','2017-11-10 21:44:10','1510321450')

[ 2017-11-10T21:44:11+08:00 ] 127.0.0.1 /index.php/Home/Fdorder/flowgoods
INFO: [ app_begin ] --START--
INFO: Run Behavior\ReadHtmlCacheBehavior [ RunTime:0.000816s ]
INFO: [ app_begin ] --END-- [ RunTime:0.001233s ]
SQL: SHOW COLUMNS FROM `user` [ RunTime:0.0053s ]
SQL: SELECT * FROM `user` WHERE ( id=1 ) LIMIT 1   [ RunTime:0.0004s ]
SQL: UPDATE `user` SET `grade_num`='9580' WHERE ( id=1 ) [ RunTime:0.0527s ]
SQL: SHOW COLUMNS FROM `address` [ RunTime:0.0042s ]
SQL: SELECT * FROM `address` WHERE ( id=1 ) LIMIT 1   [ RunTime:0.0004s ]
SQL: SHOW COLUMNS FROM `fdorder` [ RunTime:0.0034s ]
NOTIC: [8] Undefined index: validate E:\orderspace\order\ThinkPHP\Library\Think\Model.class.php 第 1185 行.
NOTIC: [8] Undefined index: auto E:\orderspace\order\ThinkPHP\Library\Think\Model.class.php 第 1128 行.
ERR: 1364:Field 'is_discuss' doesn't have a default value
 [ SQL语句 ] : INSERT INTO `fdorder` (`user_id`,`address_id`,`address_name`,`order_price`,`order_status`,`order_time`,`order_id`) VALUES ('1','1','fds','20','1','2017-11-10 21:44:11','1510321451')
ERR: 1364:Field 'is_discuss' doesn't have a default value
 [ SQL语句 ] : INSERT INTO `fdorder` (`user_id`,`address_id`,`address_name`,`order_price`,`order_status`,`order_time`,`order_id`) VALUES ('1','1','fds','20','1','2017-11-10 21:44:11','1510321451')

[ 2017-11-10T21:44:12+08:00 ] 127.0.0.1 /index.php/Home/Fdorder/flowgoods
INFO: [ app_begin ] --START--
INFO: Run Behavior\ReadHtmlCacheBehavior [ RunTime:0.000828s ]
INFO: [ app_begin ] --END-- [ RunTime:0.001315s ]
SQL: SHOW COLUMNS FROM `user` [ RunTime:0.0052s ]
SQL: SELECT * FROM `user` WHERE ( id=1 ) LIMIT 1   [ RunTime:0.0005s ]
SQL: UPDATE `user` SET `grade_num`='9560' WHERE ( id=1 ) [ RunTime:0.0546s ]
SQL: SHOW COLUMNS FROM `address` [ RunTime:0.0286s ]
SQL: SELECT * FROM `address` WHERE ( id=1 ) LIMIT 1   [ RunTime:0.0003s ]
SQL: SHOW COLUMNS FROM `fdorder` [ RunTime:0.0036s ]
NOTIC: [8] Undefined index: validate E:\orderspace\order\ThinkPHP\Library\Think\Model.class.php 第 1185 行.
NOTIC: [8] Undefined index: auto E:\orderspace\order\ThinkPHP\Library\Think\Model.class.php 第 1128 行.
ERR: 1364:Field 'is_discuss' doesn't have a default value
 [ SQL语句 ] : INSERT INTO `fdorder` (`user_id`,`address_id`,`address_name`,`order_price`,`order_status`,`order_time`,`order_id`) VALUES ('1','1','fds','20','1','2017-11-10 21:44:12','1510321452')
ERR: 1364:Field 'is_discuss' doesn't have a default value
 [ SQL语句 ] : INSERT INTO `fdorder` (`user_id`,`address_id`,`address_name`,`order_price`,`order_status`,`order_time`,`order_id`) VALUES ('1','1','fds','20','1','2017-11-10 21:44:12','1510321452')

[ 2017-11-10T21:44:13+08:00 ] 127.0.0.1 /index.php/Home/Fdorder/flowgoods
INFO: [ app_begin ] --START--
INFO: Run Behavior\ReadHtmlCacheBehavior [ RunTime:0.000777s ]
INFO: [ app_begin ] --END-- [ RunTime:0.001253s ]
SQL: SHOW COLUMNS FROM `user` [ RunTime:0.0053s ]
SQL: SELECT * FROM `user` WHERE ( id=1 ) LIMIT 1   [ RunTime:0.0004s ]
SQL: UPDATE `user` SET `grade_num`='9540' WHERE ( id=1 ) [ RunTime:0.0496s ]
SQL: SHOW COLUMNS FROM `address` [ RunTime:0.0042s ]
SQL: SELECT * FROM `address` WHERE ( id=1 ) LIMIT 1   [ RunTime:0.0003s ]
SQL: SHOW COLUMNS FROM `fdorder` [ RunTime:0.0047s ]
NOTIC: [8] Undefined index: validate E:\orderspace\order\ThinkPHP\Library\Think\Model.class.php 第 1185 行.
NOTIC: [8] Undefined index: auto E:\orderspace\order\ThinkPHP\Library\Think\Model.class.php 第 1128 行.
ERR: 1364:Field 'is_discuss' doesn't have a default value
 [ SQL语句 ] : INSERT INTO `fdorder` (`user_id`,`address_id`,`address_name`,`order_price`,`order_status`,`order_time`,`order_id`) VALUES ('1','1','fds','20','1','2017-11-10 21:44:13','1510321453')
ERR: 1364:Field 'is_discuss' doesn't have a default value
 [ SQL语句 ] : INSERT INTO `fdorder` (`user_id`,`address_id`,`address_name`,`order_price`,`order_status`,`order_time`,`order_id`) VALUES ('1','1','fds','20','1','2017-11-10 21:44:13','1510321453')

[ 2017-11-10T21:44:14+08:00 ] 127.0.0.1 /index.php/Home/Fdorder/flowgoods
INFO: [ app_begin ] --START--
INFO: Run Behavior\ReadHtmlCacheBehavior [ RunTime:0.000854s ]
INFO: [ app_begin ] --END-- [ RunTime:0.001467s ]
SQL: SHOW COLUMNS FROM `user` [ RunTime:0.0048s ]
SQL: SELECT * FROM `user` WHERE ( id=1 ) LIMIT 1   [ RunTime:0.0004s ]
SQL: UPDATE `user` SET `grade_num`='9520' WHERE ( id=1 ) [ RunTime:0.0573s ]
SQL: SHOW COLUMNS FROM `address` [ RunTime:0.0277s ]
SQL: SELECT * FROM `address` WHERE ( id=1 ) LIMIT 1   [ RunTime:0.0004s ]
SQL: SHOW COLUMNS FROM `fdorder` [ RunTime:0.0035s ]
NOTIC: [8] Undefined index: validate E:\orderspace\order\ThinkPHP\Library\Think\Model.class.php 第 1185 行.
NOTIC: [8] Undefined index: auto E:\orderspace\order\ThinkPHP\Library\Think\Model.class.php 第 1128 行.
ERR: 1364:Field 'is_discuss' doesn't have a default value
 [ SQL语句 ] : INSERT INTO `fdorder` (`user_id`,`address_id`,`address_name`,`order_price`,`order_status`,`order_time`,`order_id`) VALUES ('1','1','fds','20','1','2017-11-10 21:44:14','1510321454')
ERR: 1364:Field 'is_discuss' doesn't have a default value
 [ SQL语句 ] : INSERT INTO `fdorder` (`user_id`,`address_id`,`address_name`,`order_price`,`order_status`,`order_time`,`order_id`) VALUES ('1','1','fds','20','1','2017-11-10 21:44:14','1510321454')

[ 2017-11-10T21:44:15+08:00 ] 127.0.0.1 /index.php/Home/Fdorder/flowgoods
INFO: [ app_begin ] --START--
INFO: Run Behavior\ReadHtmlCacheBehavior [ RunTime:0.000801s ]
INFO: [ app_begin ] --END-- [ RunTime:0.001313s ]
SQL: SHOW COLUMNS FROM `user` [ RunTime:0.0053s ]
SQL: SELECT * FROM `user` WHERE ( id=1 ) LIMIT 1   [ RunTime:0.0005s ]
SQL: UPDATE `user` SET `grade_num`='9500' WHERE ( id=1 ) [ RunTime:0.0479s ]
SQL: SHOW COLUMNS FROM `address` [ RunTime:0.0051s ]
SQL: SELECT * FROM `address` WHERE ( id=1 ) LIMIT 1   [ RunTime:0.0003s ]
SQL: SHOW COLUMNS FROM `fdorder` [ RunTime:0.0033s ]
NOTIC: [8] Undefined index: validate E:\orderspace\order\ThinkPHP\Library\Think\Model.class.php 第 1185 行.
NOTIC: [8] Undefined index: auto E:\orderspace\order\ThinkPHP\Library\Think\Model.class.php 第 1128 行.
ERR: 1364:Field 'is_discuss' doesn't have a default value
 [ SQL语句 ] : INSERT INTO `fdorder` (`user_id`,`address_id`,`address_name`,`order_price`,`order_status`,`order_time`,`order_id`) VALUES ('1','1','fds','20','1','2017-11-10 21:44:15','1510321455')
ERR: 1364:Field 'is_discuss' doesn't have a default value
 [ SQL语句 ] : INSERT INTO `fdorder` (`user_id`,`address_id`,`address_name`,`order_price`,`order_status`,`order_time`,`order_id`) VALUES ('1','1','fds','20','1','2017-11-10 21:44:15','1510321455')

[ 2017-11-10T21:44:16+08:00 ] 127.0.0.1 /index.php/Home/Fdorder/flowgoods
INFO: [ app_begin ] --START--
INFO: Run Behavior\ReadHtmlCacheBehavior [ RunTime:0.000744s ]
INFO: [ app_begin ] --END-- [ RunTime:0.001224s ]
SQL: SHOW COLUMNS FROM `user` [ RunTime:0.0047s ]
SQL: SELECT * FROM `user` WHERE ( id=1 ) LIMIT 1   [ RunTime:0.0004s ]
SQL: UPDATE `user` SET `grade_num`='9480' WHERE ( id=1 ) [ RunTime:0.0444s ]
SQL: SHOW COLUMNS FROM `address` [ RunTime:0.0035s ]
SQL: SELECT * FROM `address` WHERE ( id=1 ) LIMIT 1   [ RunTime:0.0003s ]
SQL: SHOW COLUMNS FROM `fdorder` [ RunTime:0.0034s ]
NOTIC: [8] Undefined index: validate E:\orderspace\order\ThinkPHP\Library\Think\Model.class.php 第 1185 行.
NOTIC: [8] Undefined index: auto E:\orderspace\order\ThinkPHP\Library\Think\Model.class.php 第 1128 行.
ERR: 1364:Field 'is_discuss' doesn't have a default value
 [ SQL语句 ] : INSERT INTO `fdorder` (`user_id`,`address_id`,`address_name`,`order_price`,`order_status`,`order_time`,`order_id`) VALUES ('1','1','fds','20','1','2017-11-10 21:44:16','1510321456')
ERR: 1364:Field 'is_discuss' doesn't have a default value
 [ SQL语句 ] : INSERT INTO `fdorder` (`user_id`,`address_id`,`address_name`,`order_price`,`order_status`,`order_time`,`order_id`) VALUES ('1','1','fds','20','1','2017-11-10 21:44:16','1510321456')

[ 2017-11-10T21:44:17+08:00 ] 127.0.0.1 /index.php/Home/Fdorder/flowgoods
INFO: [ app_begin ] --START--
INFO: Run Behavior\ReadHtmlCacheBehavior [ RunTime:0.000761s ]
INFO: [ app_begin ] --END-- [ RunTime:0.001260s ]
SQL: SHOW COLUMNS FROM `user` [ RunTime:0.0058s ]
SQL: SELECT * FROM `user` WHERE ( id=1 ) LIMIT 1   [ RunTime:0.0004s ]
SQL: UPDATE `user` SET `grade_num`='9460' WHERE ( id=1 ) [ RunTime:0.0460s ]
SQL: SHOW COLUMNS FROM `address` [ RunTime:0.0039s ]
SQL: SELECT * FROM `address` WHERE ( id=1 ) LIMIT 1   [ RunTime:0.0004s ]
SQL: SHOW COLUMNS FROM `fdorder` [ RunTime:0.0033s ]
NOTIC: [8] Undefined index: validate E:\orderspace\order\ThinkPHP\Library\Think\Model.class.php 第 1185 行.
NOTIC: [8] Undefined index: auto E:\orderspace\order\ThinkPHP\Library\Think\Model.class.php 第 1128 行.
ERR: 1364:Field 'is_discuss' doesn't have a default value
 [ SQL语句 ] : INSERT INTO `fdorder` (`user_id`,`address_id`,`address_name`,`order_price`,`order_status`,`order_time`,`order_id`) VALUES ('1','1','fds','20','1','2017-11-10 21:44:17','1510321457')
ERR: 1364:Field 'is_discuss' doesn't have a default value
 [ SQL语句 ] : INSERT INTO `fdorder` (`user_id`,`address_id`,`address_name`,`order_price`,`order_status`,`order_time`,`order_id`) VALUES ('1','1','fds','20','1','2017-11-10 21:44:17','1510321457')

[ 2017-11-10T21:44:19+08:00 ] 127.0.0.1 /index.php/Home/Fdorder/flowgoods
INFO: [ app_begin ] --START--
INFO: Run Behavior\ReadHtmlCacheBehavior [ RunTime:0.000793s ]
INFO: [ app_begin ] --END-- [ RunTime:0.001353s ]
SQL: SHOW COLUMNS FROM `user` [ RunTime:0.0055s ]
SQL: SELECT * FROM `user` WHERE ( id=1 ) LIMIT 1   [ RunTime:0.0004s ]
SQL: UPDATE `user` SET `grade_num`='9440' WHERE ( id=1 ) [ RunTime:0.0451s ]
SQL: SHOW COLUMNS FROM `address` [ RunTime:0.0034s ]
SQL: SELECT * FROM `address` WHERE ( id=1 ) LIMIT 1   [ RunTime:0.0003s ]
SQL: SHOW COLUMNS FROM `fdorder` [ RunTime:0.0036s ]
NOTIC: [8] Undefined index: validate E:\orderspace\order\ThinkPHP\Library\Think\Model.class.php 第 1185 行.
NOTIC: [8] Undefined index: auto E:\orderspace\order\ThinkPHP\Library\Think\Model.class.php 第 1128 行.
ERR: 1364:Field 'is_discuss' doesn't have a default value
 [ SQL语句 ] : INSERT INTO `fdorder` (`user_id`,`address_id`,`address_name`,`order_price`,`order_status`,`order_time`,`order_id`) VALUES ('1','1','fds','20','1','2017-11-10 21:44:19','1510321459')
ERR: 1364:Field 'is_discuss' doesn't have a default value
 [ SQL语句 ] : INSERT INTO `fdorder` (`user_id`,`address_id`,`address_name`,`order_price`,`order_status`,`order_time`,`order_id`) VALUES ('1','1','fds','20','1','2017-11-10 21:44:19','1510321459')

[ 2017-11-10T21:44:20+08:00 ] 127.0.0.1 /index.php/Home/Fdorder/flowgoods
INFO: [ app_begin ] --START--
INFO: Run Behavior\ReadHtmlCacheBehavior [ RunTime:0.000772s ]
INFO: [ app_begin ] --END-- [ RunTime:0.001235s ]
SQL: SHOW COLUMNS FROM `user` [ RunTime:0.0056s ]
SQL: SELECT * FROM `user` WHERE ( id=1 ) LIMIT 1   [ RunTime:0.0004s ]
SQL: UPDATE `user` SET `grade_num`='9420' WHERE ( id=1 ) [ RunTime:0.0449s ]
SQL: SHOW COLUMNS FROM `address` [ RunTime:0.0036s ]
SQL: SELECT * FROM `address` WHERE ( id=1 ) LIMIT 1   [ RunTime:0.0004s ]
SQL: SHOW COLUMNS FROM `fdorder` [ RunTime:0.0034s ]
NOTIC: [8] Undefined index: validate E:\orderspace\order\ThinkPHP\Library\Think\Model.class.php 第 1185 行.
NOTIC: [8] Undefined index: auto E:\orderspace\order\ThinkPHP\Library\Think\Model.class.php 第 1128 行.
ERR: 1364:Field 'is_discuss' doesn't have a default value
 [ SQL语句 ] : INSERT INTO `fdorder` (`user_id`,`address_id`,`address_name`,`order_price`,`order_status`,`order_time`,`order_id`) VALUES ('1','1','fds','20','1','2017-11-10 21:44:20','1510321460')
ERR: 1364:Field 'is_discuss' doesn't have a default value
 [ SQL语句 ] : INSERT INTO `fdorder` (`user_id`,`address_id`,`address_name`,`order_price`,`order_status`,`order_time`,`order_id`) VALUES ('1','1','fds','20','1','2017-11-10 21:44:20','1510321460')

[ 2017-11-10T21:44:21+08:00 ] 127.0.0.1 /index.php/Home/Fdorder/flowgoods
INFO: [ app_begin ] --START--
INFO: Run Behavior\ReadHtmlCacheBehavior [ RunTime:0.000874s ]
INFO: [ app_begin ] --END-- [ RunTime:0.001375s ]
SQL: SHOW COLUMNS FROM `user` [ RunTime:0.0049s ]
SQL: SELECT * FROM `user` WHERE ( id=1 ) LIMIT 1   [ RunTime:0.0006s ]
SQL: UPDATE `user` SET `grade_num`='9400' WHERE ( id=1 ) [ RunTime:0.0470s ]
SQL: SHOW COLUMNS FROM `address` [ RunTime:0.0035s ]
SQL: SELECT * FROM `address` WHERE ( id=1 ) LIMIT 1   [ RunTime:0.0003s ]
SQL: SHOW COLUMNS FROM `fdorder` [ RunTime:0.0040s ]
NOTIC: [8] Undefined index: validate E:\orderspace\order\ThinkPHP\Library\Think\Model.class.php 第 1185 行.
NOTIC: [8] Undefined index: auto E:\orderspace\order\ThinkPHP\Library\Think\Model.class.php 第 1128 行.
ERR: 1364:Field 'is_discuss' doesn't have a default value
 [ SQL语句 ] : INSERT INTO `fdorder` (`user_id`,`address_id`,`address_name`,`order_price`,`order_status`,`order_time`,`order_id`) VALUES ('1','1','fds','20','1','2017-11-10 21:44:21','1510321461')
ERR: 1364:Field 'is_discuss' doesn't have a default value
 [ SQL语句 ] : INSERT INTO `fdorder` (`user_id`,`address_id`,`address_name`,`order_price`,`order_status`,`order_time`,`order_id`) VALUES ('1','1','fds','20','1','2017-11-10 21:44:21','1510321461')

[ 2017-11-10T21:44:22+08:00 ] 127.0.0.1 /index.php/Home/Fdorder/flowgoods
INFO: [ app_begin ] --START--
INFO: Run Behavior\ReadHtmlCacheBehavior [ RunTime:0.001092s ]
INFO: [ app_begin ] --END-- [ RunTime:0.001644s ]
SQL: SHOW COLUMNS FROM `user` [ RunTime:0.0053s ]
SQL: SELECT * FROM `user` WHERE ( id=1 ) LIMIT 1   [ RunTime:0.0004s ]
SQL: UPDATE `user` SET `grade_num`='9380' WHERE ( id=1 ) [ RunTime:0.0448s ]
SQL: SHOW COLUMNS FROM `address` [ RunTime:0.0041s ]
SQL: SELECT * FROM `address` WHERE ( id=1 ) LIMIT 1   [ RunTime:0.0004s ]
SQL: SHOW COLUMNS FROM `fdorder` [ RunTime:0.0038s ]
NOTIC: [8] Undefined index: validate E:\orderspace\order\ThinkPHP\Library\Think\Model.class.php 第 1185 行.
NOTIC: [8] Undefined index: auto E:\orderspace\order\ThinkPHP\Library\Think\Model.class.php 第 1128 行.
ERR: 1364:Field 'is_discuss' doesn't have a default value
 [ SQL语句 ] : INSERT INTO `fdorder` (`user_id`,`address_id`,`address_name`,`order_price`,`order_status`,`order_time`,`order_id`) VALUES ('1','1','fds','20','1','2017-11-10 21:44:22','1510321462')
ERR: 1364:Field 'is_discuss' doesn't have a default value
 [ SQL语句 ] : INSERT INTO `fdorder` (`user_id`,`address_id`,`address_name`,`order_price`,`order_status`,`order_time`,`order_id`) VALUES ('1','1','fds','20','1','2017-11-10 21:44:22','1510321462')

[ 2017-11-10T21:44:23+08:00 ] 127.0.0.1 /index.php/Home/Fdorder/flowgoods
INFO: [ app_begin ] --START--
INFO: Run Behavior\ReadHtmlCacheBehavior [ RunTime:0.001045s ]
INFO: [ app_begin ] --END-- [ RunTime:0.001650s ]
SQL: SHOW COLUMNS FROM `user` [ RunTime:0.0055s ]
SQL: SELECT * FROM `user` WHERE ( id=1 ) LIMIT 1   [ RunTime:0.0004s ]
SQL: UPDATE `user` SET `grade_num`='9360' WHERE ( id=1 ) [ RunTime:0.0540s ]
SQL: SHOW COLUMNS FROM `address` [ RunTime:0.0288s ]
SQL: SELECT * FROM `address` WHERE ( id=1 ) LIMIT 1   [ RunTime:0.0004s ]
SQL: SHOW COLUMNS FROM `fdorder` [ RunTime:0.0040s ]
NOTIC: [8] Undefined index: validate E:\orderspace\order\ThinkPHP\Library\Think\Model.class.php 第 1185 行.
NOTIC: [8] Undefined index: auto E:\orderspace\order\ThinkPHP\Library\Think\Model.class.php 第 1128 行.
ERR: 1364:Field 'is_discuss' doesn't have a default value
 [ SQL语句 ] : INSERT INTO `fdorder` (`user_id`,`address_id`,`address_name`,`order_price`,`order_status`,`order_time`,`order_id`) VALUES ('1','1','fds','20','1','2017-11-10 21:44:23','1510321463')
ERR: 1364:Field 'is_discuss' doesn't have a default value
 [ SQL语句 ] : INSERT INTO `fdorder` (`user_id`,`address_id`,`address_name`,`order_price`,`order_status`,`order_time`,`order_id`) VALUES ('1','1','fds','20','1','2017-11-10 21:44:23','1510321463')

[ 2017-11-10T21:44:24+08:00 ] 127.0.0.1 /index.php/Home/Fdorder/flowgoods
INFO: [ app_begin ] --START--
INFO: Run Behavior\ReadHtmlCacheBehavior [ RunTime:0.000617s ]
INFO: [ app_begin ] --END-- [ RunTime:0.001037s ]
SQL: SHOW COLUMNS FROM `user` [ RunTime:0.0047s ]
SQL: SELECT * FROM `user` WHERE ( id=1 ) LIMIT 1   [ RunTime:0.0004s ]
SQL: UPDATE `user` SET `grade_num`='9340' WHERE ( id=1 ) [ RunTime:0.0524s ]
SQL: SHOW COLUMNS FROM `address` [ RunTime:0.0034s ]
SQL: SELECT * FROM `address` WHERE ( id=1 ) LIMIT 1   [ RunTime:0.0004s ]
SQL: SHOW COLUMNS FROM `fdorder` [ RunTime:0.0035s ]
NOTIC: [8] Undefined index: validate E:\orderspace\order\ThinkPHP\Library\Think\Model.class.php 第 1185 行.
NOTIC: [8] Undefined index: auto E:\orderspace\order\ThinkPHP\Library\Think\Model.class.php 第 1128 行.
ERR: 1364:Field 'is_discuss' doesn't have a default value
 [ SQL语句 ] : INSERT INTO `fdorder` (`user_id`,`address_id`,`address_name`,`order_price`,`order_status`,`order_time`,`order_id`) VALUES ('1','1','fds','20','1','2017-11-10 21:44:24','1510321464')
ERR: 1364:Field 'is_discuss' doesn't have a default value
 [ SQL语句 ] : INSERT INTO `fdorder` (`user_id`,`address_id`,`address_name`,`order_price`,`order_status`,`order_time`,`order_id`) VALUES ('1','1','fds','20','1','2017-11-10 21:44:24','1510321464')

[ 2017-11-10T21:44:25+08:00 ] 127.0.0.1 /index.php/Home/Fdorder/flowgoods
INFO: [ app_begin ] --START--
INFO: Run Behavior\ReadHtmlCacheBehavior [ RunTime:0.000699s ]
INFO: [ app_begin ] --END-- [ RunTime:0.001176s ]
SQL: SHOW COLUMNS FROM `user` [ RunTime:0.0053s ]
SQL: SELECT * FROM `user` WHERE ( id=1 ) LIMIT 1   [ RunTime:0.0004s ]
SQL: UPDATE `user` SET `grade_num`='9320' WHERE ( id=1 ) [ RunTime:0.0471s ]
SQL: SHOW COLUMNS FROM `address` [ RunTime:0.0039s ]
SQL: SELECT * FROM `address` WHERE ( id=1 ) LIMIT 1   [ RunTime:0.0004s ]
SQL: SHOW COLUMNS FROM `fdorder` [ RunTime:0.0038s ]
NOTIC: [8] Undefined index: validate E:\orderspace\order\ThinkPHP\Library\Think\Model.class.php 第 1185 行.
NOTIC: [8] Undefined index: auto E:\orderspace\order\ThinkPHP\Library\Think\Model.class.php 第 1128 行.
ERR: 1364:Field 'is_discuss' doesn't have a default value
 [ SQL语句 ] : INSERT INTO `fdorder` (`user_id`,`address_id`,`address_name`,`order_price`,`order_status`,`order_time`,`order_id`) VALUES ('1','1','fds','20','1','2017-11-10 21:44:25','1510321465')
ERR: 1364:Field 'is_discuss' doesn't have a default value
 [ SQL语句 ] : INSERT INTO `fdorder` (`user_id`,`address_id`,`address_name`,`order_price`,`order_status`,`order_time`,`order_id`) VALUES ('1','1','fds','20','1','2017-11-10 21:44:25','1510321465')

[ 2017-11-10T21:44:26+08:00 ] 127.0.0.1 /index.php/Home/Fdorder/flowgoods
INFO: [ app_begin ] --START--
INFO: Run Behavior\ReadHtmlCacheBehavior [ RunTime:0.000632s ]
INFO: [ app_begin ] --END-- [ RunTime:0.001100s ]
SQL: SHOW COLUMNS FROM `user` [ RunTime:0.0048s ]
SQL: SELECT * FROM `user` WHERE ( id=1 ) LIMIT 1   [ RunTime:0.0004s ]
SQL: UPDATE `user` SET `grade_num`='9300' WHERE ( id=1 ) [ RunTime:0.0337s ]
SQL: SHOW COLUMNS FROM `address` [ RunTime:0.0035s ]
SQL: SELECT * FROM `address` WHERE ( id=1 ) LIMIT 1   [ RunTime:0.0003s ]
SQL: SHOW COLUMNS FROM `fdorder` [ RunTime:0.0036s ]
NOTIC: [8] Undefined index: validate E:\orderspace\order\ThinkPHP\Library\Think\Model.class.php 第 1185 行.
NOTIC: [8] Undefined index: auto E:\orderspace\order\ThinkPHP\Library\Think\Model.class.php 第 1128 行.
ERR: 1364:Field 'is_discuss' doesn't have a default value
 [ SQL语句 ] : INSERT INTO `fdorder` (`user_id`,`address_id`,`address_name`,`order_price`,`order_status`,`order_time`,`order_id`) VALUES ('1','1','fds','20','1','2017-11-10 21:44:26','1510321466')
ERR: 1364:Field 'is_discuss' doesn't have a default value
 [ SQL语句 ] : INSERT INTO `fdorder` (`user_id`,`address_id`,`address_name`,`order_price`,`order_status`,`order_time`,`order_id`) VALUES ('1','1','fds','20','1','2017-11-10 21:44:26','1510321466')

[ 2017-11-10T21:44:27+08:00 ] 127.0.0.1 /index.php/Home/Fdorder/flowgoods
INFO: [ app_begin ] --START--
INFO: Run Behavior\ReadHtmlCacheBehavior [ RunTime:0.000681s ]
INFO: [ app_begin ] --END-- [ RunTime:0.001137s ]
SQL: SHOW COLUMNS FROM `user` [ RunTime:0.0057s ]
SQL: SELECT * FROM `user` WHERE ( id=1 ) LIMIT 1   [ RunTime:0.0005s ]
SQL: UPDATE `user` SET `grade_num`='9280' WHERE ( id=1 ) [ RunTime:0.0343s ]
SQL: SHOW COLUMNS FROM `address` [ RunTime:0.0037s ]
SQL: SELECT * FROM `address` WHERE ( id=1 ) LIMIT 1   [ RunTime:0.0004s ]
SQL: SHOW COLUMNS FROM `fdorder` [ RunTime:0.0034s ]
NOTIC: [8] Undefined index: validate E:\orderspace\order\ThinkPHP\Library\Think\Model.class.php 第 1185 行.
NOTIC: [8] Undefined index: auto E:\orderspace\order\ThinkPHP\Library\Think\Model.class.php 第 1128 行.
ERR: 1364:Field 'is_discuss' doesn't have a default value
 [ SQL语句 ] : INSERT INTO `fdorder` (`user_id`,`address_id`,`address_name`,`order_price`,`order_status`,`order_time`,`order_id`) VALUES ('1','1','fds','20','1','2017-11-10 21:44:27','1510321467')
ERR: 1364:Field 'is_discuss' doesn't have a default value
 [ SQL语句 ] : INSERT INTO `fdorder` (`user_id`,`address_id`,`address_name`,`order_price`,`order_status`,`order_time`,`order_id`) VALUES ('1','1','fds','20','1','2017-11-10 21:44:27','1510321467')

[ 2017-11-10T21:44:28+08:00 ] 127.0.0.1 /index.php/Home/Fdorder/flowgoods
INFO: [ app_begin ] --START--
INFO: Run Behavior\ReadHtmlCacheBehavior [ RunTime:0.000795s ]
INFO: [ app_begin ] --END-- [ RunTime:0.001315s ]
SQL: SHOW COLUMNS FROM `user` [ RunTime:0.0054s ]
SQL: SELECT * FROM `user` WHERE ( id=1 ) LIMIT 1   [ RunTime:0.0004s ]
SQL: UPDATE `user` SET `grade_num`='9260' WHERE ( id=1 ) [ RunTime:0.0445s ]
SQL: SHOW COLUMNS FROM `address` [ RunTime:0.0034s ]
SQL: SELECT * FROM `address` WHERE ( id=1 ) LIMIT 1   [ RunTime:0.0003s ]
SQL: SHOW COLUMNS FROM `fdorder` [ RunTime:0.0034s ]
NOTIC: [8] Undefined index: validate E:\orderspace\order\ThinkPHP\Library\Think\Model.class.php 第 1185 行.
NOTIC: [8] Undefined index: auto E:\orderspace\order\ThinkPHP\Library\Think\Model.class.php 第 1128 行.
ERR: 1364:Field 'is_discuss' doesn't have a default value
 [ SQL语句 ] : INSERT INTO `fdorder` (`user_id`,`address_id`,`address_name`,`order_price`,`order_status`,`order_time`,`order_id`) VALUES ('1','1','fds','20','1','2017-11-10 21:44:28','1510321468')
ERR: 1364:Field 'is_discuss' doesn't have a default value
 [ SQL语句 ] : INSERT INTO `fdorder` (`user_id`,`address_id`,`address_name`,`order_price`,`order_status`,`order_time`,`order_id`) VALUES ('1','1','fds','20','1','2017-11-10 21:44:28','1510321468')

[ 2017-11-10T21:44:29+08:00 ] 127.0.0.1 /index.php/Home/Fdorder/flowgoods
INFO: [ app_begin ] --START--
INFO: Run Behavior\ReadHtmlCacheBehavior [ RunTime:0.000773s ]
INFO: [ app_begin ] --END-- [ RunTime:0.001371s ]
SQL: SHOW COLUMNS FROM `user` [ RunTime:0.0038s ]
SQL: SELECT * FROM `user` WHERE ( id=1 ) LIMIT 1   [ RunTime:0.0004s ]
SQL: UPDATE `user` SET `grade_num`='9240' WHERE ( id=1 ) [ RunTime:0.0447s ]
SQL: SHOW COLUMNS FROM `address` [ RunTime:0.0037s ]
SQL: SELECT * FROM `address` WHERE ( id=1 ) LIMIT 1   [ RunTime:0.0005s ]
SQL: SHOW COLUMNS FROM `fdorder` [ RunTime:0.0057s ]
NOTIC: [8] Undefined index: validate E:\orderspace\order\ThinkPHP\Library\Think\Model.class.php 第 1185 行.
NOTIC: [8] Undefined index: auto E:\orderspace\order\ThinkPHP\Library\Think\Model.class.php 第 1128 行.
ERR: 1364:Field 'is_discuss' doesn't have a default value
 [ SQL语句 ] : INSERT INTO `fdorder` (`user_id`,`address_id`,`address_name`,`order_price`,`order_status`,`order_time`,`order_id`) VALUES ('1','1','fds','20','1','2017-11-10 21:44:29','1510321469')
ERR: 1364:Field 'is_discuss' doesn't have a default value
 [ SQL语句 ] : INSERT INTO `fdorder` (`user_id`,`address_id`,`address_name`,`order_price`,`order_status`,`order_time`,`order_id`) VALUES ('1','1','fds','20','1','2017-11-10 21:44:29','1510321469')

[ 2017-11-10T21:44:30+08:00 ] 127.0.0.1 /index.php/Home/Fdorder/flowgoods
INFO: [ app_begin ] --START--
INFO: Run Behavior\ReadHtmlCacheBehavior [ RunTime:0.000761s ]
INFO: [ app_begin ] --END-- [ RunTime:0.001253s ]
SQL: SHOW COLUMNS FROM `user` [ RunTime:0.0047s ]
SQL: SELECT * FROM `user` WHERE ( id=1 ) LIMIT 1   [ RunTime:0.0004s ]
SQL: UPDATE `user` SET `grade_num`='9220' WHERE ( id=1 ) [ RunTime:0.0519s ]
SQL: SHOW COLUMNS FROM `address` [ RunTime:0.0034s ]
SQL: SELECT * FROM `address` WHERE ( id=1 ) LIMIT 1   [ RunTime:0.0004s ]
SQL: SHOW COLUMNS FROM `fdorder` [ RunTime:0.0038s ]
NOTIC: [8] Undefined index: validate E:\orderspace\order\ThinkPHP\Library\Think\Model.class.php 第 1185 行.
NOTIC: [8] Undefined index: auto E:\orderspace\order\ThinkPHP\Library\Think\Model.class.php 第 1128 行.
ERR: 1364:Field 'is_discuss' doesn't have a default value
 [ SQL语句 ] : INSERT INTO `fdorder` (`user_id`,`address_id`,`address_name`,`order_price`,`order_status`,`order_time`,`order_id`) VALUES ('1','1','fds','20','1','2017-11-10 21:44:30','1510321470')
ERR: 1364:Field 'is_discuss' doesn't have a default value
 [ SQL语句 ] : INSERT INTO `fdorder` (`user_id`,`address_id`,`address_name`,`order_price`,`order_status`,`order_time`,`order_id`) VALUES ('1','1','fds','20','1','2017-11-10 21:44:30','1510321470')

[ 2017-11-10T21:44:32+08:00 ] 127.0.0.1 /index.php/Home/Fdorder/flowgoods
INFO: [ app_begin ] --START--
INFO: Run Behavior\ReadHtmlCacheBehavior [ RunTime:0.000793s ]
INFO: [ app_begin ] --END-- [ RunTime:0.001250s ]
SQL: SHOW COLUMNS FROM `user` [ RunTime:0.0065s ]
SQL: SELECT * FROM `user` WHERE ( id=1 ) LIMIT 1   [ RunTime:0.0004s ]
SQL: UPDATE `user` SET `grade_num`='9200' WHERE ( id=1 ) [ RunTime:0.0478s ]
SQL: SHOW COLUMNS FROM `address` [ RunTime:0.0033s ]
SQL: SELECT * FROM `address` WHERE ( id=1 ) LIMIT 1   [ RunTime:0.0003s ]
SQL: SHOW COLUMNS FROM `fdorder` [ RunTime:0.0034s ]
NOTIC: [8] Undefined index: validate E:\orderspace\order\ThinkPHP\Library\Think\Model.class.php 第 1185 行.
NOTIC: [8] Undefined index: auto E:\orderspace\order\ThinkPHP\Library\Think\Model.class.php 第 1128 行.
ERR: 1364:Field 'is_discuss' doesn't have a default value
 [ SQL语句 ] : INSERT INTO `fdorder` (`user_id`,`address_id`,`address_name`,`order_price`,`order_status`,`order_time`,`order_id`) VALUES ('1','1','fds','20','1','2017-11-10 21:44:32','1510321472')
ERR: 1364:Field 'is_discuss' doesn't have a default value
 [ SQL语句 ] : INSERT INTO `fdorder` (`user_id`,`address_id`,`address_name`,`order_price`,`order_status`,`order_time`,`order_id`) VALUES ('1','1','fds','20','1','2017-11-10 21:44:32','1510321472')

[ 2017-11-10T21:44:33+08:00 ] 127.0.0.1 /index.php/Home/Fdorder/flowgoods
INFO: [ app_begin ] --START--
INFO: Run Behavior\ReadHtmlCacheBehavior [ RunTime:0.000811s ]
INFO: [ app_begin ] --END-- [ RunTime:0.001235s ]
SQL: SHOW COLUMNS FROM `user` [ RunTime:0.0054s ]
SQL: SELECT * FROM `user` WHERE ( id=1 ) LIMIT 1   [ RunTime:0.0004s ]
SQL: UPDATE `user` SET `grade_num`='9180' WHERE ( id=1 ) [ RunTime:0.0440s ]
SQL: SHOW COLUMNS FROM `address` [ RunTime:0.0040s ]
SQL: SELECT * FROM `address` WHERE ( id=1 ) LIMIT 1   [ RunTime:0.0004s ]
SQL: SHOW COLUMNS FROM `fdorder` [ RunTime:0.0034s ]
NOTIC: [8] Undefined index: validate E:\orderspace\order\ThinkPHP\Library\Think\Model.class.php 第 1185 行.
NOTIC: [8] Undefined index: auto E:\orderspace\order\ThinkPHP\Library\Think\Model.class.php 第 1128 行.
ERR: 1364:Field 'is_discuss' doesn't have a default value
 [ SQL语句 ] : INSERT INTO `fdorder` (`user_id`,`address_id`,`address_name`,`order_price`,`order_status`,`order_time`,`order_id`) VALUES ('1','1','fds','20','1','2017-11-10 21:44:33','1510321473')
ERR: 1364:Field 'is_discuss' doesn't have a default value
 [ SQL语句 ] : INSERT INTO `fdorder` (`user_id`,`address_id`,`address_name`,`order_price`,`order_status`,`order_time`,`order_id`) VALUES ('1','1','fds','20','1','2017-11-10 21:44:33','1510321473')

[ 2017-11-10T21:44:34+08:00 ] 127.0.0.1 /index.php/Home/Fdorder/flowgoods
INFO: [ app_begin ] --START--
INFO: Run Behavior\ReadHtmlCacheBehavior [ RunTime:0.000945s ]
INFO: [ app_begin ] --END-- [ RunTime:0.001487s ]
SQL: SHOW COLUMNS FROM `user` [ RunTime:0.0053s ]
SQL: SELECT * FROM `user` WHERE ( id=1 ) LIMIT 1   [ RunTime:0.0004s ]
SQL: UPDATE `user` SET `grade_num`='9160' WHERE ( id=1 ) [ RunTime:0.0470s ]
SQL: SHOW COLUMNS FROM `address` [ RunTime:0.0035s ]
SQL: SELECT * FROM `address` WHERE ( id=1 ) LIMIT 1   [ RunTime:0.0004s ]
SQL: SHOW COLUMNS FROM `fdorder` [ RunTime:0.0034s ]
NOTIC: [8] Undefined index: validate E:\orderspace\order\ThinkPHP\Library\Think\Model.class.php 第 1185 行.
NOTIC: [8] Undefined index: auto E:\orderspace\order\ThinkPHP\Library\Think\Model.class.php 第 1128 行.
ERR: 1364:Field 'is_discuss' doesn't have a default value
 [ SQL语句 ] : INSERT INTO `fdorder` (`user_id`,`address_id`,`address_name`,`order_price`,`order_status`,`order_time`,`order_id`) VALUES ('1','1','fds','20','1','2017-11-10 21:44:34','1510321474')
ERR: 1364:Field 'is_discuss' doesn't have a default value
 [ SQL语句 ] : INSERT INTO `fdorder` (`user_id`,`address_id`,`address_name`,`order_price`,`order_status`,`order_time`,`order_id`) VALUES ('1','1','fds','20','1','2017-11-10 21:44:34','1510321474')

[ 2017-11-10T21:44:35+08:00 ] 127.0.0.1 /index.php/Home/Fdorder/flowgoods
INFO: [ app_begin ] --START--
INFO: Run Behavior\ReadHtmlCacheBehavior [ RunTime:0.000650s ]
INFO: [ app_begin ] --END-- [ RunTime:0.001116s ]
SQL: SHOW COLUMNS FROM `user` [ RunTime:0.0049s ]
SQL: SELECT * FROM `user` WHERE ( id=1 ) LIMIT 1   [ RunTime:0.0004s ]
SQL: UPDATE `user` SET `grade_num`='9140' WHERE ( id=1 ) [ RunTime:0.0478s ]
SQL: SHOW COLUMNS FROM `address` [ RunTime:0.0036s ]
SQL: SELECT * FROM `address` WHERE ( id=1 ) LIMIT 1   [ RunTime:0.0003s ]
SQL: SHOW COLUMNS FROM `fdorder` [ RunTime:0.0033s ]
NOTIC: [8] Undefined index: validate E:\orderspace\order\ThinkPHP\Library\Think\Model.class.php 第 1185 行.
NOTIC: [8] Undefined index: auto E:\orderspace\order\ThinkPHP\Library\Think\Model.class.php 第 1128 行.
ERR: 1364:Field 'is_discuss' doesn't have a default value
 [ SQL语句 ] : INSERT INTO `fdorder` (`user_id`,`address_id`,`address_name`,`order_price`,`order_status`,`order_time`,`order_id`) VALUES ('1','1','fds','20','1','2017-11-10 21:44:35','1510321475')
ERR: 1364:Field 'is_discuss' doesn't have a default value
 [ SQL语句 ] : INSERT INTO `fdorder` (`user_id`,`address_id`,`address_name`,`order_price`,`order_status`,`order_time`,`order_id`) VALUES ('1','1','fds','20','1','2017-11-10 21:44:35','1510321475')

[ 2017-11-10T21:44:36+08:00 ] 127.0.0.1 /index.php/Home/Fdorder/flowgoods
INFO: [ app_begin ] --START--
INFO: Run Behavior\ReadHtmlCacheBehavior [ RunTime:0.000719s ]
INFO: [ app_begin ] --END-- [ RunTime:0.001148s ]
SQL: SHOW COLUMNS FROM `user` [ RunTime:0.0035s ]
SQL: SELECT * FROM `user` WHERE ( id=1 ) LIMIT 1   [ RunTime:0.0004s ]
SQL: UPDATE `user` SET `grade_num`='9120' WHERE ( id=1 ) [ RunTime:0.0471s ]
SQL: SHOW COLUMNS FROM `address` [ RunTime:0.0278s ]
SQL: SELECT * FROM `address` WHERE ( id=1 ) LIMIT 1   [ RunTime:0.0004s ]
SQL: SHOW COLUMNS FROM `fdorder` [ RunTime:0.0034s ]
NOTIC: [8] Undefined index: validate E:\orderspace\order\ThinkPHP\Library\Think\Model.class.php 第 1185 行.
NOTIC: [8] Undefined index: auto E:\orderspace\order\ThinkPHP\Library\Think\Model.class.php 第 1128 行.
ERR: 1364:Field 'is_discuss' doesn't have a default value
 [ SQL语句 ] : INSERT INTO `fdorder` (`user_id`,`address_id`,`address_name`,`order_price`,`order_status`,`order_time`,`order_id`) VALUES ('1','1','fds','20','1','2017-11-10 21:44:36','1510321476')
ERR: 1364:Field 'is_discuss' doesn't have a default value
 [ SQL语句 ] : INSERT INTO `fdorder` (`user_id`,`address_id`,`address_name`,`order_price`,`order_status`,`order_time`,`order_id`) VALUES ('1','1','fds','20','1','2017-11-10 21:44:36','1510321476')

[ 2017-11-10T21:44:37+08:00 ] 127.0.0.1 /index.php/Home/Fdorder/flowgoods
INFO: [ app_begin ] --START--
INFO: Run Behavior\ReadHtmlCacheBehavior [ RunTime:0.000816s ]
INFO: [ app_begin ] --END-- [ RunTime:0.001346s ]
SQL: SHOW COLUMNS FROM `user` [ RunTime:0.0054s ]
SQL: SELECT * FROM `user` WHERE ( id=1 ) LIMIT 1   [ RunTime:0.0005s ]
SQL: UPDATE `user` SET `grade_num`='9100' WHERE ( id=1 ) [ RunTime:0.0535s ]
SQL: SHOW COLUMNS FROM `address` [ RunTime:0.0293s ]
SQL: SELECT * FROM `address` WHERE ( id=1 ) LIMIT 1   [ RunTime:0.0004s ]
SQL: SHOW COLUMNS FROM `fdorder` [ RunTime:0.0036s ]
NOTIC: [8] Undefined index: validate E:\orderspace\order\ThinkPHP\Library\Think\Model.class.php 第 1185 行.
NOTIC: [8] Undefined index: auto E:\orderspace\order\ThinkPHP\Library\Think\Model.class.php 第 1128 行.
ERR: 1364:Field 'is_discuss' doesn't have a default value
 [ SQL语句 ] : INSERT INTO `fdorder` (`user_id`,`address_id`,`address_name`,`order_price`,`order_status`,`order_time`,`order_id`) VALUES ('1','1','fds','20','1','2017-11-10 21:44:37','1510321477')
ERR: 1364:Field 'is_discuss' doesn't have a default value
 [ SQL语句 ] : INSERT INTO `fdorder` (`user_id`,`address_id`,`address_name`,`order_price`,`order_status`,`order_time`,`order_id`) VALUES ('1','1','fds','20','1','2017-11-10 21:44:37','1510321477')

[ 2017-11-10T21:44:38+08:00 ] 127.0.0.1 /index.php/Home/Fdorder/flowgoods
INFO: [ app_begin ] --START--
INFO: Run Behavior\ReadHtmlCacheBehavior [ RunTime:0.000749s ]
INFO: [ app_begin ] --END-- [ RunTime:0.001228s ]
SQL: SHOW COLUMNS FROM `user` [ RunTime:0.0047s ]
SQL: SELECT * FROM `user` WHERE ( id=1 ) LIMIT 1   [ RunTime:0.0004s ]
SQL: UPDATE `user` SET `grade_num`='9080' WHERE ( id=1 ) [ RunTime:0.0489s ]
SQL: SHOW COLUMNS FROM `address` [ RunTime:0.0036s ]
SQL: SELECT * FROM `address` WHERE ( id=1 ) LIMIT 1   [ RunTime:0.0004s ]
SQL: SHOW COLUMNS FROM `fdorder` [ RunTime:0.0034s ]
NOTIC: [8] Undefined index: validate E:\orderspace\order\ThinkPHP\Library\Think\Model.class.php 第 1185 行.
NOTIC: [8] Undefined index: auto E:\orderspace\order\ThinkPHP\Library\Think\Model.class.php 第 1128 行.
ERR: 1364:Field 'is_discuss' doesn't have a default value
 [ SQL语句 ] : INSERT INTO `fdorder` (`user_id`,`address_id`,`address_name`,`order_price`,`order_status`,`order_time`,`order_id`) VALUES ('1','1','fds','20','1','2017-11-10 21:44:38','1510321478')
ERR: 1364:Field 'is_discuss' doesn't have a default value
 [ SQL语句 ] : INSERT INTO `fdorder` (`user_id`,`address_id`,`address_name`,`order_price`,`order_status`,`order_time`,`order_id`) VALUES ('1','1','fds','20','1','2017-11-10 21:44:38','1510321478')

[ 2017-11-10T21:44:39+08:00 ] 127.0.0.1 /index.php/Home/Fdorder/flowgoods
INFO: [ app_begin ] --START--
INFO: Run Behavior\ReadHtmlCacheBehavior [ RunTime:0.000823s ]
INFO: [ app_begin ] --END-- [ RunTime:0.001373s ]
SQL: SHOW COLUMNS FROM `user` [ RunTime:0.0053s ]
SQL: SELECT * FROM `user` WHERE ( id=1 ) LIMIT 1   [ RunTime:0.0004s ]
SQL: UPDATE `user` SET `grade_num`='9060' WHERE ( id=1 ) [ RunTime:0.0443s ]
SQL: SHOW COLUMNS FROM `address` [ RunTime:0.0035s ]
SQL: SELECT * FROM `address` WHERE ( id=1 ) LIMIT 1   [ RunTime:0.0003s ]
SQL: SHOW COLUMNS FROM `fdorder` [ RunTime:0.0034s ]
NOTIC: [8] Undefined index: validate E:\orderspace\order\ThinkPHP\Library\Think\Model.class.php 第 1185 行.
NOTIC: [8] Undefined index: auto E:\orderspace\order\ThinkPHP\Library\Think\Model.class.php 第 1128 行.
ERR: 1364:Field 'is_discuss' doesn't have a default value
 [ SQL语句 ] : INSERT INTO `fdorder` (`user_id`,`address_id`,`address_name`,`order_price`,`order_status`,`order_time`,`order_id`) VALUES ('1','1','fds','20','1','2017-11-10 21:44:39','1510321479')
ERR: 1364:Field 'is_discuss' doesn't have a default value
 [ SQL语句 ] : INSERT INTO `fdorder` (`user_id`,`address_id`,`address_name`,`order_price`,`order_status`,`order_time`,`order_id`) VALUES ('1','1','fds','20','1','2017-11-10 21:44:39','1510321479')

[ 2017-11-10T21:44:40+08:00 ] 127.0.0.1 /index.php/Home/Fdorder/flowgoods
INFO: [ app_begin ] --START--
INFO: Run Behavior\ReadHtmlCacheBehavior [ RunTime:0.000819s ]
INFO: [ app_begin ] --END-- [ RunTime:0.001438s ]
SQL: SHOW COLUMNS FROM `user` [ RunTime:0.0049s ]
SQL: SELECT * FROM `user` WHERE ( id=1 ) LIMIT 1   [ RunTime:0.0004s ]
SQL: UPDATE `user` SET `grade_num`='9040' WHERE ( id=1 ) [ RunTime:0.0454s ]
SQL: SHOW COLUMNS FROM `address` [ RunTime:0.0036s ]
SQL: SELECT * FROM `address` WHERE ( id=1 ) LIMIT 1   [ RunTime:0.0003s ]
SQL: SHOW COLUMNS FROM `fdorder` [ RunTime:0.0037s ]
NOTIC: [8] Undefined index: validate E:\orderspace\order\ThinkPHP\Library\Think\Model.class.php 第 1185 行.
NOTIC: [8] Undefined index: auto E:\orderspace\order\ThinkPHP\Library\Think\Model.class.php 第 1128 行.
ERR: 1364:Field 'is_discuss' doesn't have a default value
 [ SQL语句 ] : INSERT INTO `fdorder` (`user_id`,`address_id`,`address_name`,`order_price`,`order_status`,`order_time`,`order_id`) VALUES ('1','1','fds','20','1','2017-11-10 21:44:40','1510321480')
ERR: 1364:Field 'is_discuss' doesn't have a default value
 [ SQL语句 ] : INSERT INTO `fdorder` (`user_id`,`address_id`,`address_name`,`order_price`,`order_status`,`order_time`,`order_id`) VALUES ('1','1','fds','20','1','2017-11-10 21:44:40','1510321480')

[ 2017-11-10T21:44:41+08:00 ] 127.0.0.1 /index.php/Home/Fdorder/flowgoods
INFO: [ app_begin ] --START--
INFO: Run Behavior\ReadHtmlCacheBehavior [ RunTime:0.000819s ]
INFO: [ app_begin ] --END-- [ RunTime:0.001311s ]
SQL: SHOW COLUMNS FROM `user` [ RunTime:0.0039s ]
SQL: SELECT * FROM `user` WHERE ( id=1 ) LIMIT 1   [ RunTime:0.0005s ]
SQL: UPDATE `user` SET `grade_num`='9020' WHERE ( id=1 ) [ RunTime:0.0465s ]
SQL: SHOW COLUMNS FROM `address` [ RunTime:0.0050s ]
SQL: SELECT * FROM `address` WHERE ( id=1 ) LIMIT 1   [ RunTime:0.0006s ]
SQL: SHOW COLUMNS FROM `fdorder` [ RunTime:0.0076s ]
NOTIC: [8] Undefined index: validate E:\orderspace\order\ThinkPHP\Library\Think\Model.class.php 第 1185 行.
NOTIC: [8] Undefined index: auto E:\orderspace\order\ThinkPHP\Library\Think\Model.class.php 第 1128 行.
ERR: 1364:Field 'is_discuss' doesn't have a default value
 [ SQL语句 ] : INSERT INTO `fdorder` (`user_id`,`address_id`,`address_name`,`order_price`,`order_status`,`order_time`,`order_id`) VALUES ('1','1','fds','20','1','2017-11-10 21:44:41','1510321481')
ERR: 1364:Field 'is_discuss' doesn't have a default value
 [ SQL语句 ] : INSERT INTO `fdorder` (`user_id`,`address_id`,`address_name`,`order_price`,`order_status`,`order_time`,`order_id`) VALUES ('1','1','fds','20','1','2017-11-10 21:44:41','1510321481')

[ 2017-11-10T21:44:42+08:00 ] 127.0.0.1 /index.php/Home/Fdorder/flowgoods
INFO: [ app_begin ] --START--
INFO: Run Behavior\ReadHtmlCacheBehavior [ RunTime:0.000832s ]
INFO: [ app_begin ] --END-- [ RunTime:0.001306s ]
SQL: SHOW COLUMNS FROM `user` [ RunTime:0.0060s ]
SQL: SELECT * FROM `user` WHERE ( id=1 ) LIMIT 1   [ RunTime:0.0005s ]
SQL: UPDATE `user` SET `grade_num`='9000' WHERE ( id=1 ) [ RunTime:0.0520s ]
SQL: SHOW COLUMNS FROM `address` [ RunTime:0.0046s ]
SQL: SELECT * FROM `address` WHERE ( id=1 ) LIMIT 1   [ RunTime:0.0004s ]
SQL: SHOW COLUMNS FROM `fdorder` [ RunTime:0.0048s ]
NOTIC: [8] Undefined index: validate E:\orderspace\order\ThinkPHP\Library\Think\Model.class.php 第 1185 行.
NOTIC: [8] Undefined index: auto E:\orderspace\order\ThinkPHP\Library\Think\Model.class.php 第 1128 行.
ERR: 1364:Field 'is_discuss' doesn't have a default value
 [ SQL语句 ] : INSERT INTO `fdorder` (`user_id`,`address_id`,`address_name`,`order_price`,`order_status`,`order_time`,`order_id`) VALUES ('1','1','fds','20','1','2017-11-10 21:44:42','1510321482')
ERR: 1364:Field 'is_discuss' doesn't have a default value
 [ SQL语句 ] : INSERT INTO `fdorder` (`user_id`,`address_id`,`address_name`,`order_price`,`order_status`,`order_time`,`order_id`) VALUES ('1','1','fds','20','1','2017-11-10 21:44:42','1510321482')

[ 2017-11-10T21:44:44+08:00 ] 127.0.0.1 /index.php/Home/Fdorder/flowgoods
INFO: [ app_begin ] --START--
INFO: Run Behavior\ReadHtmlCacheBehavior [ RunTime:0.000671s ]
INFO: [ app_begin ] --END-- [ RunTime:0.001144s ]
SQL: SHOW COLUMNS FROM `user` [ RunTime:0.0054s ]
SQL: SELECT * FROM `user` WHERE ( id=1 ) LIMIT 1   [ RunTime:0.0004s ]
SQL: UPDATE `user` SET `grade_num`='8980' WHERE ( id=1 ) [ RunTime:0.0509s ]
SQL: SHOW COLUMNS FROM `address` [ RunTime:0.0035s ]
SQL: SELECT * FROM `address` WHERE ( id=1 ) LIMIT 1   [ RunTime:0.0003s ]
SQL: SHOW COLUMNS FROM `fdorder` [ RunTime:0.0035s ]
NOTIC: [8] Undefined index: validate E:\orderspace\order\ThinkPHP\Library\Think\Model.class.php 第 1185 行.
NOTIC: [8] Undefined index: auto E:\orderspace\order\ThinkPHP\Library\Think\Model.class.php 第 1128 行.
ERR: 1364:Field 'is_discuss' doesn't have a default value
 [ SQL语句 ] : INSERT INTO `fdorder` (`user_id`,`address_id`,`address_name`,`order_price`,`order_status`,`order_time`,`order_id`) VALUES ('1','1','fds','20','1','2017-11-10 21:44:44','1510321484')
ERR: 1364:Field 'is_discuss' doesn't have a default value
 [ SQL语句 ] : INSERT INTO `fdorder` (`user_id`,`address_id`,`address_name`,`order_price`,`order_status`,`order_time`,`order_id`) VALUES ('1','1','fds','20','1','2017-11-10 21:44:44','1510321484')

[ 2017-11-10T21:44:45+08:00 ] 127.0.0.1 /index.php/Home/Fdorder/flowgoods
INFO: [ app_begin ] --START--
INFO: Run Behavior\ReadHtmlCacheBehavior [ RunTime:0.000722s ]
INFO: [ app_begin ] --END-- [ RunTime:0.001208s ]
SQL: SHOW COLUMNS FROM `user` [ RunTime:0.0051s ]
SQL: SELECT * FROM `user` WHERE ( id=1 ) LIMIT 1   [ RunTime:0.0004s ]
SQL: UPDATE `user` SET `grade_num`='8960' WHERE ( id=1 ) [ RunTime:0.0457s ]
SQL: SHOW COLUMNS FROM `address` [ RunTime:0.0046s ]
SQL: SELECT * FROM `address` WHERE ( id=1 ) LIMIT 1   [ RunTime:0.0004s ]
SQL: SHOW COLUMNS FROM `fdorder` [ RunTime:0.0035s ]
NOTIC: [8] Undefined index: validate E:\orderspace\order\ThinkPHP\Library\Think\Model.class.php 第 1185 行.
NOTIC: [8] Undefined index: auto E:\orderspace\order\ThinkPHP\Library\Think\Model.class.php 第 1128 行.
ERR: 1364:Field 'is_discuss' doesn't have a default value
 [ SQL语句 ] : INSERT INTO `fdorder` (`user_id`,`address_id`,`address_name`,`order_price`,`order_status`,`order_time`,`order_id`) VALUES ('1','1','fds','20','1','2017-11-10 21:44:45','1510321485')
ERR: 1364:Field 'is_discuss' doesn't have a default value
 [ SQL语句 ] : INSERT INTO `fdorder` (`user_id`,`address_id`,`address_name`,`order_price`,`order_status`,`order_time`,`order_id`) VALUES ('1','1','fds','20','1','2017-11-10 21:44:45','1510321485')

[ 2017-11-10T21:44:46+08:00 ] 127.0.0.1 /index.php/Home/Fdorder/flowgoods
INFO: [ app_begin ] --START--
INFO: Run Behavior\ReadHtmlCacheBehavior [ RunTime:0.000629s ]
INFO: [ app_begin ] --END-- [ RunTime:0.001130s ]
SQL: SHOW COLUMNS FROM `user` [ RunTime:0.0068s ]
SQL: SELECT * FROM `user` WHERE ( id=1 ) LIMIT 1   [ RunTime:0.0005s ]
SQL: UPDATE `user` SET `grade_num`='8940' WHERE ( id=1 ) [ RunTime:0.0545s ]
SQL: SHOW COLUMNS FROM `address` [ RunTime:0.0266s ]
SQL: SELECT * FROM `address` WHERE ( id=1 ) LIMIT 1   [ RunTime:0.0004s ]
SQL: SHOW COLUMNS FROM `fdorder` [ RunTime:0.0035s ]
NOTIC: [8] Undefined index: validate E:\orderspace\order\ThinkPHP\Library\Think\Model.class.php 第 1185 行.
NOTIC: [8] Undefined index: auto E:\orderspace\order\ThinkPHP\Library\Think\Model.class.php 第 1128 行.
ERR: 1364:Field 'is_discuss' doesn't have a default value
 [ SQL语句 ] : INSERT INTO `fdorder` (`user_id`,`address_id`,`address_name`,`order_price`,`order_status`,`order_time`,`order_id`) VALUES ('1','1','fds','20','1','2017-11-10 21:44:46','1510321486')
ERR: 1364:Field 'is_discuss' doesn't have a default value
 [ SQL语句 ] : INSERT INTO `fdorder` (`user_id`,`address_id`,`address_name`,`order_price`,`order_status`,`order_time`,`order_id`) VALUES ('1','1','fds','20','1','2017-11-10 21:44:46','1510321486')

[ 2017-11-10T21:44:47+08:00 ] 127.0.0.1 /index.php/Home/Fdorder/flowgoods
INFO: [ app_begin ] --START--
INFO: Run Behavior\ReadHtmlCacheBehavior [ RunTime:0.000948s ]
INFO: [ app_begin ] --END-- [ RunTime:0.001544s ]
SQL: SHOW COLUMNS FROM `user` [ RunTime:0.0049s ]
SQL: SELECT * FROM `user` WHERE ( id=1 ) LIMIT 1   [ RunTime:0.0004s ]
SQL: UPDATE `user` SET `grade_num`='8920' WHERE ( id=1 ) [ RunTime:0.0444s ]
SQL: SHOW COLUMNS FROM `address` [ RunTime:0.0037s ]
SQL: SELECT * FROM `address` WHERE ( id=1 ) LIMIT 1   [ RunTime:0.0004s ]
SQL: SHOW COLUMNS FROM `fdorder` [ RunTime:0.0035s ]
NOTIC: [8] Undefined index: validate E:\orderspace\order\ThinkPHP\Library\Think\Model.class.php 第 1185 行.
NOTIC: [8] Undefined index: auto E:\orderspace\order\ThinkPHP\Library\Think\Model.class.php 第 1128 行.
ERR: 1364:Field 'is_discuss' doesn't have a default value
 [ SQL语句 ] : INSERT INTO `fdorder` (`user_id`,`address_id`,`address_name`,`order_price`,`order_status`,`order_time`,`order_id`) VALUES ('1','1','fds','20','1','2017-11-10 21:44:47','1510321487')
ERR: 1364:Field 'is_discuss' doesn't have a default value
 [ SQL语句 ] : INSERT INTO `fdorder` (`user_id`,`address_id`,`address_name`,`order_price`,`order_status`,`order_time`,`order_id`) VALUES ('1','1','fds','20','1','2017-11-10 21:44:47','1510321487')

[ 2017-11-10T21:51:36+08:00 ] 127.0.0.1 /index.php/Home/Res/restocart
INFO: [ app_begin ] --START--
INFO: Run Behavior\ReadHtmlCacheBehavior [ RunTime:0.000804s ]
INFO: [ app_begin ] --END-- [ RunTime:0.001331s ]
SQL: SHOW COLUMNS FROM `cart` [ RunTime:0.0047s ]
SQL: SHOW COLUMNS FROM `cart` [ RunTime:0.0033s ]
SQL: SELECT * FROM `cart` WHERE `user_id` = '1' AND `food_id` = '7' AND `is_order` = 0 LIMIT 1   [ RunTime:0.0004s ]
SQL: UPDATE `cart` SET `user_id`='1',`food_id`='7',`num`='2',`is_food`='1',`is_order`='0' WHERE `id` = 28 [ RunTime:0.3113s ]
INFO: [ app_end ] --START--
INFO: Run Behavior\ShowPageTraceBehavior [ RunTime:0.000888s ]
INFO: [ app_end ] --END-- [ RunTime:0.000928s ]

[ 2017-11-10T21:51:38+08:00 ] 127.0.0.1 /index.php/Home/Res/restocart
INFO: [ app_begin ] --START--
INFO: Run Behavior\ReadHtmlCacheBehavior [ RunTime:0.000712s ]
INFO: [ app_begin ] --END-- [ RunTime:0.001185s ]
SQL: SHOW COLUMNS FROM `cart` [ RunTime:0.0047s ]
SQL: SHOW COLUMNS FROM `cart` [ RunTime:0.0032s ]
SQL: SELECT * FROM `cart` WHERE `user_id` = '1' AND `food_id` = '7' AND `is_order` = 0 LIMIT 1   [ RunTime:0.0004s ]
SQL: UPDATE `cart` SET `user_id`='1',`food_id`='7',`num`='3',`is_food`='1',`is_order`='0' WHERE `id` = 28 [ RunTime:0.0484s ]
INFO: [ app_end ] --START--
INFO: Run Behavior\ShowPageTraceBehavior [ RunTime:0.000746s ]
INFO: [ app_end ] --END-- [ RunTime:0.000785s ]

[ 2017-11-10T21:51:40+08:00 ] 127.0.0.1 /index.php/Home/Res/restocart
INFO: [ app_begin ] --START--
INFO: Run Behavior\ReadHtmlCacheBehavior [ RunTime:0.000861s ]
INFO: [ app_begin ] --END-- [ RunTime:0.001386s ]
SQL: SHOW COLUMNS FROM `cart` [ RunTime:0.0047s ]
SQL: SHOW COLUMNS FROM `cart` [ RunTime:0.0037s ]
SQL: SELECT * FROM `cart` WHERE `user_id` = '1' AND `food_id` = '7' AND `is_order` = 0 LIMIT 1   [ RunTime:0.0004s ]
SQL: UPDATE `cart` SET `user_id`='1',`food_id`='7',`num`='4',`is_food`='1',`is_order`='0' WHERE `id` = 28 [ RunTime:0.0516s ]
INFO: [ app_end ] --START--
INFO: Run Behavior\ShowPageTraceBehavior [ RunTime:0.001049s ]
INFO: [ app_end ] --END-- [ RunTime:0.001102s ]

[ 2017-11-10T21:51:41+08:00 ] 127.0.0.1 /index.php/Home/Res/restocart
INFO: [ app_begin ] --START--
INFO: Run Behavior\ReadHtmlCacheBehavior [ RunTime:0.000725s ]
INFO: [ app_begin ] --END-- [ RunTime:0.001178s ]
SQL: SHOW COLUMNS FROM `cart` [ RunTime:0.0049s ]
SQL: SHOW COLUMNS FROM `cart` [ RunTime:0.0040s ]
SQL: SELECT * FROM `cart` WHERE `user_id` = '1' AND `food_id` = '7' AND `is_order` = 0 LIMIT 1   [ RunTime:0.0004s ]
SQL: UPDATE `cart` SET `user_id`='1',`food_id`='7',`num`='5',`is_food`='1',`is_order`='0' WHERE `id` = 28 [ RunTime:0.0287s ]
INFO: [ app_end ] --START--
INFO: Run Behavior\ShowPageTraceBehavior [ RunTime:0.000832s ]
INFO: [ app_end ] --END-- [ RunTime:0.000871s ]

[ 2017-11-10T21:51:42+08:00 ] 127.0.0.1 /index.php/Home/Res/restocart
INFO: [ app_begin ] --START--
INFO: Run Behavior\ReadHtmlCacheBehavior [ RunTime:0.000792s ]
INFO: [ app_begin ] --END-- [ RunTime:0.001310s ]
SQL: SHOW COLUMNS FROM `cart` [ RunTime:0.0050s ]
SQL: SHOW COLUMNS FROM `cart` [ RunTime:0.0037s ]
SQL: SELECT * FROM `cart` WHERE `user_id` = '1' AND `food_id` = '7' AND `is_order` = 0 LIMIT 1   [ RunTime:0.0004s ]
SQL: UPDATE `cart` SET `user_id`='1',`food_id`='7',`num`='6',`is_food`='1',`is_order`='0' WHERE `id` = 28 [ RunTime:0.0521s ]
INFO: [ app_end ] --START--
INFO: Run Behavior\ShowPageTraceBehavior [ RunTime:0.000887s ]
INFO: [ app_end ] --END-- [ RunTime:0.000926s ]

[ 2017-11-10T21:51:45+08:00 ] 127.0.0.1 /index.php/Home/Res/restocart
INFO: [ app_begin ] --START--
INFO: Run Behavior\ReadHtmlCacheBehavior [ RunTime:0.000710s ]
INFO: [ app_begin ] --END-- [ RunTime:0.001151s ]
SQL: SHOW COLUMNS FROM `cart` [ RunTime:0.0061s ]
SQL: SHOW COLUMNS FROM `cart` [ RunTime:0.0037s ]
SQL: SELECT * FROM `cart` WHERE `user_id` = '1' AND `food_id` = '7' AND `is_order` = 0 LIMIT 1   [ RunTime:0.0005s ]
SQL: UPDATE `cart` SET `user_id`='1',`food_id`='7',`num`='8',`is_food`='1',`is_order`='0' WHERE `id` = 28 [ RunTime:0.0537s ]
INFO: [ app_end ] --START--
INFO: Run Behavior\ShowPageTraceBehavior [ RunTime:0.000888s ]
INFO: [ app_end ] --END-- [ RunTime:0.000928s ]

[ 2017-11-10T21:51:46+08:00 ] 127.0.0.1 /index.php/Home/Res/restocart
INFO: [ app_begin ] --START--
INFO: Run Behavior\ReadHtmlCacheBehavior [ RunTime:0.000695s ]
INFO: [ app_begin ] --END-- [ RunTime:0.001173s ]
SQL: SHOW COLUMNS FROM `cart` [ RunTime:0.0047s ]
SQL: SHOW COLUMNS FROM `cart` [ RunTime:0.0036s ]
SQL: SELECT * FROM `cart` WHERE `user_id` = '1' AND `food_id` = '7' AND `is_order` = 0 LIMIT 1   [ RunTime:0.0005s ]
SQL: UPDATE `cart` SET `user_id`='1',`food_id`='7',`num`='10',`is_food`='1',`is_order`='0' WHERE `id` = 28 [ RunTime:0.0538s ]
INFO: [ app_end ] --START--
INFO: Run Behavior\ShowPageTraceBehavior [ RunTime:0.000858s ]
INFO: [ app_end ] --END-- [ RunTime:0.000896s ]

[ 2017-11-10T21:51:47+08:00 ] 127.0.0.1 /index.php/Home/Res/restocart
INFO: [ app_begin ] --START--
INFO: Run Behavior\ReadHtmlCacheBehavior [ RunTime:0.000706s ]
INFO: [ app_begin ] --END-- [ RunTime:0.001182s ]
SQL: SHOW COLUMNS FROM `cart` [ RunTime:0.0046s ]
SQL: SHOW COLUMNS FROM `cart` [ RunTime:0.0033s ]
SQL: SELECT * FROM `cart` WHERE `user_id` = '1' AND `food_id` = '7' AND `is_order` = 0 LIMIT 1   [ RunTime:0.0004s ]
SQL: UPDATE `cart` SET `user_id`='1',`food_id`='7',`num`='12',`is_food`='1',`is_order`='0' WHERE `id` = 28 [ RunTime:0.0529s ]
INFO: [ app_end ] --START--
INFO: Run Behavior\ShowPageTraceBehavior [ RunTime:0.000936s ]
INFO: [ app_end ] --END-- [ RunTime:0.000979s ]

[ 2017-11-10T21:51:48+08:00 ] 127.0.0.1 /index.php/Home/Res/restocart
INFO: [ app_begin ] --START--
INFO: Run Behavior\ReadHtmlCacheBehavior [ RunTime:0.000645s ]
INFO: [ app_begin ] --END-- [ RunTime:0.001107s ]
SQL: SHOW COLUMNS FROM `cart` [ RunTime:0.0048s ]
SQL: SHOW COLUMNS FROM `cart` [ RunTime:0.0037s ]
SQL: SELECT * FROM `cart` WHERE `user_id` = '1' AND `food_id` = '7' AND `is_order` = 0 LIMIT 1   [ RunTime:0.0004s ]
SQL: UPDATE `cart` SET `user_id`='1',`food_id`='7',`num`='14',`is_food`='1',`is_order`='0' WHERE `id` = 28 [ RunTime:0.0516s ]
INFO: [ app_end ] --START--
INFO: Run Behavior\ShowPageTraceBehavior [ RunTime:0.000890s ]
INFO: [ app_end ] --END-- [ RunTime:0.000936s ]

[ 2017-11-10T21:51:49+08:00 ] 127.0.0.1 /index.php/Home/Res/restocart
INFO: [ app_begin ] --START--
INFO: Run Behavior\ReadHtmlCacheBehavior [ RunTime:0.000854s ]
INFO: [ app_begin ] --END-- [ RunTime:0.001354s ]
SQL: SHOW COLUMNS FROM `cart` [ RunTime:0.0051s ]
SQL: SHOW COLUMNS FROM `cart` [ RunTime:0.0036s ]
SQL: SELECT * FROM `cart` WHERE `user_id` = '1' AND `food_id` = '7' AND `is_order` = 0 LIMIT 1   [ RunTime:0.0004s ]
SQL: UPDATE `cart` SET `user_id`='1',`food_id`='7',`num`='16',`is_food`='1',`is_order`='0' WHERE `id` = 28 [ RunTime:0.0515s ]
INFO: [ app_end ] --START--
INFO: Run Behavior\ShowPageTraceBehavior [ RunTime:0.000902s ]
INFO: [ app_end ] --END-- [ RunTime:0.000947s ]

[ 2017-11-10T21:51:50+08:00 ] 127.0.0.1 /index.php/Home/Res/restocart
INFO: [ app_begin ] --START--
INFO: Run Behavior\ReadHtmlCacheBehavior [ RunTime:0.001168s ]
INFO: [ app_begin ] --END-- [ RunTime:0.001728s ]
SQL: SHOW COLUMNS FROM `cart` [ RunTime:0.0035s ]
SQL: SHOW COLUMNS FROM `cart` [ RunTime:0.0034s ]
SQL: SELECT * FROM `cart` WHERE `user_id` = '1' AND `food_id` = '7' AND `is_order` = 0 LIMIT 1   [ RunTime:0.0004s ]
SQL: UPDATE `cart` SET `user_id`='1',`food_id`='7',`num`='18',`is_food`='1',`is_order`='0' WHERE `id` = 28 [ RunTime:0.0542s ]
INFO: [ app_end ] --START--
INFO: Run Behavior\ShowPageTraceBehavior [ RunTime:0.001013s ]
INFO: [ app_end ] --END-- [ RunTime:0.001062s ]

[ 2017-11-10T21:51:51+08:00 ] 127.0.0.1 /index.php/Home/Res/restocart
INFO: [ app_begin ] --START--
INFO: Run Behavior\ReadHtmlCacheBehavior [ RunTime:0.000683s ]
INFO: [ app_begin ] --END-- [ RunTime:0.001165s ]
SQL: SHOW COLUMNS FROM `cart` [ RunTime:0.0046s ]
SQL: SHOW COLUMNS FROM `cart` [ RunTime:0.0033s ]
SQL: SELECT * FROM `cart` WHERE `user_id` = '1' AND `food_id` = '7' AND `is_order` = 0 LIMIT 1   [ RunTime:0.0003s ]
SQL: UPDATE `cart` SET `user_id`='1',`food_id`='7',`num`='20',`is_food`='1',`is_order`='0' WHERE `id` = 28 [ RunTime:0.0537s ]
INFO: [ app_end ] --START--
INFO: Run Behavior\ShowPageTraceBehavior [ RunTime:0.001026s ]
INFO: [ app_end ] --END-- [ RunTime:0.001072s ]

[ 2017-11-10T21:51:52+08:00 ] 127.0.0.1 /index.php/Home/Res/restocart
INFO: [ app_begin ] --START--
INFO: Run Behavior\ReadHtmlCacheBehavior [ RunTime:0.000703s ]
INFO: [ app_begin ] --END-- [ RunTime:0.001190s ]
SQL: SHOW COLUMNS FROM `cart` [ RunTime:0.0050s ]
SQL: SHOW COLUMNS FROM `cart` [ RunTime:0.0035s ]
SQL: SELECT * FROM `cart` WHERE `user_id` = '1' AND `food_id` = '7' AND `is_order` = 0 LIMIT 1   [ RunTime:0.0004s ]
SQL: UPDATE `cart` SET `user_id`='1',`food_id`='7',`num`='22',`is_food`='1',`is_order`='0' WHERE `id` = 28 [ RunTime:0.0555s ]
INFO: [ app_end ] --START--
INFO: Run Behavior\ShowPageTraceBehavior [ RunTime:0.000853s ]
INFO: [ app_end ] --END-- [ RunTime:0.000893s ]

[ 2017-11-10T21:51:53+08:00 ] 127.0.0.1 /index.php/Home/Res/restocart
INFO: [ app_begin ] --START--
INFO: Run Behavior\ReadHtmlCacheBehavior [ RunTime:0.000987s ]
INFO: [ app_begin ] --END-- [ RunTime:0.001614s ]
SQL: SHOW COLUMNS FROM `cart` [ RunTime:0.0047s ]
SQL: SHOW COLUMNS FROM `cart` [ RunTime:0.0037s ]
SQL: SELECT * FROM `cart` WHERE `user_id` = '1' AND `food_id` = '7' AND `is_order` = 0 LIMIT 1   [ RunTime:0.0004s ]
SQL: UPDATE `cart` SET `user_id`='1',`food_id`='7',`num`='24',`is_food`='1',`is_order`='0' WHERE `id` = 28 [ RunTime:0.0491s ]
INFO: [ app_end ] --START--
INFO: Run Behavior\ShowPageTraceBehavior [ RunTime:0.000957s ]
INFO: [ app_end ] --END-- [ RunTime:0.001002s ]

[ 2017-11-10T21:51:54+08:00 ] 127.0.0.1 /index.php/Home/Res/restocart
INFO: [ app_begin ] --START--
INFO: Run Behavior\ReadHtmlCacheBehavior [ RunTime:0.000748s ]
INFO: [ app_begin ] --END-- [ RunTime:0.001237s ]
SQL: SHOW COLUMNS FROM `cart` [ RunTime:0.0045s ]
SQL: SHOW COLUMNS FROM `cart` [ RunTime:0.0034s ]
SQL: SELECT * FROM `cart` WHERE `user_id` = '1' AND `food_id` = '7' AND `is_order` = 0 LIMIT 1   [ RunTime:0.0004s ]
SQL: UPDATE `cart` SET `user_id`='1',`food_id`='7',`num`='26',`is_food`='1',`is_order`='0' WHERE `id` = 28 [ RunTime:0.0526s ]
INFO: [ app_end ] --START--
INFO: Run Behavior\ShowPageTraceBehavior [ RunTime:0.001045s ]
INFO: [ app_end ] --END-- [ RunTime:0.001160s ]

[ 2017-11-10T22:06:25+08:00 ] 127.0.0.1 /index.php/Home/Fdorder/flowgoods
INFO: [ app_begin ] --START--
INFO: Run Behavior\ReadHtmlCacheBehavior [ RunTime:0.000848s ]
INFO: [ app_begin ] --END-- [ RunTime:0.001295s ]
SQL: SHOW COLUMNS FROM `user` [ RunTime:0.0054s ]
SQL: SELECT * FROM `user` WHERE ( id=1 ) LIMIT 1   [ RunTime:0.0004s ]
SQL: UPDATE `user` SET `grade_num`='8746' WHERE ( id=1 ) [ RunTime:0.0530s ]
SQL: SHOW COLUMNS FROM `address` [ RunTime:0.0283s ]
SQL: SELECT * FROM `address` WHERE ( id=1 ) LIMIT 1   [ RunTime:0.0004s ]
SQL: SHOW COLUMNS FROM `fdorder` [ RunTime:0.0035s ]
NOTIC: [8] Undefined index: validate E:\orderspace\order\ThinkPHP\Library\Think\Model.class.php 第 1185 行.
NOTIC: [8] Undefined index: auto E:\orderspace\order\ThinkPHP\Library\Think\Model.class.php 第 1128 行.
SQL: INSERT INTO `fdorder` (`user_id`,`address_id`,`foods_name`,`address_name`,`order_price`,`order_status`,`is_food`,`order_time`,`order_id`) VALUES ('1','1','矿泉水','fds','174','1','0','2017-11-10 22:06:25','1510322785') [ RunTime:0.0325s ]

[ 2017-11-10T22:07:16+08:00 ] 127.0.0.1 /index.php/Home/Res/restocart
INFO: [ app_begin ] --START--
INFO: Run Behavior\ReadHtmlCacheBehavior [ RunTime:0.000782s ]
INFO: [ app_begin ] --END-- [ RunTime:0.001309s ]
SQL: SHOW COLUMNS FROM `cart` [ RunTime:0.0052s ]
SQL: SHOW COLUMNS FROM `cart` [ RunTime:0.0041s ]
SQL: SELECT * FROM `cart` WHERE `user_id` = '1' AND `food_id` = '6' AND `is_order` = 0 LIMIT 1   [ RunTime:0.0004s ]
SQL: INSERT INTO `cart` (`user_id`,`food_id`,`is_food`,`num`) VALUES ('1','6','1','1') [ RunTime:0.3129s ]
INFO: [ app_end ] --START--
INFO: Run Behavior\ShowPageTraceBehavior [ RunTime:0.000955s ]
INFO: [ app_end ] --END-- [ RunTime:0.001005s ]

[ 2017-11-10T22:07:23+08:00 ] 127.0.0.1 /index.php/Home/Res/restocart
INFO: [ app_begin ] --START--
INFO: Run Behavior\ReadHtmlCacheBehavior [ RunTime:0.000617s ]
INFO: [ app_begin ] --END-- [ RunTime:0.001024s ]
SQL: SHOW COLUMNS FROM `cart` [ RunTime:0.0049s ]
SQL: SHOW COLUMNS FROM `cart` [ RunTime:0.0035s ]
SQL: SELECT * FROM `cart` WHERE `user_id` = '1' AND `food_id` = '6' AND `is_order` = 0 LIMIT 1   [ RunTime:0.0004s ]
SQL: UPDATE `cart` SET `user_id`='1',`food_id`='6',`num`='2',`is_food`='1',`is_order`='0' WHERE `id` = 32 [ RunTime:0.0441s ]
INFO: [ app_end ] --START--
INFO: Run Behavior\ShowPageTraceBehavior [ RunTime:0.000900s ]
INFO: [ app_end ] --END-- [ RunTime:0.000950s ]

[ 2017-11-10T22:07:31+08:00 ] 127.0.0.1 /index.php/Home/Res/restocart
INFO: [ app_begin ] --START--
INFO: Run Behavior\ReadHtmlCacheBehavior [ RunTime:0.000685s ]
INFO: [ app_begin ] --END-- [ RunTime:0.001124s ]
SQL: SHOW COLUMNS FROM `cart` [ RunTime:0.0047s ]
SQL: SHOW COLUMNS FROM `cart` [ RunTime:0.0033s ]
SQL: SELECT * FROM `cart` WHERE `user_id` = '1' AND `food_id` = '6' AND `is_order` = 0 LIMIT 1   [ RunTime:0.0004s ]
SQL: UPDATE `cart` SET `user_id`='1',`food_id`='6',`num`='3',`is_food`='1',`is_order`='0' WHERE `id` = 32 [ RunTime:0.0509s ]
INFO: [ app_end ] --START--
INFO: Run Behavior\ShowPageTraceBehavior [ RunTime:0.000926s ]
INFO: [ app_end ] --END-- [ RunTime:0.000973s ]

[ 2017-11-10T22:07:32+08:00 ] 127.0.0.1 /index.php/Home/Res/restocart
INFO: [ app_begin ] --START--
INFO: Run Behavior\ReadHtmlCacheBehavior [ RunTime:0.000835s ]
INFO: [ app_begin ] --END-- [ RunTime:0.001343s ]
SQL: SHOW COLUMNS FROM `cart` [ RunTime:0.0047s ]
SQL: SHOW COLUMNS FROM `cart` [ RunTime:0.0035s ]
SQL: SELECT * FROM `cart` WHERE `user_id` = '1' AND `food_id` = '6' AND `is_order` = 0 LIMIT 1   [ RunTime:0.0004s ]
SQL: UPDATE `cart` SET `user_id`='1',`food_id`='6',`num`='4',`is_food`='1',`is_order`='0' WHERE `id` = 32 [ RunTime:0.0506s ]
INFO: [ app_end ] --START--
INFO: Run Behavior\ShowPageTraceBehavior [ RunTime:0.001439s ]
INFO: [ app_end ] --END-- [ RunTime:0.001501s ]

[ 2017-11-10T22:07:33+08:00 ] 127.0.0.1 /index.php/Home/Res/restocart
INFO: [ app_begin ] --START--
INFO: Run Behavior\ReadHtmlCacheBehavior [ RunTime:0.000852s ]
INFO: [ app_begin ] --END-- [ RunTime:0.001336s ]
SQL: SHOW COLUMNS FROM `cart` [ RunTime:0.0055s ]
SQL: SHOW COLUMNS FROM `cart` [ RunTime:0.0033s ]
SQL: SELECT * FROM `cart` WHERE `user_id` = '1' AND `food_id` = '6' AND `is_order` = 0 LIMIT 1   [ RunTime:0.0004s ]
SQL: UPDATE `cart` SET `user_id`='1',`food_id`='6',`num`='5',`is_food`='1',`is_order`='0' WHERE `id` = 32 [ RunTime:0.0524s ]
INFO: [ app_end ] --START--
INFO: Run Behavior\ShowPageTraceBehavior [ RunTime:0.001058s ]
INFO: [ app_end ] --END-- [ RunTime:0.001106s ]

[ 2017-11-10T22:07:34+08:00 ] 127.0.0.1 /index.php/Home/Res/restocart
INFO: [ app_begin ] --START--
INFO: Run Behavior\ReadHtmlCacheBehavior [ RunTime:0.000936s ]
INFO: [ app_begin ] --END-- [ RunTime:0.001508s ]
SQL: SHOW COLUMNS FROM `cart` [ RunTime:0.0061s ]
SQL: SHOW COLUMNS FROM `cart` [ RunTime:0.0046s ]
SQL: SELECT * FROM `cart` WHERE `user_id` = '1' AND `food_id` = '6' AND `is_order` = 0 LIMIT 1   [ RunTime:0.0004s ]
SQL: UPDATE `cart` SET `user_id`='1',`food_id`='6',`num`='6',`is_food`='1',`is_order`='0' WHERE `id` = 32 [ RunTime:0.0489s ]
INFO: [ app_end ] --START--
INFO: Run Behavior\ShowPageTraceBehavior [ RunTime:0.001099s ]
INFO: [ app_end ] --END-- [ RunTime:0.001153s ]

[ 2017-11-10T22:07:35+08:00 ] 127.0.0.1 /index.php/Home/Res/restocart
INFO: [ app_begin ] --START--
INFO: Run Behavior\ReadHtmlCacheBehavior [ RunTime:0.000746s ]
INFO: [ app_begin ] --END-- [ RunTime:0.001256s ]
SQL: SHOW COLUMNS FROM `cart` [ RunTime:0.0047s ]
SQL: SHOW COLUMNS FROM `cart` [ RunTime:0.0037s ]
SQL: SELECT * FROM `cart` WHERE `user_id` = '1' AND `food_id` = '6' AND `is_order` = 0 LIMIT 1   [ RunTime:0.0004s ]
SQL: UPDATE `cart` SET `user_id`='1',`food_id`='6',`num`='7',`is_food`='1',`is_order`='0' WHERE `id` = 32 [ RunTime:0.0495s ]
INFO: [ app_end ] --START--
INFO: Run Behavior\ShowPageTraceBehavior [ RunTime:0.000869s ]
INFO: [ app_end ] --END-- [ RunTime:0.000909s ]

[ 2017-11-10T22:07:55+08:00 ] 127.0.0.1 /index.php/Home/Cart/change_food
INFO: [ app_begin ] --START--
INFO: Run Behavior\ReadHtmlCacheBehavior [ RunTime:0.000653s ]
INFO: [ app_begin ] --END-- [ RunTime:0.001116s ]
SQL: SHOW COLUMNS FROM `cart` [ RunTime:0.0053s ]
SQL: UPDATE `cart` SET `id`='32',`num`='1' WHERE ( id=32 ) [ RunTime:0.0485s ]

[ 2017-11-10T22:08:05+08:00 ] 127.0.0.1 /index.php/Home/Cart/change_food
INFO: [ app_begin ] --START--
INFO: Run Behavior\ReadHtmlCacheBehavior [ RunTime:0.000719s ]
INFO: [ app_begin ] --END-- [ RunTime:0.001197s ]
SQL: SHOW COLUMNS FROM `cart` [ RunTime:0.0052s ]
SQL: UPDATE `cart` SET `id`='32',`num`='7' WHERE ( id=32 ) [ RunTime:0.0517s ]

[ 2017-11-10T22:08:14+08:00 ] 127.0.0.1 /index.php/Home/Cart/change_food
INFO: [ app_begin ] --START--
INFO: Run Behavior\ReadHtmlCacheBehavior [ RunTime:0.000655s ]
INFO: [ app_begin ] --END-- [ RunTime:0.001123s ]
SQL: SHOW COLUMNS FROM `cart` [ RunTime:0.0063s ]
SQL: UPDATE `cart` SET `id`='32',`num`='8' WHERE ( id=32 ) [ RunTime:0.0446s ]

[ 2017-11-10T22:08:19+08:00 ] 127.0.0.1 /index.php/Home/Cart/change_food
INFO: [ app_begin ] --START--
INFO: Run Behavior\ReadHtmlCacheBehavior [ RunTime:0.000823s ]
INFO: [ app_begin ] --END-- [ RunTime:0.001308s ]
SQL: SHOW COLUMNS FROM `cart` [ RunTime:0.0040s ]
SQL: UPDATE `cart` SET `id`='32',`num`='11' WHERE ( id=32 ) [ RunTime:0.0622s ]

[ 2017-11-10T22:08:24+08:00 ] 127.0.0.1 /index.php/Home/Cart/change_food
INFO: [ app_begin ] --START--
INFO: Run Behavior\ReadHtmlCacheBehavior [ RunTime:0.000711s ]
INFO: [ app_begin ] --END-- [ RunTime:0.001205s ]
SQL: SHOW COLUMNS FROM `cart` [ RunTime:0.0052s ]
SQL: UPDATE `cart` SET `id`='32',`num`='1' WHERE ( id=32 ) [ RunTime:0.0463s ]

[ 2017-11-10T22:10:33+08:00 ] 127.0.0.1 /index.php/Home/Fdorder/flowgoods
INFO: [ app_begin ] --START--
INFO: Run Behavior\ReadHtmlCacheBehavior [ RunTime:0.000700s ]
INFO: [ app_begin ] --END-- [ RunTime:0.001183s ]
SQL: SHOW COLUMNS FROM `user` [ RunTime:0.0063s ]
SQL: SELECT * FROM `user` WHERE ( id=1 ) LIMIT 1   [ RunTime:0.0004s ]
SQL: UPDATE `user` SET `grade_num`='8736' WHERE ( id=1 ) [ RunTime:0.0495s ]
SQL: SHOW COLUMNS FROM `address` [ RunTime:0.0040s ]
SQL: SELECT * FROM `address` WHERE ( id=1 ) LIMIT 1   [ RunTime:0.0004s ]
SQL: SHOW COLUMNS FROM `fdorder` [ RunTime:0.0034s ]
NOTIC: [8] Undefined index: validate E:\orderspace\order\ThinkPHP\Library\Think\Model.class.php 第 1185 行.
NOTIC: [8] Undefined index: auto E:\orderspace\order\ThinkPHP\Library\Think\Model.class.php 第 1128 行.
SQL: INSERT INTO `fdorder` (`user_id`,`address_id`,`foods_name`,`address_name`,`order_price`,`order_status`,`is_food`,`order_time`,`order_id`) VALUES ('1','1','可乐','fds','10','1','0','2017-11-10 22:10:33','1510323033') [ RunTime:0.0343s ]

[ 2017-11-10T22:23:36+08:00 ] 127.0.0.1 /index.php/Home/Res/restocart
INFO: [ app_begin ] --START--
INFO: Run Behavior\ReadHtmlCacheBehavior [ RunTime:0.000775s ]
INFO: [ app_begin ] --END-- [ RunTime:0.001269s ]
SQL: SHOW COLUMNS FROM `cart` [ RunTime:0.0066s ]
SQL: SHOW COLUMNS FROM `cart` [ RunTime:0.0048s ]
SQL: SELECT * FROM `cart` WHERE `user_id` = '1' AND `food_id` = '6' AND `is_order` = 0 LIMIT 1   [ RunTime:0.0006s ]
SQL: INSERT INTO `cart` (`user_id`,`food_id`,`is_food`,`num`) VALUES ('1','6','1','2') [ RunTime:0.0493s ]
SQL: SELECT * FROM `cart` WHERE `user_id` = '1' AND `food_id` = '7' AND `is_order` = 0 LIMIT 1   [ RunTime:0.0006s ]
SQL: UPDATE `cart` SET `user_id`='1',`food_id`='7',`num`='2',`is_food`='1',`is_order`='0' WHERE `id` = 28 [ RunTime:0.0327s ]

[ 2017-11-10T22:26:38+08:00 ] 127.0.0.1 /index.php/Home/Res/restocart
INFO: [ app_begin ] --START--
INFO: Run Behavior\ReadHtmlCacheBehavior [ RunTime:0.000862s ]
INFO: [ app_begin ] --END-- [ RunTime:0.001407s ]
SQL: SHOW COLUMNS FROM `cart` [ RunTime:0.0035s ]
SQL: SHOW COLUMNS FROM `cart` [ RunTime:0.0034s ]
SQL: SELECT * FROM `cart` WHERE `user_id` = '1' AND `food_id` = '6' AND `is_order` = 0 LIMIT 1   [ RunTime:0.0004s ]
SQL: UPDATE `cart` SET `user_id`='1',`food_id`='6',`num`='3',`is_food`='1',`is_order`='0' WHERE `id` = 37 [ RunTime:0.0246s ]
SQL: SELECT * FROM `cart` WHERE `user_id` = '1' AND `food_id` = '7' AND `is_order` = 0 LIMIT 1   [ RunTime:0.0004s ]
SQL: UPDATE `cart` SET `user_id`='1',`food_id`='7',`num`='3',`is_food`='1',`is_order`='0' WHERE `id` = 28 [ RunTime:0.0329s ]

[ 2017-11-10T23:22:36+08:00 ] 127.0.0.1 /index.php/Home/Res/index
ERR: 模板不存在:./Application/Home/View/Res/index.html

[ 2017-11-10T23:22:46+08:00 ] 127.0.0.1 /index.php/Home/Res/index
ERR: 模板不存在:./Application/Home/View/Res/index.html

[ 2017-11-10T23:24:09+08:00 ] 127.0.0.1 /index.php/Home/Res/restdeet
INFO: [ app_begin ] --START--
INFO: Run Behavior\ReadHtmlCacheBehavior [ RunTime:0.000885s ]
INFO: [ app_begin ] --END-- [ RunTime:0.001447s ]
SQL: SHOW COLUMNS FROM `restaurant` [ RunTime:0.0063s ]
SQL: SELECT * FROM `restaurant` WHERE `res_price` >= '1' AND (  `res_price` <= '20' )  [ RunTime:0.0005s ]

