[ 2017-11-13T19:49:59+08:00 ] 127.0.0.1 /index.php/Home/User/checkname
INFO: [ app_begin ] --START--
INFO: Run Behavior\ReadHtmlCacheBehavior [ RunTime:0.000905s ]
INFO: [ app_begin ] --END-- [ RunTime:0.001379s ]
INFO: [ app_end ] --START--
INFO: Run Behavior\ShowPageTraceBehavior [ RunTime:0.001038s ]
INFO: [ app_end ] --END-- [ RunTime:0.001098s ]

[ 2017-11-13T19:50:29+08:00 ] 127.0.0.1 /index.php/Home/Cart/user_orderlist.html
ERR: 非法操作:user_orderlist

[ 2017-11-13T19:51:28+08:00 ] 127.0.0.1 /index.php/Home/User/checkname
INFO: [ app_begin ] --START--
INFO: Run Behavior\ReadHtmlCacheBehavior [ RunTime:0.000936s ]
INFO: [ app_begin ] --END-- [ RunTime:0.001414s ]
SQL: SHOW COLUMNS FROM `user` [ RunTime:0.0037s ]
SQL: SELECT * FROM `user` WHERE `user_name` = '段二狗' LIMIT 1   [ RunTime:0.0005s ]

[ 2017-11-13T19:52:07+08:00 ] 127.0.0.1 /index.php/Home/User/checkname
INFO: [ app_begin ] --START--
INFO: Run Behavior\ReadHtmlCacheBehavior [ RunTime:0.000920s ]
INFO: [ app_begin ] --END-- [ RunTime:0.001398s ]
SQL: SHOW COLUMNS FROM `user` [ RunTime:0.0049s ]
SQL: SELECT * FROM `user` WHERE `user_name` = '段二狗' LIMIT 1   [ RunTime:0.0004s ]

[ 2017-11-13T20:10:07+08:00 ] 127.0.0.1 /index.php/Home/User/checkname
INFO: [ app_begin ] --START--
INFO: Run Behavior\ReadHtmlCacheBehavior [ RunTime:0.001085s ]
INFO: [ app_begin ] --END-- [ RunTime:0.001696s ]
SQL: SHOW COLUMNS FROM `user` [ RunTime:0.0087s ]
SQL: SELECT * FROM `user` WHERE `user_name` = '段二狗' LIMIT 1   [ RunTime:0.0005s ]

[ 2017-11-13T20:10:14+08:00 ] 127.0.0.1 /index.php/Home/User/checkname
INFO: [ app_begin ] --START--
INFO: Run Behavior\ReadHtmlCacheBehavior [ RunTime:0.001161s ]
INFO: [ app_begin ] --END-- [ RunTime:0.002059s ]
SQL: SHOW COLUMNS FROM `user` [ RunTime:0.0036s ]
SQL: SELECT * FROM `user` WHERE `user_name` = '段二狗' LIMIT 1   [ RunTime:0.0004s ]

[ 2017-11-13T20:10:15+08:00 ] 127.0.0.1 /index.php/Home/User/checkname
INFO: [ app_begin ] --START--
INFO: Run Behavior\ReadHtmlCacheBehavior [ RunTime:0.004775s ]
INFO: [ app_begin ] --END-- [ RunTime:0.005543s ]
SQL: SHOW COLUMNS FROM `user` [ RunTime:0.0049s ]
SQL: SELECT * FROM `user` WHERE `user_name` = '段二狗' LIMIT 1   [ RunTime:0.0004s ]

[ 2017-11-13T20:10:17+08:00 ] 127.0.0.1 /index.php/Home/User/checkname
INFO: [ app_begin ] --START--
INFO: Run Behavior\ReadHtmlCacheBehavior [ RunTime:0.001238s ]
INFO: [ app_begin ] --END-- [ RunTime:0.001937s ]
SQL: SHOW COLUMNS FROM `user` [ RunTime:0.0059s ]
SQL: SELECT * FROM `user` WHERE `user_name` = '段二狗' LIMIT 1   [ RunTime:0.0005s ]

[ 2017-11-13T20:10:18+08:00 ] 127.0.0.1 /index.php/Home/User/checkname
INFO: [ app_begin ] --START--
INFO: Run Behavior\ReadHtmlCacheBehavior [ RunTime:0.001662s ]
INFO: [ app_begin ] --END-- [ RunTime:0.002356s ]
SQL: SHOW COLUMNS FROM `user` [ RunTime:0.0064s ]
SQL: SELECT * FROM `user` WHERE `user_name` = '段二狗' LIMIT 1   [ RunTime:0.0004s ]

[ 2017-11-13T20:10:21+08:00 ] 127.0.0.1 /index.php/Home/User/checkname
INFO: [ app_begin ] --START--
INFO: Run Behavior\ReadHtmlCacheBehavior [ RunTime:0.001473s ]
INFO: [ app_begin ] --END-- [ RunTime:0.002158s ]
SQL: SHOW COLUMNS FROM `user` [ RunTime:0.0094s ]
SQL: SELECT * FROM `user` WHERE `user_name` = '段二狗' LIMIT 1   [ RunTime:0.0004s ]

[ 2017-11-13T20:10:22+08:00 ] 127.0.0.1 /index.php/Home/User/checkname
INFO: [ app_begin ] --START--
INFO: Run Behavior\ReadHtmlCacheBehavior [ RunTime:0.001445s ]
INFO: [ app_begin ] --END-- [ RunTime:0.002148s ]
SQL: SHOW COLUMNS FROM `user` [ RunTime:0.0038s ]
SQL: SELECT * FROM `user` WHERE `user_name` = '段二狗' LIMIT 1   [ RunTime:0.0005s ]

[ 2017-11-13T20:10:23+08:00 ] 127.0.0.1 /index.php/Home/User/checkname
INFO: [ app_begin ] --START--
INFO: Run Behavior\ReadHtmlCacheBehavior [ RunTime:0.001623s ]
INFO: [ app_begin ] --END-- [ RunTime:0.002605s ]
SQL: SHOW COLUMNS FROM `user` [ RunTime:0.0046s ]
SQL: SELECT * FROM `user` WHERE `user_name` = '段二狗' LIMIT 1   [ RunTime:0.0004s ]

[ 2017-11-13T20:10:24+08:00 ] 127.0.0.1 /index.php/Home/User/checkname
INFO: [ app_begin ] --START--
INFO: Run Behavior\ReadHtmlCacheBehavior [ RunTime:0.001695s ]
INFO: [ app_begin ] --END-- [ RunTime:0.002623s ]
SQL: SHOW COLUMNS FROM `user` [ RunTime:0.0190s ]
SQL: SELECT * FROM `user` WHERE `user_name` = '段二狗' LIMIT 1   [ RunTime:0.0005s ]

[ 2017-11-13T20:10:25+08:00 ] 127.0.0.1 /index.php/Home/User/checkname
INFO: [ app_begin ] --START--
INFO: Run Behavior\ReadHtmlCacheBehavior [ RunTime:0.001273s ]
INFO: [ app_begin ] --END-- [ RunTime:0.001883s ]
SQL: SHOW COLUMNS FROM `user` [ RunTime:0.0067s ]
SQL: SELECT * FROM `user` WHERE `user_name` = '段二狗' LIMIT 1   [ RunTime:0.0005s ]

[ 2017-11-13T20:10:26+08:00 ] 127.0.0.1 /index.php/Home/User/checkname
INFO: [ app_begin ] --START--
INFO: Run Behavior\ReadHtmlCacheBehavior [ RunTime:0.004169s ]
INFO: [ app_begin ] --END-- [ RunTime:0.005090s ]
SQL: SHOW COLUMNS FROM `user` [ RunTime:0.0037s ]
SQL: SELECT * FROM `user` WHERE `user_name` = '段二狗' LIMIT 1   [ RunTime:0.0004s ]

[ 2017-11-13T20:43:44+08:00 ] 127.0.0.1 /index.php/Home/User/checkname
INFO: [ app_begin ] --START--
INFO: Run Behavior\ReadHtmlCacheBehavior [ RunTime:0.001473s ]
INFO: [ app_begin ] --END-- [ RunTime:0.002588s ]
SQL: SHOW COLUMNS FROM `user` [ RunTime:0.0050s ]
SQL: SELECT * FROM `user` WHERE `user_name` = '段二狗' LIMIT 1   [ RunTime:0.0005s ]

[ 2017-11-13T20:43:47+08:00 ] 127.0.0.1 /index.php/Home/User/checkname
INFO: [ app_begin ] --START--
INFO: Run Behavior\ReadHtmlCacheBehavior [ RunTime:0.000880s ]
INFO: [ app_begin ] --END-- [ RunTime:0.001410s ]
SQL: SHOW COLUMNS FROM `user` [ RunTime:0.0062s ]
SQL: SELECT * FROM `user` WHERE `user_name` = '段二狗' LIMIT 1   [ RunTime:0.0006s ]

[ 2017-11-13T20:43:48+08:00 ] 127.0.0.1 /index.php/Home/User/checkname
INFO: [ app_begin ] --START--
INFO: Run Behavior\ReadHtmlCacheBehavior [ RunTime:0.000928s ]
INFO: [ app_begin ] --END-- [ RunTime:0.001462s ]
SQL: SHOW COLUMNS FROM `user` [ RunTime:0.0049s ]
SQL: SELECT * FROM `user` WHERE `user_name` = '段二狗' LIMIT 1   [ RunTime:0.0004s ]

[ 2017-11-13T20:43:49+08:00 ] 127.0.0.1 /index.php/Home/User/checkname
INFO: [ app_begin ] --START--
INFO: Run Behavior\ReadHtmlCacheBehavior [ RunTime:0.003205s ]
INFO: [ app_begin ] --END-- [ RunTime:0.004501s ]
SQL: SHOW COLUMNS FROM `user` [ RunTime:0.0050s ]
SQL: SELECT * FROM `user` WHERE `user_name` = '段二狗' LIMIT 1   [ RunTime:0.0004s ]

[ 2017-11-13T20:43:50+08:00 ] 127.0.0.1 /index.php/Home/User/checkname
INFO: [ app_begin ] --START--
INFO: Run Behavior\ReadHtmlCacheBehavior [ RunTime:0.000974s ]
INFO: [ app_begin ] --END-- [ RunTime:0.001512s ]
SQL: SHOW COLUMNS FROM `user` [ RunTime:0.0052s ]
SQL: SELECT * FROM `user` WHERE `user_name` = '段二狗' LIMIT 1   [ RunTime:0.0004s ]

[ 2017-11-13T20:43:51+08:00 ] 127.0.0.1 /index.php/Home/User/checkname
INFO: [ app_begin ] --START--
INFO: Run Behavior\ReadHtmlCacheBehavior [ RunTime:0.001146s ]
INFO: [ app_begin ] --END-- [ RunTime:0.001809s ]
SQL: SHOW COLUMNS FROM `user` [ RunTime:0.0048s ]
SQL: SELECT * FROM `user` WHERE `user_name` = '段二狗' LIMIT 1   [ RunTime:0.0004s ]

[ 2017-11-13T20:43:52+08:00 ] 127.0.0.1 /index.php/Home/User/checkname
INFO: [ app_begin ] --START--
INFO: Run Behavior\ReadHtmlCacheBehavior [ RunTime:0.000883s ]
INFO: [ app_begin ] --END-- [ RunTime:0.001306s ]
SQL: SHOW COLUMNS FROM `user` [ RunTime:0.0048s ]
SQL: SELECT * FROM `user` WHERE `user_name` = '段二狗' LIMIT 1   [ RunTime:0.0004s ]

[ 2017-11-13T20:43:53+08:00 ] 127.0.0.1 /index.php/Home/User/checkname
INFO: [ app_begin ] --START--
INFO: Run Behavior\ReadHtmlCacheBehavior [ RunTime:0.000992s ]
INFO: [ app_begin ] --END-- [ RunTime:0.001583s ]
SQL: SHOW COLUMNS FROM `user` [ RunTime:0.0060s ]
SQL: SELECT * FROM `user` WHERE `user_name` = '段二狗' LIMIT 1   [ RunTime:0.0005s ]

[ 2017-11-13T20:43:54+08:00 ] 127.0.0.1 /index.php/Home/User/checkname
INFO: [ app_begin ] --START--
INFO: Run Behavior\ReadHtmlCacheBehavior [ RunTime:0.001266s ]
INFO: [ app_begin ] --END-- [ RunTime:0.001786s ]
SQL: SHOW COLUMNS FROM `user` [ RunTime:0.0048s ]
SQL: SELECT * FROM `user` WHERE `user_name` = '段二狗' LIMIT 1   [ RunTime:0.0004s ]

[ 2017-11-13T20:43:55+08:00 ] 127.0.0.1 /index.php/Home/User/checkname
INFO: [ app_begin ] --START--
INFO: Run Behavior\ReadHtmlCacheBehavior [ RunTime:0.001037s ]
INFO: [ app_begin ] --END-- [ RunTime:0.001693s ]
SQL: SHOW COLUMNS FROM `user` [ RunTime:0.0045s ]
SQL: SELECT * FROM `user` WHERE `user_name` = '段二狗' LIMIT 1   [ RunTime:0.0004s ]

[ 2017-11-13T20:45:19+08:00 ] 127.0.0.1 /index.php/Home/User/checkname
INFO: [ app_begin ] --START--
INFO: Run Behavior\ReadHtmlCacheBehavior [ RunTime:0.000837s ]
INFO: [ app_begin ] --END-- [ RunTime:0.001309s ]
SQL: SHOW COLUMNS FROM `user` [ RunTime:0.0056s ]
SQL: SELECT * FROM `user` WHERE `user_name` = '陶彤' LIMIT 1   [ RunTime:0.0004s ]

[ 2017-11-13T20:50:49+08:00 ] 127.0.0.1 /index.php/Home/User/checkname
INFO: [ app_begin ] --START--
INFO: Run Behavior\ReadHtmlCacheBehavior [ RunTime:0.000922s ]
INFO: [ app_begin ] --END-- [ RunTime:0.001414s ]
INFO: [ app_end ] --START--
INFO: Run Behavior\ShowPageTraceBehavior [ RunTime:0.000949s ]
INFO: [ app_end ] --END-- [ RunTime:0.000997s ]

[ 2017-11-13T20:51:17+08:00 ] 127.0.0.1 /index.php/Home/User/checkname
INFO: [ app_begin ] --START--
INFO: Run Behavior\ReadHtmlCacheBehavior [ RunTime:0.000856s ]
INFO: [ app_begin ] --END-- [ RunTime:0.001317s ]
SQL: SHOW COLUMNS FROM `user` [ RunTime:0.0055s ]
SQL: SELECT * FROM `user` WHERE `user_name` = '925701775@qq.com' LIMIT 1   [ RunTime:0.0004s ]

[ 2017-11-13T20:53:15+08:00 ] 127.0.0.1 /index.php/Home/Index/foodCity
INFO: [ app_begin ] --START--
INFO: Run Behavior\ReadHtmlCacheBehavior [ RunTime:0.000839s ]
INFO: [ app_begin ] --END-- [ RunTime:0.001317s ]
SQL: SHOW COLUMNS FROM `food` [ RunTime:0.0048s ]
SQL: SELECT t1.* FROM food t1 left join restaurant t2  on t1.res_id=t2.id  WHERE ( t2.res_city like '%运城市%' )  [ RunTime:0.0005s ]

[ 2017-11-13T20:53:16+08:00 ] 127.0.0.1 /index.php/Home/Index/foodCity
INFO: [ app_begin ] --START--
INFO: Run Behavior\ReadHtmlCacheBehavior [ RunTime:0.000983s ]
INFO: [ app_begin ] --END-- [ RunTime:0.001515s ]
SQL: SHOW COLUMNS FROM `food` [ RunTime:0.0047s ]
SQL: SELECT t1.* FROM food t1 left join restaurant t2  on t1.res_id=t2.id  WHERE ( t2.res_city like '%运城市%' )  [ RunTime:0.0005s ]

[ 2017-11-13T20:53:18+08:00 ] 127.0.0.1 /index.php/Home/Index/foodCity
INFO: [ app_begin ] --START--
INFO: Run Behavior\ReadHtmlCacheBehavior [ RunTime:0.000858s ]
INFO: [ app_begin ] --END-- [ RunTime:0.001351s ]
SQL: SHOW COLUMNS FROM `food` [ RunTime:0.0049s ]
SQL: SELECT t1.* FROM food t1 left join restaurant t2  on t1.res_id=t2.id  WHERE ( t2.res_city like '%武汉%' )  [ RunTime:0.0005s ]

[ 2017-11-13T20:53:19+08:00 ] 127.0.0.1 /index.php/Home/Index/foodCity
INFO: [ app_begin ] --START--
INFO: Run Behavior\ReadHtmlCacheBehavior [ RunTime:0.000942s ]
INFO: [ app_begin ] --END-- [ RunTime:0.001465s ]
SQL: SHOW COLUMNS FROM `food` [ RunTime:0.0050s ]
SQL: SELECT t1.* FROM food t1 left join restaurant t2  on t1.res_id=t2.id  WHERE ( t2.res_city like '%武汉%' )  [ RunTime:0.0005s ]

[ 2017-11-13T20:53:20+08:00 ] 127.0.0.1 /index.php/Home/Index/foodCity
INFO: [ app_begin ] --START--
INFO: Run Behavior\ReadHtmlCacheBehavior [ RunTime:0.000960s ]
INFO: [ app_begin ] --END-- [ RunTime:0.001475s ]
SQL: SHOW COLUMNS FROM `food` [ RunTime:0.0048s ]
SQL: SELECT t1.* FROM food t1 left join restaurant t2  on t1.res_id=t2.id  WHERE ( t2.res_city like '%武汉%' )  [ RunTime:0.0005s ]

[ 2017-11-13T20:53:21+08:00 ] 127.0.0.1 /index.php/Home/Index/foodCity
INFO: [ app_begin ] --START--
INFO: Run Behavior\ReadHtmlCacheBehavior [ RunTime:0.000855s ]
INFO: [ app_begin ] --END-- [ RunTime:0.001377s ]
SQL: SHOW COLUMNS FROM `food` [ RunTime:0.0049s ]
SQL: SELECT t1.* FROM food t1 left join restaurant t2  on t1.res_id=t2.id  WHERE ( t2.res_city like '%武汉%' )  [ RunTime:0.0005s ]

[ 2017-11-13T20:53:22+08:00 ] 127.0.0.1 /index.php/Home/Index/foodCity
INFO: [ app_begin ] --START--
INFO: Run Behavior\ReadHtmlCacheBehavior [ RunTime:0.000885s ]
INFO: [ app_begin ] --END-- [ RunTime:0.001395s ]
SQL: SHOW COLUMNS FROM `food` [ RunTime:0.0052s ]
SQL: SELECT t1.* FROM food t1 left join restaurant t2  on t1.res_id=t2.id  WHERE ( t2.res_city like '%广安市%' )  [ RunTime:0.0005s ]

[ 2017-11-13T20:53:23+08:00 ] 127.0.0.1 /index.php/Home/Index/foodCity
INFO: [ app_begin ] --START--
INFO: Run Behavior\ReadHtmlCacheBehavior [ RunTime:0.001134s ]
INFO: [ app_begin ] --END-- [ RunTime:0.001769s ]
SQL: SHOW COLUMNS FROM `food` [ RunTime:0.0050s ]
SQL: SELECT t1.* FROM food t1 left join restaurant t2  on t1.res_id=t2.id  WHERE ( t2.res_city like '%广安市%' )  [ RunTime:0.0005s ]

[ 2017-11-13T20:53:24+08:00 ] 127.0.0.1 /index.php/Home/Index/foodCity
INFO: [ app_begin ] --START--
INFO: Run Behavior\ReadHtmlCacheBehavior [ RunTime:0.001006s ]
INFO: [ app_begin ] --END-- [ RunTime:0.001550s ]
SQL: SHOW COLUMNS FROM `food` [ RunTime:0.0053s ]
SQL: SELECT t1.* FROM food t1 left join restaurant t2  on t1.res_id=t2.id  WHERE ( t2.res_city like '%广安市%' )  [ RunTime:0.0005s ]

[ 2017-11-13T20:53:25+08:00 ] 127.0.0.1 /index.php/Home/Index/foodCity
INFO: [ app_begin ] --START--
INFO: Run Behavior\ReadHtmlCacheBehavior [ RunTime:0.001033s ]
INFO: [ app_begin ] --END-- [ RunTime:0.001630s ]
SQL: SHOW COLUMNS FROM `food` [ RunTime:0.0048s ]
SQL: SELECT t1.* FROM food t1 left join restaurant t2  on t1.res_id=t2.id  WHERE ( t2.res_city like '%广安市%' )  [ RunTime:0.0006s ]

[ 2017-11-13T20:53:26+08:00 ] 127.0.0.1 /index.php/Home/Index/foodCity
INFO: [ app_begin ] --START--
INFO: Run Behavior\ReadHtmlCacheBehavior [ RunTime:0.000957s ]
INFO: [ app_begin ] --END-- [ RunTime:0.001479s ]
SQL: SHOW COLUMNS FROM `food` [ RunTime:0.0050s ]
SQL: SELECT t1.* FROM food t1 left join restaurant t2  on t1.res_id=t2.id  WHERE ( t2.res_city like '%广安市%' )  [ RunTime:0.0005s ]

[ 2017-11-13T20:53:27+08:00 ] 127.0.0.1 /index.php/Home/Index/foodCity
INFO: [ app_begin ] --START--
INFO: Run Behavior\ReadHtmlCacheBehavior [ RunTime:0.000822s ]
INFO: [ app_begin ] --END-- [ RunTime:0.001595s ]
SQL: SHOW COLUMNS FROM `food` [ RunTime:0.0057s ]
SQL: SELECT t1.* FROM food t1 left join restaurant t2  on t1.res_id=t2.id  WHERE ( t2.res_city like '%广安市%' )  [ RunTime:0.0005s ]

[ 2017-11-13T20:53:28+08:00 ] 127.0.0.1 /index.php/Home/Index/foodCity
INFO: [ app_begin ] --START--
INFO: Run Behavior\ReadHtmlCacheBehavior [ RunTime:0.000794s ]
INFO: [ app_begin ] --END-- [ RunTime:0.001274s ]
SQL: SHOW COLUMNS FROM `food` [ RunTime:0.0038s ]
SQL: SELECT t1.* FROM food t1 left join restaurant t2  on t1.res_id=t2.id  WHERE ( t2.res_city like '%广安市%' )  [ RunTime:0.0005s ]

[ 2017-11-13T20:53:29+08:00 ] 127.0.0.1 /index.php/Home/Index/foodCity
INFO: [ app_begin ] --START--
INFO: Run Behavior\ReadHtmlCacheBehavior [ RunTime:0.001414s ]
INFO: [ app_begin ] --END-- [ RunTime:0.001950s ]
SQL: SHOW COLUMNS FROM `food` [ RunTime:0.0038s ]
SQL: SELECT t1.* FROM food t1 left join restaurant t2  on t1.res_id=t2.id  WHERE ( t2.res_city like '%广安市%' )  [ RunTime:0.0005s ]

[ 2017-11-13T20:53:30+08:00 ] 127.0.0.1 /index.php/Home/Index/foodCity
INFO: [ app_begin ] --START--
INFO: Run Behavior\ReadHtmlCacheBehavior [ RunTime:0.002115s ]
INFO: [ app_begin ] --END-- [ RunTime:0.003557s ]
SQL: SHOW COLUMNS FROM `food` [ RunTime:0.0051s ]
SQL: SELECT t1.* FROM food t1 left join restaurant t2  on t1.res_id=t2.id  WHERE ( t2.res_city like '%广安市%' )  [ RunTime:0.0005s ]

[ 2017-11-13T20:53:31+08:00 ] 127.0.0.1 /index.php/Home/Index/foodCity
INFO: [ app_begin ] --START--
INFO: Run Behavior\ReadHtmlCacheBehavior [ RunTime:0.000905s ]
INFO: [ app_begin ] --END-- [ RunTime:0.001407s ]
SQL: SHOW COLUMNS FROM `food` [ RunTime:0.0070s ]
SQL: SELECT t1.* FROM food t1 left join restaurant t2  on t1.res_id=t2.id  WHERE ( t2.res_city like '%承德市%' )  [ RunTime:0.0006s ]

[ 2017-11-13T20:53:32+08:00 ] 127.0.0.1 /index.php/Home/Index/foodCity
INFO: [ app_begin ] --START--
INFO: Run Behavior\ReadHtmlCacheBehavior [ RunTime:0.000839s ]
INFO: [ app_begin ] --END-- [ RunTime:0.001291s ]
SQL: SHOW COLUMNS FROM `food` [ RunTime:0.0048s ]
SQL: SELECT t1.* FROM food t1 left join restaurant t2  on t1.res_id=t2.id  WHERE ( t2.res_city like '%承德市%' )  [ RunTime:0.0009s ]

[ 2017-11-13T20:53:33+08:00 ] 127.0.0.1 /index.php/Home/Index/foodCity
INFO: [ app_begin ] --START--
INFO: Run Behavior\ReadHtmlCacheBehavior [ RunTime:0.000766s ]
INFO: [ app_begin ] --END-- [ RunTime:0.001208s ]
SQL: SHOW COLUMNS FROM `food` [ RunTime:0.0039s ]
SQL: SELECT t1.* FROM food t1 left join restaurant t2  on t1.res_id=t2.id  WHERE ( t2.res_city like '%安阳市%' )  [ RunTime:0.0005s ]

[ 2017-11-13T20:53:34+08:00 ] 127.0.0.1 /index.php/Home/Index/foodCity
INFO: [ app_begin ] --START--
INFO: Run Behavior\ReadHtmlCacheBehavior [ RunTime:0.000775s ]
INFO: [ app_begin ] --END-- [ RunTime:0.001218s ]
SQL: SHOW COLUMNS FROM `food` [ RunTime:0.0057s ]
SQL: SELECT t1.* FROM food t1 left join restaurant t2  on t1.res_id=t2.id  WHERE ( t2.res_city like '%安阳市%' )  [ RunTime:0.0005s ]

[ 2017-11-13T20:53:35+08:00 ] 127.0.0.1 /index.php/Home/Index/foodCity
INFO: [ app_begin ] --START--
INFO: Run Behavior\ReadHtmlCacheBehavior [ RunTime:0.000948s ]
INFO: [ app_begin ] --END-- [ RunTime:0.001438s ]
SQL: SHOW COLUMNS FROM `food` [ RunTime:0.0036s ]
SQL: SELECT t1.* FROM food t1 left join restaurant t2  on t1.res_id=t2.id  WHERE ( t2.res_city like '%安阳市%' )  [ RunTime:0.0005s ]

[ 2017-11-13T20:53:36+08:00 ] 127.0.0.1 /index.php/Home/Index/foodCity
INFO: [ app_begin ] --START--
INFO: Run Behavior\ReadHtmlCacheBehavior [ RunTime:0.000988s ]
INFO: [ app_begin ] --END-- [ RunTime:0.001431s ]
SQL: SHOW COLUMNS FROM `food` [ RunTime:0.0057s ]
SQL: SELECT t1.* FROM food t1 left join restaurant t2  on t1.res_id=t2.id  WHERE ( t2.res_city like '%安阳市%' )  [ RunTime:0.0005s ]

[ 2017-11-13T20:53:41+08:00 ] 127.0.0.1 /index.php/Home/Index/foodCity
INFO: [ app_begin ] --START--
INFO: Run Behavior\ReadHtmlCacheBehavior [ RunTime:0.000872s ]
INFO: [ app_begin ] --END-- [ RunTime:0.001351s ]
SQL: SHOW COLUMNS FROM `food` [ RunTime:0.0036s ]
SQL: SELECT t1.* FROM food t1 left join restaurant t2  on t1.res_id=t2.id  WHERE ( t2.res_city like '%安阳市%' )  [ RunTime:0.0005s ]

[ 2017-11-13T20:54:30+08:00 ] 127.0.0.1 /index.php/Home/Index/foodCity
INFO: [ app_begin ] --START--
INFO: Run Behavior\ReadHtmlCacheBehavior [ RunTime:0.000922s ]
INFO: [ app_begin ] --END-- [ RunTime:0.001439s ]
SQL: SHOW COLUMNS FROM `food` [ RunTime:0.0070s ]
SQL: SELECT t1.* FROM food t1 left join restaurant t2  on t1.res_id=t2.id  WHERE ( t2.res_city like '%广安市%' )  [ RunTime:0.0007s ]

[ 2017-11-13T20:54:33+08:00 ] 127.0.0.1 /index.php/Home/Index/foodCity
INFO: [ app_begin ] --START--
INFO: Run Behavior\ReadHtmlCacheBehavior [ RunTime:0.000932s ]
INFO: [ app_begin ] --END-- [ RunTime:0.001456s ]
SQL: SHOW COLUMNS FROM `food` [ RunTime:0.0038s ]
SQL: SELECT t1.* FROM food t1 left join restaurant t2  on t1.res_id=t2.id  WHERE ( t2.res_city like '%武汉%' )  [ RunTime:0.0005s ]

[ 2017-11-13T20:54:35+08:00 ] 127.0.0.1 /index.php/Home/Index/foodCity
INFO: [ app_begin ] --START--
INFO: Run Behavior\ReadHtmlCacheBehavior [ RunTime:0.001016s ]
INFO: [ app_begin ] --END-- [ RunTime:0.001554s ]
SQL: SHOW COLUMNS FROM `food` [ RunTime:0.0041s ]
SQL: SELECT t1.* FROM food t1 left join restaurant t2  on t1.res_id=t2.id  WHERE ( t2.res_city like '%运城市%' )  [ RunTime:0.0005s ]

[ 2017-11-13T20:57:25+08:00 ] 127.0.0.1 /index.php/Home/Res/restocart
INFO: [ app_begin ] --START--
INFO: Run Behavior\ReadHtmlCacheBehavior [ RunTime:0.000964s ]
INFO: [ app_begin ] --END-- [ RunTime:0.001669s ]
SQL: SHOW COLUMNS FROM `cart` [ RunTime:0.0050s ]
SQL: SHOW COLUMNS FROM `cart` [ RunTime:0.0037s ]
SQL: SELECT * FROM `cart` WHERE `user_id` = '17' AND `food_id` = '1' AND `is_order` = 0 LIMIT 1   [ RunTime:0.0004s ]
SQL: UPDATE `cart` SET `user_id`='17',`food_id`='1',`num`='3',`is_food`='1',`is_order`='0' WHERE `id` = 39 [ RunTime:0.0531s ]
SQL: SELECT * FROM `cart` WHERE `user_id` = '17' AND `food_id` = '3' AND `is_order` = 0 LIMIT 1   [ RunTime:0.0004s ]
SQL: INSERT INTO `cart` (`user_id`,`food_id`,`is_food`,`num`) VALUES ('17','3','1','1') [ RunTime:0.0330s ]
SQL: SELECT * FROM `cart` WHERE `user_id` = '17' AND `food_id` = '4' AND `is_order` = 0 LIMIT 1   [ RunTime:0.0004s ]
SQL: INSERT INTO `cart` (`user_id`,`food_id`,`is_food`,`num`) VALUES ('17','4','1','1') [ RunTime:0.0322s ]
SQL: SELECT * FROM `cart` WHERE `user_id` = '17' AND `food_id` = '2' AND `is_order` = 0 LIMIT 1   [ RunTime:0.0004s ]
SQL: INSERT INTO `cart` (`user_id`,`food_id`,`is_food`,`num`) VALUES ('17','2','1','1') [ RunTime:0.0331s ]

[ 2017-11-13T20:57:28+08:00 ] 127.0.0.1 /index.php/Home/Res/restocart
INFO: [ app_begin ] --START--
INFO: Run Behavior\ReadHtmlCacheBehavior [ RunTime:0.001046s ]
INFO: [ app_begin ] --END-- [ RunTime:0.001686s ]
SQL: SHOW COLUMNS FROM `cart` [ RunTime:0.0055s ]
SQL: SHOW COLUMNS FROM `cart` [ RunTime:0.0041s ]
SQL: SELECT * FROM `cart` WHERE `user_id` = '17' AND `food_id` = '1' AND `is_order` = 0 LIMIT 1   [ RunTime:0.0005s ]
SQL: UPDATE `cart` SET `user_id`='17',`food_id`='1',`num`='4',`is_food`='1',`is_order`='0' WHERE `id` = 39 [ RunTime:0.0339s ]
SQL: SELECT * FROM `cart` WHERE `user_id` = '17' AND `food_id` = '3' AND `is_order` = 0 LIMIT 1   [ RunTime:0.0004s ]
SQL: UPDATE `cart` SET `user_id`='17',`food_id`='3',`num`='2',`is_food`='1',`is_order`='0' WHERE `id` = 40 [ RunTime:0.0329s ]
SQL: SELECT * FROM `cart` WHERE `user_id` = '17' AND `food_id` = '4' AND `is_order` = 0 LIMIT 1   [ RunTime:0.0004s ]
SQL: UPDATE `cart` SET `user_id`='17',`food_id`='4',`num`='2',`is_food`='1',`is_order`='0' WHERE `id` = 41 [ RunTime:0.0323s ]
SQL: SELECT * FROM `cart` WHERE `user_id` = '17' AND `food_id` = '2' AND `is_order` = 0 LIMIT 1   [ RunTime:0.0006s ]
SQL: UPDATE `cart` SET `user_id`='17',`food_id`='2',`num`='2',`is_food`='1',`is_order`='0' WHERE `id` = 42 [ RunTime:0.0325s ]

[ 2017-11-13T20:58:46+08:00 ] 127.0.0.1 /index.php/Home/Res/restocart
INFO: [ app_begin ] --START--
INFO: Run Behavior\ReadHtmlCacheBehavior [ RunTime:0.000985s ]
INFO: [ app_begin ] --END-- [ RunTime:0.001513s ]
SQL: SHOW COLUMNS FROM `cart` [ RunTime:0.0035s ]
SQL: SHOW COLUMNS FROM `cart` [ RunTime:0.0034s ]
SQL: SELECT * FROM `cart` WHERE `user_id` = '17' AND `food_id` = '3' AND `is_order` = 0 LIMIT 1   [ RunTime:0.0004s ]
SQL: UPDATE `cart` SET `user_id`='17',`food_id`='3',`num`='3',`is_food`='1',`is_order`='0' WHERE `id` = 40 [ RunTime:0.0474s ]
SQL: SELECT * FROM `cart` WHERE `user_id` = '17' AND `food_id` = '4' AND `is_order` = 0 LIMIT 1   [ RunTime:0.0003s ]
SQL: UPDATE `cart` SET `user_id`='17',`food_id`='4',`num`='3',`is_food`='1',`is_order`='0' WHERE `id` = 41 [ RunTime:0.0332s ]

[ 2017-11-13T21:01:43+08:00 ] 127.0.0.1 /index.php/Home/Res/restocart
INFO: [ app_begin ] --START--
INFO: Run Behavior\ReadHtmlCacheBehavior [ RunTime:0.000818s ]
INFO: [ app_begin ] --END-- [ RunTime:0.001349s ]
SQL: SHOW COLUMNS FROM `cart` [ RunTime:0.0047s ]
SQL: SHOW COLUMNS FROM `cart` [ RunTime:0.0037s ]
SQL: SELECT * FROM `cart` WHERE `user_id` = '17' AND `food_id` = '1' AND `is_order` = 0 LIMIT 1   [ RunTime:0.0004s ]
SQL: INSERT INTO `cart` (`user_id`,`food_id`,`is_food`,`num`) VALUES ('17','1','1','1') [ RunTime:0.0524s ]
SQL: SELECT * FROM `cart` WHERE `user_id` = '17' AND `food_id` = '3' AND `is_order` = 0 LIMIT 1   [ RunTime:0.0004s ]
SQL: UPDATE `cart` SET `user_id`='17',`food_id`='3',`num`='2',`is_food`='0',`is_order`='0' WHERE `id` = 43 [ RunTime:0.0321s ]
SQL: SELECT * FROM `cart` WHERE `user_id` = '17' AND `food_id` = '2' AND `is_order` = 0 LIMIT 1   [ RunTime:0.0004s ]
SQL: INSERT INTO `cart` (`user_id`,`food_id`,`is_food`,`num`) VALUES ('17','2','1','1') [ RunTime:0.0331s ]
SQL: SELECT * FROM `cart` WHERE `user_id` = '17' AND `food_id` = '4' AND `is_order` = 0 LIMIT 1   [ RunTime:0.0004s ]
SQL: INSERT INTO `cart` (`user_id`,`food_id`,`is_food`,`num`) VALUES ('17','4','1','1') [ RunTime:0.0320s ]

[ 2017-11-13T21:02:47+08:00 ] 127.0.0.1 /index.php/Home/Index/foodCity
INFO: [ app_begin ] --START--
INFO: Run Behavior\ReadHtmlCacheBehavior [ RunTime:0.000860s ]
INFO: [ app_begin ] --END-- [ RunTime:0.001369s ]
SQL: SHOW COLUMNS FROM `food` [ RunTime:0.0059s ]
SQL: SELECT t1.* FROM food t1 left join restaurant t2  on t1.res_id=t2.id  WHERE ( t2.res_city like '%安阳市%' )  [ RunTime:0.0005s ]

[ 2017-11-13T21:04:03+08:00 ] 127.0.0.1 /index.php/Home/Cart/del
INFO: [ app_begin ] --START--
INFO: Run Behavior\ReadHtmlCacheBehavior [ RunTime:0.000997s ]
INFO: [ app_begin ] --END-- [ RunTime:0.001570s ]
SQL: SHOW COLUMNS FROM `cart` [ RunTime:0.0051s ]
SQL: DELETE FROM `cart` WHERE ( id=45 ) [ RunTime:0.0453s ]

[ 2017-11-13T21:04:19+08:00 ] 127.0.0.1 /index.php/Home/Cart/change_food
INFO: [ app_begin ] --START--
INFO: Run Behavior\ReadHtmlCacheBehavior [ RunTime:0.000927s ]
INFO: [ app_begin ] --END-- [ RunTime:0.001480s ]
SQL: SHOW COLUMNS FROM `cart` [ RunTime:0.0049s ]
SQL: UPDATE `cart` SET `id`='44',`num`='1' WHERE ( id=44 ) [ RunTime:0.0466s ]

[ 2017-11-13T21:04:22+08:00 ] 127.0.0.1 /index.php/Home/Cart/change_food
INFO: [ app_begin ] --START--
INFO: Run Behavior\ReadHtmlCacheBehavior [ RunTime:0.000945s ]
INFO: [ app_begin ] --END-- [ RunTime:0.001469s ]
SQL: SHOW COLUMNS FROM `cart` [ RunTime:0.0049s ]
SQL: UPDATE `cart` SET `id`='46',`num`='9' WHERE ( id=46 ) [ RunTime:0.0477s ]

[ 2017-11-13T21:05:00+08:00 ] 127.0.0.1 /index.php/Home/Fdorder/flowgoods
INFO: [ app_begin ] --START--
INFO: Run Behavior\ReadHtmlCacheBehavior [ RunTime:0.000885s ]
INFO: [ app_begin ] --END-- [ RunTime:0.001409s ]
SQL: SHOW COLUMNS FROM `user` [ RunTime:0.0061s ]
SQL: SELECT * FROM `user` WHERE ( id=1 ) LIMIT 1   [ RunTime:0.0005s ]
SQL: UPDATE `user` SET `grade_num`='8708' WHERE ( id=1 ) [ RunTime:0.0465s ]
SQL: SHOW COLUMNS FROM `address` [ RunTime:0.0033s ]
SQL: SELECT * FROM `address` WHERE ( id=1 ) LIMIT 1   [ RunTime:0.0003s ]
SQL: SHOW COLUMNS FROM `fdorder` [ RunTime:0.0037s ]
NOTIC: [8] Undefined index: validate E:\orderspace\order\ThinkPHP\Library\Think\Model.class.php 第 1185 行.
NOTIC: [8] Undefined index: auto E:\orderspace\order\ThinkPHP\Library\Think\Model.class.php 第 1128 行.
SQL: INSERT INTO `fdorder` (`user_id`,`address_id`,`foods_name`,`address_name`,`order_price`,`order_status`,`is_food`,`order_time`,`order_id`) VALUES ('1','1','积分3','fds上街43号','26','1','0','2017-11-13 21:05:00','1510578300') [ RunTime:0.0347s ]

[ 2017-11-13T21:15:37+08:00 ] 127.0.0.1 /index.php/Home/Res/restocart
INFO: [ app_begin ] --START--
INFO: Run Behavior\ReadHtmlCacheBehavior [ RunTime:0.000958s ]
INFO: [ app_begin ] --END-- [ RunTime:0.001499s ]
SQL: SHOW COLUMNS FROM `cart` [ RunTime:0.0047s ]
SQL: SHOW COLUMNS FROM `cart` [ RunTime:0.0036s ]
SQL: SELECT * FROM `cart` WHERE `user_id` = '17' AND `food_id` = '4' AND `is_order` = 0 LIMIT 1   [ RunTime:0.0004s ]
SQL: UPDATE `cart` SET `user_id`='17',`food_id`='4',`num`='10',`is_food`='1',`is_order`='0' WHERE `id` = 46 [ RunTime:0.0444s ]
SQL: SELECT * FROM `cart` WHERE `user_id` = '17' AND `food_id` = '3' AND `is_order` = 0 LIMIT 1   [ RunTime:0.0004s ]
SQL: INSERT INTO `cart` (`user_id`,`food_id`,`is_food`,`num`) VALUES ('17','3','1','1') [ RunTime:0.0331s ]

[ 2017-11-13T21:18:00+08:00 ] 127.0.0.1 /index.php/Home/Res/restocart
INFO: [ app_begin ] --START--
INFO: Run Behavior\ReadHtmlCacheBehavior [ RunTime:0.000934s ]
INFO: [ app_begin ] --END-- [ RunTime:0.001495s ]
SQL: SHOW COLUMNS FROM `cart` [ RunTime:0.0049s ]
SQL: SHOW COLUMNS FROM `cart` [ RunTime:0.0035s ]
SQL: SELECT * FROM `cart` WHERE `user_id` = '17' AND `food_id` = '3' AND `is_order` = 0 LIMIT 1   [ RunTime:0.0004s ]
SQL: INSERT INTO `cart` (`user_id`,`food_id`,`is_food`,`num`) VALUES ('17','3','1','1') [ RunTime:0.0493s ]

[ 2017-11-13T21:18:07+08:00 ] 127.0.0.1 /index.php/Home/Cart/change_food
INFO: [ app_begin ] --START--
INFO: Run Behavior\ReadHtmlCacheBehavior [ RunTime:0.000926s ]
INFO: [ app_begin ] --END-- [ RunTime:0.001446s ]
SQL: SHOW COLUMNS FROM `cart` [ RunTime:0.0051s ]
SQL: UPDATE `cart` SET `id`='46',`num`='1' WHERE ( id=46 ) [ RunTime:0.0473s ]

[ 2017-11-13T21:18:51+08:00 ] 127.0.0.1 /index.php/Home/Res/restocart
INFO: [ app_begin ] --START--
INFO: Run Behavior\ReadHtmlCacheBehavior [ RunTime:0.000911s ]
INFO: [ app_begin ] --END-- [ RunTime:0.001426s ]
SQL: SHOW COLUMNS FROM `cart` [ RunTime:0.0052s ]
SQL: SHOW COLUMNS FROM `cart` [ RunTime:0.0034s ]
SQL: SELECT * FROM `cart` WHERE `user_id` = '17' AND `food_id` = '3' AND `is_order` = 0 LIMIT 1   [ RunTime:0.0004s ]
SQL: INSERT INTO `cart` (`user_id`,`food_id`,`is_food`,`num`) VALUES ('17','3','1','1') [ RunTime:0.0513s ]

[ 2017-11-13T21:19:55+08:00 ] 127.0.0.1 /index.php/Home/Info/user_message.html
ERR: 非法操作:user_message

[ 2017-11-13T21:50:31+08:00 ] 127.0.0.1 /index.php/Home/Res/select
INFO: [ app_begin ] --START--
INFO: Run Behavior\ReadHtmlCacheBehavior [ RunTime:0.000969s ]
INFO: [ app_begin ] --END-- [ RunTime:0.001483s ]
SQL: SHOW COLUMNS FROM `restaurant` [ RunTime:0.0059s ]
SQL: SELECT * FROM restaurant t1 join cate as t2   WHERE ( t2.cate_name='上海烤鸭' and t1.res_pro='四川省' and res_price between 40 and 60 )  [ RunTime:0.0387s ]

[ 2017-11-13T21:50:45+08:00 ] 127.0.0.1 /index.php/Home/Res/select
INFO: [ app_begin ] --START--
INFO: Run Behavior\ReadHtmlCacheBehavior [ RunTime:0.000919s ]
INFO: [ app_begin ] --END-- [ RunTime:0.001393s ]
SQL: SHOW COLUMNS FROM `restaurant` [ RunTime:0.0055s ]
SQL: SELECT * FROM restaurant t1 join cate as t2   WHERE ( t2.cate_name='回转寿司' and t1.res_pro='四川省' and res_price between 40 and 60 )  [ RunTime:0.0006s ]

[ 2017-11-13T21:50:56+08:00 ] 127.0.0.1 /index.php/Home/Res/select
INFO: [ app_begin ] --START--
INFO: Run Behavior\ReadHtmlCacheBehavior [ RunTime:0.000993s ]
INFO: [ app_begin ] --END-- [ RunTime:0.001544s ]
SQL: SHOW COLUMNS FROM `restaurant` [ RunTime:0.0053s ]
SQL: SELECT * FROM restaurant t1 join cate as t2   WHERE ( t2.cate_name='上海烤鸭' and t1.res_pro='四川省' and res_price between 20 and 40 )  [ RunTime:0.0005s ]
NOTIC: [8] Undefined variable: html E:\orderspace\order\Application\Home\Controller\ResController.class.php 第 225 行.

[ 2017-11-13T21:51:03+08:00 ] 127.0.0.1 /index.php/Home/Res/select
INFO: [ app_begin ] --START--
INFO: Run Behavior\ReadHtmlCacheBehavior [ RunTime:0.000945s ]
INFO: [ app_begin ] --END-- [ RunTime:0.001430s ]
SQL: SHOW COLUMNS FROM `restaurant` [ RunTime:0.0066s ]
SQL: SELECT * FROM restaurant t1 join cate as t2   WHERE ( t2.cate_name='北京烤鸭' and t1.res_pro='四川省' and res_price between 40 and 60 )  [ RunTime:0.0007s ]

[ 2017-11-13T21:51:05+08:00 ] 127.0.0.1 /index.php/Home/Res/select
INFO: [ app_begin ] --START--
INFO: Run Behavior\ReadHtmlCacheBehavior [ RunTime:0.001252s ]
INFO: [ app_begin ] --END-- [ RunTime:0.001758s ]
SQL: SHOW COLUMNS FROM `restaurant` [ RunTime:0.0051s ]
SQL: SELECT * FROM restaurant t1 join cate as t2   WHERE ( t2.cate_name='北京烤鸭' and t1.res_pro='四川省' and res_price between 1 and 20 )  [ RunTime:0.0005s ]
NOTIC: [8] Undefined variable: html E:\orderspace\order\Application\Home\Controller\ResController.class.php 第 225 行.

[ 2017-11-13T21:51:10+08:00 ] 127.0.0.1 /index.php/Home/Res/select
INFO: [ app_begin ] --START--
INFO: Run Behavior\ReadHtmlCacheBehavior [ RunTime:0.001035s ]
INFO: [ app_begin ] --END-- [ RunTime:0.001973s ]
SQL: SHOW COLUMNS FROM `restaurant` [ RunTime:0.0052s ]
SQL: SELECT * FROM restaurant t1 join cate as t2   WHERE ( t2.cate_name='黑狗肉' and t1.res_pro='山西省' and res_price between 40 and 60 )  [ RunTime:0.0006s ]

[ 2017-11-13T22:43:51+08:00 ] 127.0.0.1 /index.php/Home/Res/restocart
INFO: [ app_begin ] --START--
INFO: Run Behavior\ReadHtmlCacheBehavior [ RunTime:0.000869s ]
INFO: [ app_begin ] --END-- [ RunTime:0.001417s ]

[ 2017-11-13T22:44:51+08:00 ] 127.0.0.1 /index.php/Home/Cart/change_food
INFO: [ app_begin ] --START--
INFO: Run Behavior\ReadHtmlCacheBehavior [ RunTime:0.000891s ]
INFO: [ app_begin ] --END-- [ RunTime:0.001375s ]
SQL: SHOW COLUMNS FROM `cart` [ RunTime:0.0051s ]
SQL: UPDATE `cart` SET `id`='49',`num`='7' WHERE ( id=49 ) [ RunTime:0.0505s ]

[ 2017-11-13T22:45:15+08:00 ] 127.0.0.1 /index.php/Home/Cart/change_food
INFO: [ app_begin ] --START--
INFO: Run Behavior\ReadHtmlCacheBehavior [ RunTime:0.000944s ]
INFO: [ app_begin ] --END-- [ RunTime:0.001453s ]
SQL: SHOW COLUMNS FROM `cart` [ RunTime:0.0052s ]
SQL: UPDATE `cart` SET `id`='49',`num`='10' WHERE ( id=49 ) [ RunTime:0.0650s ]

[ 2017-11-13T22:46:01+08:00 ] 127.0.0.1 /index.php/Home/Cart/del
INFO: [ app_begin ] --START--
INFO: Run Behavior\ReadHtmlCacheBehavior [ RunTime:0.000876s ]
INFO: [ app_begin ] --END-- [ RunTime:0.001447s ]
SQL: SHOW COLUMNS FROM `cart` [ RunTime:0.0049s ]
SQL: DELETE FROM `cart` WHERE ( id=49 ) [ RunTime:0.0352s ]

