[ 2017-11-15T09:01:42+08:00 ] 192.168.174.82 /index.php/Home/Index/foodRes
INFO: [ app_begin ] --START--
INFO: Run Behavior\ReadHtmlCacheBehavior [ RunTime:0.000747s ]
INFO: [ app_begin ] --END-- [ RunTime:0.001229s ]
SQL: SHOW COLUMNS FROM `food` [ RunTime:0.0051s ]
SQL: SELECT t1.food_name,t2.* FROM food t1 left join restaurant t2  on t1.res_id=t2.id  WHERE ( t2.res_city like '%广安市%' )  [ RunTime:0.0005s ]

[ 2017-11-15T09:01:43+08:00 ] 192.168.174.82 /index.php/Home/Index/foodRes
INFO: [ app_begin ] --START--
INFO: Run Behavior\ReadHtmlCacheBehavior [ RunTime:0.002421s ]
INFO: [ app_begin ] --END-- [ RunTime:0.003255s ]
SQL: SHOW COLUMNS FROM `food` [ RunTime:0.0039s ]
SQL: SELECT t1.food_name,t2.* FROM food t1 left join restaurant t2  on t1.res_id=t2.id  WHERE ( t2.res_city like '%广安市%' )  [ RunTime:0.0005s ]

[ 2017-11-15T09:01:44+08:00 ] 192.168.174.82 /index.php/Home/Index/foodRes
INFO: [ app_begin ] --START--
INFO: Run Behavior\ReadHtmlCacheBehavior [ RunTime:0.001745s ]
INFO: [ app_begin ] --END-- [ RunTime:0.002839s ]
SQL: SHOW COLUMNS FROM `food` [ RunTime:0.0036s ]
SQL: SELECT t1.food_name,t2.* FROM food t1 left join restaurant t2  on t1.res_id=t2.id  WHERE ( t2.res_city like '%武汉%' )  [ RunTime:0.0005s ]

[ 2017-11-15T09:01:45+08:00 ] 192.168.174.82 /index.php/Home/Index/foodRes
INFO: [ app_begin ] --START--
INFO: Run Behavior\ReadHtmlCacheBehavior [ RunTime:0.000707s ]
INFO: [ app_begin ] --END-- [ RunTime:0.001142s ]
SQL: SHOW COLUMNS FROM `food` [ RunTime:0.0036s ]
SQL: SELECT t1.food_name,t2.* FROM food t1 left join restaurant t2  on t1.res_id=t2.id  WHERE ( t2.res_city like '%武汉%' )  [ RunTime:0.0005s ]

[ 2017-11-15T09:01:46+08:00 ] 192.168.174.82 /index.php/Home/Index/foodRes
INFO: [ app_begin ] --START--
INFO: Run Behavior\ReadHtmlCacheBehavior [ RunTime:0.000692s ]
INFO: [ app_begin ] --END-- [ RunTime:0.001192s ]
SQL: SHOW COLUMNS FROM `food` [ RunTime:0.0036s ]
SQL: SELECT t1.food_name,t2.* FROM food t1 left join restaurant t2  on t1.res_id=t2.id  WHERE ( t2.res_city like '%运城市%' )  [ RunTime:0.0005s ]

[ 2017-11-15T09:01:47+08:00 ] 192.168.174.82 /index.php/Home/Index/foodRes
INFO: [ app_begin ] --START--
INFO: Run Behavior\ReadHtmlCacheBehavior [ RunTime:0.000748s ]
INFO: [ app_begin ] --END-- [ RunTime:0.001374s ]
SQL: SHOW COLUMNS FROM `food` [ RunTime:0.0041s ]
SQL: SELECT t1.food_name,t2.* FROM food t1 left join restaurant t2  on t1.res_id=t2.id  WHERE ( t2.res_city like '%运城市%' )  [ RunTime:0.0007s ]

[ 2017-11-15T09:02:06+08:00 ] 192.168.174.82 /index.php/Home/Res/select
INFO: [ app_begin ] --START--
INFO: Run Behavior\ReadHtmlCacheBehavior [ RunTime:0.000761s ]
INFO: [ app_begin ] --END-- [ RunTime:0.001223s ]
SQL: SHOW COLUMNS FROM `restaurant` [ RunTime:0.0048s ]
SQL: SELECT * FROM restaurant t1 join cate as t2   WHERE ( t2.cate_name='上海烤鸭' and t1.res_pro='数据' and res_price between 40 and 60 )  [ RunTime:0.0006s ]
NOTIC: [8] Undefined variable: html E:\orderspace\order\Application\Home\Controller\ResController.class.php 第 225 行.

[ 2017-11-15T09:02:11+08:00 ] 192.168.174.82 /index.php/Home/Res/select
INFO: [ app_begin ] --START--
INFO: Run Behavior\ReadHtmlCacheBehavior [ RunTime:0.000686s ]
INFO: [ app_begin ] --END-- [ RunTime:0.001187s ]
SQL: SHOW COLUMNS FROM `restaurant` [ RunTime:0.0050s ]
SQL: SELECT * FROM restaurant t1 join cate as t2   WHERE ( t2.cate_name='上海烤鸭' and t1.res_pro='数据' and res_price between 60 and 80 )  [ RunTime:0.0005s ]
NOTIC: [8] Undefined variable: html E:\orderspace\order\Application\Home\Controller\ResController.class.php 第 225 行.

[ 2017-11-15T09:02:12+08:00 ] 192.168.174.82 /index.php/Home/Res/select
INFO: [ app_begin ] --START--
INFO: Run Behavior\ReadHtmlCacheBehavior [ RunTime:0.000719s ]
INFO: [ app_begin ] --END-- [ RunTime:0.001222s ]
SQL: SHOW COLUMNS FROM `restaurant` [ RunTime:0.0051s ]
SQL: SELECT * FROM restaurant t1 join cate as t2   WHERE ( t2.cate_name='上海烤鸭' and t1.res_pro='数据' and res_price between 40 and 60 )  [ RunTime:0.0005s ]
NOTIC: [8] Undefined variable: html E:\orderspace\order\Application\Home\Controller\ResController.class.php 第 225 行.

[ 2017-11-15T09:13:45+08:00 ] 192.168.174.25 /index.php/Home/User/checkname
INFO: [ app_begin ] --START--
INFO: Run Behavior\ReadHtmlCacheBehavior [ RunTime:0.000758s ]
INFO: [ app_begin ] --END-- [ RunTime:0.001197s ]
SQL: SHOW COLUMNS FROM `user` [ RunTime:0.0061s ]
SQL: SELECT * FROM `user` WHERE `user_name` = '799875530@qq.com' LIMIT 1   [ RunTime:0.0005s ]

[ 2017-11-15T09:14:01+08:00 ] 192.168.174.25 /index.php/Home/User/checkname
INFO: [ app_begin ] --START--
INFO: Run Behavior\ReadHtmlCacheBehavior [ RunTime:0.000851s ]
INFO: [ app_begin ] --END-- [ RunTime:0.001365s ]
SQL: SHOW COLUMNS FROM `user` [ RunTime:0.0055s ]
SQL: SELECT * FROM `user` WHERE `user_name` = '799875530@qq.com' LIMIT 1   [ RunTime:0.0005s ]

[ 2017-11-15T09:14:57+08:00 ] 192.168.174.25 /index.php/Home/User/checkname
INFO: [ app_begin ] --START--
INFO: Run Behavior\ReadHtmlCacheBehavior [ RunTime:0.000845s ]
INFO: [ app_begin ] --END-- [ RunTime:0.001372s ]
SQL: SHOW COLUMNS FROM `user` [ RunTime:0.0058s ]
SQL: SELECT * FROM `user` WHERE `user_name` = 'd_zhi_hong@qq.com' LIMIT 1   [ RunTime:0.0004s ]

[ 2017-11-15T09:15:20+08:00 ] 192.168.174.25 /index.php/Home/User/checkname
INFO: [ app_begin ] --START--
INFO: Run Behavior\ReadHtmlCacheBehavior [ RunTime:0.000838s ]
INFO: [ app_begin ] --END-- [ RunTime:0.001388s ]
SQL: SHOW COLUMNS FROM `user` [ RunTime:0.0061s ]
SQL: SELECT * FROM `user` WHERE `user_name` = 'd_zhi_hong@13.com' LIMIT 1   [ RunTime:0.0005s ]

[ 2017-11-15T09:15:31+08:00 ] 192.168.174.25 /index.php/Home/User/checkname
INFO: [ app_begin ] --START--
INFO: Run Behavior\ReadHtmlCacheBehavior [ RunTime:0.000796s ]
INFO: [ app_begin ] --END-- [ RunTime:0.001326s ]
SQL: SHOW COLUMNS FROM `user` [ RunTime:0.0048s ]
SQL: SELECT * FROM `user` WHERE `user_name` = 'd_zhi_hong@163.com' LIMIT 1   [ RunTime:0.0004s ]

[ 2017-11-15T09:20:07+08:00 ] 192.168.174.25 /index.php/Home/Res/restocart
INFO: [ app_begin ] --START--
INFO: Run Behavior\ReadHtmlCacheBehavior [ RunTime:0.000771s ]
INFO: [ app_begin ] --END-- [ RunTime:0.001337s ]
SQL: SHOW COLUMNS FROM `cart` [ RunTime:0.0035s ]
SQL: SHOW COLUMNS FROM `cart` [ RunTime:0.0044s ]
SQL: SELECT * FROM `cart` WHERE `user_id` = '1' AND `food_id` = '2' AND `is_order` = 0 LIMIT 1   [ RunTime:0.0004s ]
SQL: INSERT INTO `cart` (`user_id`,`food_id`,`is_food`,`num`) VALUES ('1','2','1','1') [ RunTime:0.0318s ]
SQL: SELECT * FROM `cart` WHERE `user_id` = '1' AND `food_id` = '4' AND `is_order` = 0 LIMIT 1   [ RunTime:0.0005s ]
SQL: INSERT INTO `cart` (`user_id`,`food_id`,`is_food`,`num`) VALUES ('1','4','1','1') [ RunTime:0.0330s ]
SQL: SELECT * FROM `cart` WHERE `user_id` = '1' AND `food_id` = '3' AND `is_order` = 0 LIMIT 1   [ RunTime:0.0004s ]
SQL: INSERT INTO `cart` (`user_id`,`food_id`,`is_food`,`num`) VALUES ('1','3','1','1') [ RunTime:0.0320s ]

[ 2017-11-15T09:20:19+08:00 ] 192.168.174.25 /index.php/Home/Cart/del
INFO: [ app_begin ] --START--
INFO: Run Behavior\ReadHtmlCacheBehavior [ RunTime:0.000739s ]
INFO: [ app_begin ] --END-- [ RunTime:0.001246s ]
SQL: SHOW COLUMNS FROM `cart` [ RunTime:0.0055s ]
SQL: DELETE FROM `cart` WHERE ( id=56 ) [ RunTime:0.0322s ]

[ 2017-11-15T09:20:40+08:00 ] 192.168.174.25 /index.php/Home/Cart/change_food
INFO: [ app_begin ] --START--
INFO: Run Behavior\ReadHtmlCacheBehavior [ RunTime:0.000659s ]
INFO: [ app_begin ] --END-- [ RunTime:0.001119s ]
SQL: SHOW COLUMNS FROM `cart` [ RunTime:0.0064s ]
SQL: UPDATE `cart` SET `id`='57',`num`='5' WHERE ( id=57 ) [ RunTime:0.0432s ]

[ 2017-11-15T09:20:52+08:00 ] 192.168.174.25 /index.php/Home/Cart/del
INFO: [ app_begin ] --START--
INFO: Run Behavior\ReadHtmlCacheBehavior [ RunTime:0.000736s ]
INFO: [ app_begin ] --END-- [ RunTime:0.001235s ]
SQL: SHOW COLUMNS FROM `cart` [ RunTime:0.0054s ]
SQL: DELETE FROM `cart` WHERE ( id=57 ) [ RunTime:0.1219s ]

[ 2017-11-15T10:11:35+08:00 ] 192.168.174.34 /index.php/Home/Res/restocart
INFO: [ app_begin ] --START--
INFO: Run Behavior\ReadHtmlCacheBehavior [ RunTime:0.000978s ]
INFO: [ app_begin ] --END-- [ RunTime:0.001558s ]
SQL: SHOW COLUMNS FROM `cart` [ RunTime:0.0059s ]
SQL: SHOW COLUMNS FROM `cart` [ RunTime:0.0048s ]
SQL: SELECT * FROM `cart` WHERE `user_id` = '1' AND `food_id` = '3' AND `is_order` = 0 LIMIT 1   [ RunTime:0.0005s ]
SQL: INSERT INTO `cart` (`user_id`,`food_id`,`is_food`,`num`) VALUES ('1','3','1','1') [ RunTime:0.0467s ]
SQL: SELECT * FROM `cart` WHERE `user_id` = '1' AND `food_id` = '4' AND `is_order` = 0 LIMIT 1   [ RunTime:0.0005s ]
SQL: INSERT INTO `cart` (`user_id`,`food_id`,`is_food`,`num`) VALUES ('1','4','1','1') [ RunTime:0.0330s ]
SQL: SELECT * FROM `cart` WHERE `user_id` = '1' AND `food_id` = '2' AND `is_order` = 0 LIMIT 1   [ RunTime:0.0004s ]
SQL: INSERT INTO `cart` (`user_id`,`food_id`,`is_food`,`num`) VALUES ('1','2','1','1') [ RunTime:0.0319s ]

[ 2017-11-15T10:11:41+08:00 ] 192.168.174.34 /index.php/Home/Cart/del
INFO: [ app_begin ] --START--
INFO: Run Behavior\ReadHtmlCacheBehavior [ RunTime:0.000897s ]
INFO: [ app_begin ] --END-- [ RunTime:0.001395s ]
SQL: SHOW COLUMNS FROM `cart` [ RunTime:0.0054s ]
SQL: DELETE FROM `cart` WHERE ( id=61 ) [ RunTime:0.0429s ]

[ 2017-11-15T10:11:55+08:00 ] 192.168.174.34 /index.php/Home/Cart/del
INFO: [ app_begin ] --START--
INFO: Run Behavior\ReadHtmlCacheBehavior [ RunTime:0.000950s ]
INFO: [ app_begin ] --END-- [ RunTime:0.001467s ]
SQL: SHOW COLUMNS FROM `cart` [ RunTime:0.0060s ]
SQL: DELETE FROM `cart` WHERE ( id=60 ) [ RunTime:0.0530s ]

[ 2017-11-15T10:12:30+08:00 ] 192.168.174.34 /index.php/Home/Cart/change_food
INFO: [ app_begin ] --START--
INFO: Run Behavior\ReadHtmlCacheBehavior [ RunTime:0.000925s ]
INFO: [ app_begin ] --END-- [ RunTime:0.001387s ]
SQL: SHOW COLUMNS FROM `cart` [ RunTime:0.0055s ]
SQL: UPDATE `cart` SET `id`='62',`num`='5' WHERE ( id=62 ) [ RunTime:0.0529s ]

[ 2017-11-15T10:12:42+08:00 ] 192.168.174.34 /index.php/Home/Cart/change_food
INFO: [ app_begin ] --START--
INFO: Run Behavior\ReadHtmlCacheBehavior [ RunTime:0.000947s ]
INFO: [ app_begin ] --END-- [ RunTime:0.001451s ]
SQL: SHOW COLUMNS FROM `cart` [ RunTime:0.0055s ]
SQL: UPDATE `cart` SET `id`='62',`num`='9' WHERE ( id=62 ) [ RunTime:0.0518s ]

[ 2017-11-15T10:12:49+08:00 ] 192.168.174.34 /index.php/Home/Cart/change_food
INFO: [ app_begin ] --START--
INFO: Run Behavior\ReadHtmlCacheBehavior [ RunTime:0.000854s ]
INFO: [ app_begin ] --END-- [ RunTime:0.001281s ]
SQL: SHOW COLUMNS FROM `cart` [ RunTime:0.0055s ]
SQL: UPDATE `cart` SET `id`='62',`num`='6' WHERE ( id=62 ) [ RunTime:0.0645s ]

[ 2017-11-15T10:13:40+08:00 ] 192.168.174.34 /index.php/Home/Fdorder/flowgoods
INFO: [ app_begin ] --START--
INFO: Run Behavior\ReadHtmlCacheBehavior [ RunTime:0.000972s ]
INFO: [ app_begin ] --END-- [ RunTime:0.001508s ]
SQL: SHOW COLUMNS FROM `user` [ RunTime:0.0060s ]
SQL: SELECT * FROM `user` WHERE ( id=1 ) LIMIT 1   [ RunTime:0.0005s ]
SQL: UPDATE `user` SET `grade_num`='8639' WHERE ( id=1 ) [ RunTime:0.0435s ]
SQL: SHOW COLUMNS FROM `address` [ RunTime:0.0047s ]
SQL: SELECT * FROM `address` WHERE ( id=1 ) LIMIT 1   [ RunTime:0.0004s ]
SQL: SHOW COLUMNS FROM `fdorder` [ RunTime:0.0037s ]
NOTIC: [8] Undefined index: validate E:\orderspace\order\ThinkPHP\Library\Think\Model.class.php 第 1185 行.
NOTIC: [8] Undefined index: auto E:\orderspace\order\ThinkPHP\Library\Think\Model.class.php 第 1128 行.
SQL: INSERT INTO `fdorder` (`user_id`,`address_id`,`foods_name`,`address_name`,`order_price`,`order_status`,`is_food`,`order_time`,`order_id`) VALUES ('1','1','牛奶','fds上街43号','14','1','0','2017-11-15 10:13:40','1510712020') [ RunTime:0.0342s ]

[ 2017-11-15T10:19:23+08:00 ] 192.168.174.34 /index.php/Home/Goods/getGrade
INFO: [ app_begin ] --START--
INFO: Run Behavior\ReadHtmlCacheBehavior [ RunTime:0.000862s ]
INFO: [ app_begin ] --END-- [ RunTime:0.001329s ]
SQL: SHOW COLUMNS FROM `goods` [ RunTime:0.0051s ]
SQL: SELECT * FROM `goods` WHERE `goods_grade` >= '1' AND (  `goods_grade` <= '100' )  [ RunTime:0.0004s ]

[ 2017-11-15T10:19:24+08:00 ] 192.168.174.34 /index.php/Home/Goods/getGrade
INFO: [ app_begin ] --START--
INFO: Run Behavior\ReadHtmlCacheBehavior [ RunTime:0.001017s ]
INFO: [ app_begin ] --END-- [ RunTime:0.001637s ]
SQL: SHOW COLUMNS FROM `goods` [ RunTime:0.0057s ]
SQL: SELECT * FROM `goods` WHERE `goods_grade` >= '101' AND (  `goods_grade` <= '200' )  [ RunTime:0.0004s ]

[ 2017-11-15T10:19:25+08:00 ] 192.168.174.34 /index.php/Home/Goods/getGrade
INFO: [ app_begin ] --START--
INFO: Run Behavior\ReadHtmlCacheBehavior [ RunTime:0.000649s ]
INFO: [ app_begin ] --END-- [ RunTime:0.001081s ]
SQL: SHOW COLUMNS FROM `goods` [ RunTime:0.0061s ]
SQL: SELECT * FROM `goods` WHERE `goods_grade` >= '201' AND (  `goods_grade` <= '300' )  [ RunTime:0.0005s ]

[ 2017-11-15T10:19:26+08:00 ] 192.168.174.34 /index.php/Home/Goods/getGrade
INFO: [ app_begin ] --START--
INFO: Run Behavior\ReadHtmlCacheBehavior [ RunTime:0.000856s ]
INFO: [ app_begin ] --END-- [ RunTime:0.001316s ]
SQL: SHOW COLUMNS FROM `goods` [ RunTime:0.0052s ]
SQL: SELECT * FROM `goods` WHERE `goods_grade` >= '301' AND (  `goods_grade` <= '400' )  [ RunTime:0.0004s ]

[ 2017-11-15T10:19:27+08:00 ] 192.168.174.34 /index.php/Home/Goods/getGrade
INFO: [ app_begin ] --START--
INFO: Run Behavior\ReadHtmlCacheBehavior [ RunTime:0.000793s ]
INFO: [ app_begin ] --END-- [ RunTime:0.001325s ]
SQL: SHOW COLUMNS FROM `goods` [ RunTime:0.0049s ]
SQL: SELECT * FROM `goods` WHERE `goods_grade` >= '1' AND (  `goods_grade` <= '100' )  [ RunTime:0.0005s ]

[ 2017-11-15T10:19:36+08:00 ] 192.168.174.34 /index.php/Home/Goods/getGrade
INFO: [ app_begin ] --START--
INFO: Run Behavior\ReadHtmlCacheBehavior [ RunTime:0.000859s ]
INFO: [ app_begin ] --END-- [ RunTime:0.001620s ]
SQL: SHOW COLUMNS FROM `goods` [ RunTime:0.0064s ]
SQL: SELECT * FROM `goods`  [ RunTime:0.0005s ]

[ 2017-11-15T10:19:38+08:00 ] 192.168.174.34 /index.php/Home/Goods/getGrade
INFO: [ app_begin ] --START--
INFO: Run Behavior\ReadHtmlCacheBehavior [ RunTime:0.001152s ]
INFO: [ app_begin ] --END-- [ RunTime:0.001824s ]
SQL: SHOW COLUMNS FROM `goods` [ RunTime:0.0066s ]
SQL: SELECT * FROM `goods` WHERE `goods_grade` >= '101' AND (  `goods_grade` <= '200' )  [ RunTime:0.0005s ]

[ 2017-11-15T10:19:42+08:00 ] 192.168.174.34 /index.php/Home/Goods/getGrade
INFO: [ app_begin ] --START--
INFO: Run Behavior\ReadHtmlCacheBehavior [ RunTime:0.000842s ]
INFO: [ app_begin ] --END-- [ RunTime:0.001391s ]
SQL: SHOW COLUMNS FROM `goods` [ RunTime:0.0087s ]
SQL: SELECT * FROM `goods`  [ RunTime:0.0005s ]

[ 2017-11-15T10:19:43+08:00 ] 192.168.174.34 /index.php/Home/Goods/__MODULE__/Goods/detail/id/2
ERR: 非法操作:__MODULE__

[ 2017-11-15T10:19:48+08:00 ] 127.0.0.1 /index.php/Home/Res/select
INFO: [ app_begin ] --START--
INFO: Run Behavior\ReadHtmlCacheBehavior [ RunTime:0.001081s ]
INFO: [ app_begin ] --END-- [ RunTime:0.001570s ]
SQL: SHOW COLUMNS FROM `restaurant` [ RunTime:0.0053s ]
SQL: SELECT * FROM restaurant t1 join cate as t2   WHERE ( t2.cate_name='北京烤鸭' and t1.res_pro='山西省' and res_price between 20 and 40 )  [ RunTime:0.0005s ]
NOTIC: [8] Undefined variable: html E:\orderspace\order\Application\Home\Controller\ResController.class.php 第 225 行.

[ 2017-11-15T10:20:59+08:00 ] 127.0.0.1 /index.php/Home/Res/select
INFO: [ app_begin ] --START--
INFO: Run Behavior\ReadHtmlCacheBehavior [ RunTime:0.000690s ]
INFO: [ app_begin ] --END-- [ RunTime:0.001154s ]
SQL: SHOW COLUMNS FROM `restaurant` [ RunTime:0.0054s ]
SQL: SELECT * FROM restaurant t1 join cate as t2   WHERE ( t2.cate_name='北京烤鸭' and t1.res_pro='山西省' and res_price between 60 and 80 )  [ RunTime:0.0005s ]
NOTIC: [8] Undefined variable: html E:\orderspace\order\Application\Home\Controller\ResController.class.php 第 225 行.

[ 2017-11-15T10:21:00+08:00 ] 127.0.0.1 /index.php/Home/Res/select
INFO: [ app_begin ] --START--
INFO: Run Behavior\ReadHtmlCacheBehavior [ RunTime:0.000717s ]
INFO: [ app_begin ] --END-- [ RunTime:0.001215s ]
SQL: SHOW COLUMNS FROM `restaurant` [ RunTime:0.0050s ]
SQL: SELECT * FROM restaurant t1 join cate as t2   WHERE ( t2.cate_name='北京烤鸭' and t1.res_pro='山西省' and res_price between 40 and 60 )  [ RunTime:0.0006s ]

[ 2017-11-15T10:21:59+08:00 ] 192.168.174.34 /index.php/Home/Info/selectOne
INFO: [ app_begin ] --START--
INFO: Run Behavior\ReadHtmlCacheBehavior [ RunTime:0.000781s ]
INFO: [ app_begin ] --END-- [ RunTime:0.001311s ]
SQL: SHOW COLUMNS FROM `address` [ RunTime:0.0050s ]
SQL: SELECT * FROM `address` WHERE `id` = 1 LIMIT 1   [ RunTime:0.0004s ]

[ 2017-11-15T10:28:33+08:00 ] 192.168.174.34 /index.php/Home/User/checkname
INFO: [ app_begin ] --START--
INFO: Run Behavior\ReadHtmlCacheBehavior [ RunTime:0.000688s ]
INFO: [ app_begin ] --END-- [ RunTime:0.001193s ]
INFO: [ app_end ] --START--
INFO: Run Behavior\ShowPageTraceBehavior [ RunTime:0.000769s ]
INFO: [ app_end ] --END-- [ RunTime:0.000813s ]

[ 2017-11-15T10:28:38+08:00 ] 192.168.174.34 /index.php/Home/User/checkname
INFO: [ app_begin ] --START--
INFO: Run Behavior\ReadHtmlCacheBehavior [ RunTime:0.000640s ]
INFO: [ app_begin ] --END-- [ RunTime:0.001070s ]
SQL: SHOW COLUMNS FROM `user` [ RunTime:0.0056s ]
SQL: SELECT * FROM `user` WHERE `user_name` = '1234' LIMIT 1   [ RunTime:0.0005s ]

[ 2017-11-15T10:28:46+08:00 ] 192.168.174.34 /index.php/Home/User/checkname
INFO: [ app_begin ] --START--
INFO: Run Behavior\ReadHtmlCacheBehavior [ RunTime:0.000716s ]
INFO: [ app_begin ] --END-- [ RunTime:0.001178s ]
SQL: SHOW COLUMNS FROM `user` [ RunTime:0.0039s ]
SQL: SELECT * FROM `user` WHERE `user_name` = '234' LIMIT 1   [ RunTime:0.0004s ]

[ 2017-11-15T10:29:45+08:00 ] 192.168.174.34 /index.php/Home/Index/foodCity
INFO: [ app_begin ] --START--
INFO: Run Behavior\ReadHtmlCacheBehavior [ RunTime:0.000646s ]
INFO: [ app_begin ] --END-- [ RunTime:0.001067s ]
SQL: SHOW COLUMNS FROM `food` [ RunTime:0.0055s ]
SQL: SELECT t1.* FROM food t1 left join restaurant t2  on t1.res_id=t2.id  WHERE ( t2.res_city like '%武汉%' )  [ RunTime:0.0005s ]

[ 2017-11-15T10:29:51+08:00 ] 192.168.174.34 /index.php/Home/Index/foodCity
INFO: [ app_begin ] --START--
INFO: Run Behavior\ReadHtmlCacheBehavior [ RunTime:0.000725s ]
INFO: [ app_begin ] --END-- [ RunTime:0.001230s ]
SQL: SHOW COLUMNS FROM `food` [ RunTime:0.0082s ]
SQL: SELECT t1.* FROM food t1 left join restaurant t2  on t1.res_id=t2.id  WHERE ( t2.res_city like '%广安市%' )  [ RunTime:0.0005s ]

[ 2017-11-15T10:29:52+08:00 ] 192.168.174.34 /index.php/Home/Index/foodCity
INFO: [ app_begin ] --START--
INFO: Run Behavior\ReadHtmlCacheBehavior [ RunTime:0.000720s ]
INFO: [ app_begin ] --END-- [ RunTime:0.001214s ]
SQL: SHOW COLUMNS FROM `food` [ RunTime:0.0056s ]
SQL: SELECT t1.* FROM food t1 left join restaurant t2  on t1.res_id=t2.id  WHERE ( t2.res_city like '%广安市%' )  [ RunTime:0.0005s ]

[ 2017-11-15T10:29:58+08:00 ] 192.168.174.34 /index.php/Home/Index/foodRes
INFO: [ app_begin ] --START--
INFO: Run Behavior\ReadHtmlCacheBehavior [ RunTime:0.000645s ]
INFO: [ app_begin ] --END-- [ RunTime:0.001093s ]
SQL: SHOW COLUMNS FROM `food` [ RunTime:0.0054s ]
SQL: SELECT t1.food_name,t2.* FROM food t1 left join restaurant t2  on t1.res_id=t2.id  WHERE ( t2.res_city like '%武汉%' )  [ RunTime:0.0005s ]

[ 2017-11-15T10:30:01+08:00 ] 192.168.174.34 /index.php/Home/Index/foodRes
INFO: [ app_begin ] --START--
INFO: Run Behavior\ReadHtmlCacheBehavior [ RunTime:0.000741s ]
INFO: [ app_begin ] --END-- [ RunTime:0.001245s ]
SQL: SHOW COLUMNS FROM `food` [ RunTime:0.0054s ]
SQL: SELECT t1.food_name,t2.* FROM food t1 left join restaurant t2  on t1.res_id=t2.id  WHERE ( t2.res_city like '%广安市%' )  [ RunTime:0.0006s ]

[ 2017-11-15T10:30:43+08:00 ] 192.168.174.34 /index.php/Home/Res/select
INFO: [ app_begin ] --START--
INFO: Run Behavior\ReadHtmlCacheBehavior [ RunTime:0.000994s ]
INFO: [ app_begin ] --END-- [ RunTime:0.001561s ]
SQL: SHOW COLUMNS FROM `restaurant` [ RunTime:0.0057s ]
SQL: SELECT * FROM restaurant t1 join cate as t2   WHERE ( t2.cate_name='北京烤鸭' and t1.res_pro='四川省' and res_price between 20 and 40 )  [ RunTime:0.0005s ]
NOTIC: [8] Undefined variable: html E:\orderspace\order\Application\Home\Controller\ResController.class.php 第 225 行.

[ 2017-11-15T10:31:00+08:00 ] 192.168.174.34 /index.php/Home/Res/select
INFO: [ app_begin ] --START--
INFO: Run Behavior\ReadHtmlCacheBehavior [ RunTime:0.000790s ]
INFO: [ app_begin ] --END-- [ RunTime:0.001294s ]
SQL: SHOW COLUMNS FROM `restaurant` [ RunTime:0.0054s ]
SQL: SELECT * FROM restaurant t1 join cate as t2   WHERE ( t2.cate_name='上海烤鸭' and t1.res_pro='四川省' and res_price between 40 and 60 )  [ RunTime:0.0006s ]

[ 2017-11-15T11:35:48+08:00 ] 192.168.174.34 /index.php/Home/Goods/article_read.html
ERR: 非法操作:article_read

[ 2017-11-15T11:36:53+08:00 ] 192.168.174.34 /index.php/Home/Goods/article_read.html
ERR: 非法操作:article_read

