[ 2017-11-13T19:12:13+08:00 ] 127.0.0.1 /index.php/Admin/Login/login
INFO: [ app_begin ] --START--
INFO: Run Behavior\ReadHtmlCacheBehavior [ RunTime:0.000786s ]
INFO: [ app_begin ] --END-- [ RunTime:0.001329s ]
SQL: SHOW COLUMNS FROM `manager` [ RunTime:0.0084s ]
SQL: SELECT * FROM `manager` WHERE `manager_name` = '123456' AND `manager_password` = 'e10adc3949ba59abbe56e057f20f883e' LIMIT 1   [ RunTime:0.0005s ]

[ 2017-11-13T19:12:14+08:00 ] 127.0.0.1 /index.php/Admin/Login/login
INFO: [ app_begin ] --START--
INFO: Run Behavior\ReadHtmlCacheBehavior [ RunTime:0.000807s ]
INFO: [ app_begin ] --END-- [ RunTime:0.001259s ]
SQL: SHOW COLUMNS FROM `manager` [ RunTime:0.0088s ]
SQL: SELECT * FROM `manager` WHERE `manager_name` = '123456' AND `manager_password` = 'e10adc3949ba59abbe56e057f20f883e' LIMIT 1   [ RunTime:0.0004s ]

[ 2017-11-13T19:12:38+08:00 ] 127.0.0.1 /index.php/Admin/Login/login
INFO: [ app_begin ] --START--
INFO: Run Behavior\ReadHtmlCacheBehavior [ RunTime:0.000765s ]
INFO: [ app_begin ] --END-- [ RunTime:0.001224s ]
SQL: SHOW COLUMNS FROM `manager` [ RunTime:0.0057s ]
SQL: SELECT * FROM `manager` WHERE `manager_name` = '陶彤' AND `manager_password` = 'e10adc3949ba59abbe56e057f20f883e' LIMIT 1   [ RunTime:0.0006s ]

[ 2017-11-13T19:12:40+08:00 ] 127.0.0.1 /index.php/Admin/Login/login
INFO: [ app_begin ] --START--
INFO: Run Behavior\ReadHtmlCacheBehavior [ RunTime:0.000825s ]
INFO: [ app_begin ] --END-- [ RunTime:0.001305s ]
SQL: SHOW COLUMNS FROM `manager` [ RunTime:0.0061s ]
SQL: SELECT * FROM `manager` WHERE `manager_name` = '陶彤' AND `manager_password` = 'e10adc3949ba59abbe56e057f20f883e' LIMIT 1   [ RunTime:0.0004s ]

[ 2017-11-13T19:23:17+08:00 ] 127.0.0.1 /index.php/Admin/Auth/add
INFO: [ app_begin ] --START--
INFO: Run Behavior\ReadHtmlCacheBehavior [ RunTime:0.000724s ]
INFO: [ app_begin ] --END-- [ RunTime:0.001217s ]
SQL: SHOW COLUMNS FROM `auth` [ RunTime:0.0107s ]
SQL: SELECT * FROM `auth` WHERE `auth_name` = '测试权限' LIMIT 1   [ RunTime:0.0003s ]
SQL: INSERT INTO `auth` (`auth_name`,`pid`) VALUES ('测试权限','0') [ RunTime:0.0012s ]

[ 2017-11-13T19:24:03+08:00 ] 127.0.0.1 /index.php/Admin/Auth/add
INFO: [ app_begin ] --START--
INFO: Run Behavior\ReadHtmlCacheBehavior [ RunTime:0.000674s ]
INFO: [ app_begin ] --END-- [ RunTime:0.001153s ]
SQL: SHOW COLUMNS FROM `auth` [ RunTime:0.0048s ]
SQL: SELECT * FROM `auth` WHERE `auth_name` = '测试二级权限' LIMIT 1   [ RunTime:0.0003s ]
SQL: INSERT INTO `auth` (`auth_name`,`auth_c`,`auth_a`,`pid`) VALUES ('测试二级权限','ceshi-c','ceshi-a','50') [ RunTime:0.0003s ]

[ 2017-11-13T19:24:04+08:00 ] 127.0.0.1 /index.php/Admin/Auth/add
INFO: [ app_begin ] --START--
INFO: Run Behavior\ReadHtmlCacheBehavior [ RunTime:0.000852s ]
INFO: [ app_begin ] --END-- [ RunTime:0.001387s ]
SQL: SHOW COLUMNS FROM `auth` [ RunTime:0.0065s ]
SQL: SELECT * FROM `auth` WHERE `auth_name` = '测试二级权限' LIMIT 1   [ RunTime:0.0005s ]

[ 2017-11-13T19:25:14+08:00 ] 127.0.0.1 /index.php/Admin/Auth/add
INFO: [ app_begin ] --START--
INFO: Run Behavior\ReadHtmlCacheBehavior [ RunTime:0.000912s ]
INFO: [ app_begin ] --END-- [ RunTime:0.001676s ]
SQL: SHOW COLUMNS FROM `auth` [ RunTime:0.0053s ]
SQL: SELECT * FROM `auth` WHERE `auth_name` = '测试二级权限-3' LIMIT 1   [ RunTime:0.0004s ]
SQL: INSERT INTO `auth` (`auth_name`,`auth_c`,`auth_a`,`pid`) VALUES ('测试二级权限-3','ceshi3-c','ceshi3_a','50') [ RunTime:0.0004s ]

[ 2017-11-13T19:26:47+08:00 ] 127.0.0.1 /index.php/Admin/Manager/_PUBLIC__/Admin/lib/jquery.validation/1.14.0/messages_zh.js
ERR: 非法操作:_PUBLIC__

[ 2017-11-13T19:26:47+08:00 ] 127.0.0.1 /index.php/Admin/Manager/_PUBLIC__/Admin/lib/jquery.validation/1.14.0/validate-methods.js
ERR: 非法操作:_PUBLIC__

[ 2017-11-13T19:26:48+08:00 ] 127.0.0.1 /index.php/Admin/Manager/_PUBLIC__/Admin/lib/jquery.validation/1.14.0/jquery.validate.js
ERR: 非法操作:_PUBLIC__

[ 2017-11-13T19:26:48+08:00 ] 127.0.0.1 /index.php/Admin/Manager/_PUBLIC__/Admin/lib/jquery.validation/1.14.0/validate-methods.js
ERR: 非法操作:_PUBLIC__

[ 2017-11-13T19:26:48+08:00 ] 127.0.0.1 /index.php/Admin/Manager/_PUBLIC__/Admin/lib/jquery.validation/1.14.0/messages_zh.js
ERR: 非法操作:_PUBLIC__

[ 2017-11-13T19:27:57+08:00 ] 127.0.0.1 /index.php/Admin/Manager/names
INFO: [ app_begin ] --START--
INFO: Run Behavior\ReadHtmlCacheBehavior [ RunTime:0.000627s ]
INFO: [ app_begin ] --END-- [ RunTime:0.001025s ]
SQL: SHOW COLUMNS FROM `manager` [ RunTime:0.0062s ]
SQL: SELECT * FROM `manager` WHERE ( manager_name='测试管理员' ) LIMIT 1   [ RunTime:0.0005s ]

[ 2017-11-13T19:27:59+08:00 ] 127.0.0.1 /index.php/Admin/Manager/names
INFO: [ app_begin ] --START--
INFO: Run Behavior\ReadHtmlCacheBehavior [ RunTime:0.000654s ]
INFO: [ app_begin ] --END-- [ RunTime:0.001102s ]
SQL: SHOW COLUMNS FROM `manager` [ RunTime:0.0049s ]
SQL: SELECT * FROM `manager` WHERE ( manager_name='测试管理员' ) LIMIT 1   [ RunTime:0.0004s ]

[ 2017-11-13T19:28:06+08:00 ] 127.0.0.1 /index.php/Admin/Manager/index
INFO: [ app_begin ] --START--
INFO: Run Behavior\ReadHtmlCacheBehavior [ RunTime:0.000875s ]
INFO: [ app_begin ] --END-- [ RunTime:0.001354s ]
SQL: SHOW COLUMNS FROM `manager` [ RunTime:0.0048s ]
SQL: SELECT t1.*,t2.role_name FROM manager t1 join role as t2 on t1.role_id=t2.id   [ RunTime:0.0005s ]
INFO: [ view_parse ] --START--
INFO: [ template_filter ] --START--
INFO: Run Behavior\ContentReplaceBehavior [ RunTime:0.000062s ]
INFO: [ template_filter ] --END-- [ RunTime:0.000103s ]
INFO: Run Behavior\ParseTemplateBehavior [ RunTime:0.008862s ]
INFO: [ view_parse ] --END-- [ RunTime:0.008919s ]
INFO: [ view_filter ] --START--
INFO: Run Behavior\WriteHtmlCacheBehavior [ RunTime:0.000396s ]
INFO: [ view_filter ] --END-- [ RunTime:0.000427s ]
INFO: [ app_end ] --START--
INFO: Run Behavior\ShowPageTraceBehavior [ RunTime:0.001002s ]
INFO: [ app_end ] --END-- [ RunTime:0.001059s ]

[ 2017-11-13T19:28:07+08:00 ] 127.0.0.1 /index.php/Admin/Manager/index
INFO: [ app_begin ] --START--
INFO: Run Behavior\ReadHtmlCacheBehavior [ RunTime:0.001289s ]
INFO: [ app_begin ] --END-- [ RunTime:0.001791s ]
SQL: SHOW COLUMNS FROM `manager` [ RunTime:0.0050s ]
SQL: SELECT t1.*,t2.role_name FROM manager t1 join role as t2 on t1.role_id=t2.id   [ RunTime:0.0005s ]
INFO: [ view_parse ] --START--
INFO: [ template_filter ] --START--
INFO: Run Behavior\ContentReplaceBehavior [ RunTime:0.000062s ]
INFO: [ template_filter ] --END-- [ RunTime:0.000103s ]
INFO: Run Behavior\ParseTemplateBehavior [ RunTime:0.008847s ]
INFO: [ view_parse ] --END-- [ RunTime:0.008897s ]
INFO: [ view_filter ] --START--
INFO: Run Behavior\WriteHtmlCacheBehavior [ RunTime:0.000416s ]
INFO: [ view_filter ] --END-- [ RunTime:0.000452s ]
INFO: [ app_end ] --START--
INFO: Run Behavior\ShowPageTraceBehavior [ RunTime:0.001055s ]
INFO: [ app_end ] --END-- [ RunTime:0.001130s ]

[ 2017-11-13T19:28:08+08:00 ] 127.0.0.1 /index.php/Admin/Manager/index
INFO: [ app_begin ] --START--
INFO: Run Behavior\ReadHtmlCacheBehavior [ RunTime:0.000661s ]
INFO: [ app_begin ] --END-- [ RunTime:0.001098s ]
SQL: SHOW COLUMNS FROM `manager` [ RunTime:0.0047s ]
SQL: SELECT t1.*,t2.role_name FROM manager t1 join role as t2 on t1.role_id=t2.id   [ RunTime:0.0005s ]
INFO: [ view_parse ] --START--
INFO: [ template_filter ] --START--
INFO: Run Behavior\ContentReplaceBehavior [ RunTime:0.000089s ]
INFO: [ template_filter ] --END-- [ RunTime:0.000143s ]
INFO: Run Behavior\ParseTemplateBehavior [ RunTime:0.009048s ]
INFO: [ view_parse ] --END-- [ RunTime:0.009100s ]
INFO: [ view_filter ] --START--
INFO: Run Behavior\WriteHtmlCacheBehavior [ RunTime:0.000538s ]
INFO: [ view_filter ] --END-- [ RunTime:0.000594s ]
INFO: [ app_end ] --START--
INFO: Run Behavior\ShowPageTraceBehavior [ RunTime:0.000853s ]
INFO: [ app_end ] --END-- [ RunTime:0.000915s ]

[ 2017-11-13T19:28:09+08:00 ] 127.0.0.1 /index.php/Admin/Manager/index
INFO: [ app_begin ] --START--
INFO: Run Behavior\ReadHtmlCacheBehavior [ RunTime:0.000745s ]
INFO: [ app_begin ] --END-- [ RunTime:0.001172s ]
SQL: SHOW COLUMNS FROM `manager` [ RunTime:0.0050s ]
SQL: SELECT t1.*,t2.role_name FROM manager t1 join role as t2 on t1.role_id=t2.id   [ RunTime:0.0005s ]
INFO: [ view_parse ] --START--
INFO: [ template_filter ] --START--
INFO: Run Behavior\ContentReplaceBehavior [ RunTime:0.000064s ]
INFO: [ template_filter ] --END-- [ RunTime:0.000108s ]
INFO: Run Behavior\ParseTemplateBehavior [ RunTime:0.009838s ]
INFO: [ view_parse ] --END-- [ RunTime:0.009886s ]
INFO: [ view_filter ] --START--
INFO: Run Behavior\WriteHtmlCacheBehavior [ RunTime:0.000444s ]
INFO: [ view_filter ] --END-- [ RunTime:0.000479s ]
INFO: [ app_end ] --START--
INFO: Run Behavior\ShowPageTraceBehavior [ RunTime:0.000855s ]
INFO: [ app_end ] --END-- [ RunTime:0.000913s ]

[ 2017-11-13T19:28:50+08:00 ] 127.0.0.1 /index.php/Admin/Role/del
INFO: [ app_begin ] --START--
INFO: Run Behavior\ReadHtmlCacheBehavior [ RunTime:0.000663s ]
INFO: [ app_begin ] --END-- [ RunTime:0.001104s ]
SQL: SHOW COLUMNS FROM `manager` [ RunTime:0.0052s ]
SQL: SELECT * FROM `manager` WHERE ( role_id=7 ) LIMIT 1   [ RunTime:0.0004s ]

[ 2017-11-13T19:28:51+08:00 ] 127.0.0.1 /index.php/Admin/Role/del
INFO: [ app_begin ] --START--
INFO: Run Behavior\ReadHtmlCacheBehavior [ RunTime:0.000930s ]
INFO: [ app_begin ] --END-- [ RunTime:0.001387s ]
SQL: SHOW COLUMNS FROM `manager` [ RunTime:0.0065s ]
SQL: SELECT * FROM `manager` WHERE ( role_id=7 ) LIMIT 1   [ RunTime:0.0005s ]

[ 2017-11-13T19:29:09+08:00 ] 127.0.0.1 /index.php/Admin/Goods/lib/webuploader/0.1.5/webuploader.css
ERR: 非法操作:lib

[ 2017-11-13T19:29:37+08:00 ] 127.0.0.1 /index.php/Admin/Goods/lib/webuploader/0.1.5/webuploader.css
ERR: 非法操作:lib

[ 2017-11-13T19:29:53+08:00 ] 127.0.0.1 /index.php/Admin/Goods/lib/webuploader/0.1.5/webuploader.css
ERR: 非法操作:lib

[ 2017-11-13T19:33:25+08:00 ] 127.0.0.1 /index.php/Admin/Cate/iSet
INFO: [ app_begin ] --START--
INFO: Run Behavior\ReadHtmlCacheBehavior [ RunTime:0.001472s ]
INFO: [ app_begin ] --END-- [ RunTime:0.002088s ]
NOTIC: [8] Undefined index: catename E:\orderspace\order\Application\Admin\Controller\CateController.class.php 第 12 行.
SQL: SHOW COLUMNS FROM `cate` [ RunTime:0.0049s ]
SQL: SELECT * FROM `cate` WHERE `cate_name` = null AND `pid` = 0 LIMIT 1   [ RunTime:0.0004s ]
NOTIC: [8] Undefined index: validate E:\orderspace\order\ThinkPHP\Library\Think\Model.class.php 第 1185 行.
NOTIC: [8] Undefined index: auto E:\orderspace\order\ThinkPHP\Library\Think\Model.class.php 第 1128 行.
SQL: INSERT INTO `cate` (`cate_name`,`pid`) VALUES ('狗肉','0') [ RunTime:0.0519s ]

[ 2017-11-13T19:33:43+08:00 ] 127.0.0.1 /index.php/Admin/Cate/iSet
INFO: [ app_begin ] --START--
INFO: Run Behavior\ReadHtmlCacheBehavior [ RunTime:0.000780s ]
INFO: [ app_begin ] --END-- [ RunTime:0.001268s ]
NOTIC: [8] Undefined index: catename E:\orderspace\order\Application\Admin\Controller\CateController.class.php 第 12 行.
SQL: SHOW COLUMNS FROM `cate` [ RunTime:0.0048s ]
SQL: SELECT * FROM `cate` WHERE `cate_name` = null AND `pid` = 10 LIMIT 1   [ RunTime:0.0004s ]
NOTIC: [8] Undefined index: validate E:\orderspace\order\ThinkPHP\Library\Think\Model.class.php 第 1185 行.
NOTIC: [8] Undefined index: auto E:\orderspace\order\ThinkPHP\Library\Think\Model.class.php 第 1128 行.
SQL: INSERT INTO `cate` (`cate_name`,`pid`) VALUES ('黑狗肉','10') [ RunTime:0.0499s ]

[ 2017-11-13T19:33:44+08:00 ] 127.0.0.1 /index.php/Admin/Cate/iSet
INFO: [ app_begin ] --START--
INFO: Run Behavior\ReadHtmlCacheBehavior [ RunTime:0.001015s ]
INFO: [ app_begin ] --END-- [ RunTime:0.001562s ]
NOTIC: [8] Undefined index: catename E:\orderspace\order\Application\Admin\Controller\CateController.class.php 第 12 行.
SQL: SHOW COLUMNS FROM `cate` [ RunTime:0.0053s ]
SQL: SELECT * FROM `cate` WHERE `cate_name` = null AND `pid` = 10 LIMIT 1   [ RunTime:0.0003s ]
NOTIC: [8] Undefined index: validate E:\orderspace\order\ThinkPHP\Library\Think\Model.class.php 第 1185 行.
NOTIC: [8] Undefined index: auto E:\orderspace\order\ThinkPHP\Library\Think\Model.class.php 第 1128 行.
SQL: INSERT INTO `cate` (`cate_name`,`pid`) VALUES ('黑狗肉','10') [ RunTime:0.0379s ]

[ 2017-11-13T19:33:55+08:00 ] 127.0.0.1 /index.php/Admin/Cate/delCate
INFO: [ app_begin ] --START--
INFO: Run Behavior\ReadHtmlCacheBehavior [ RunTime:0.000793s ]
INFO: [ app_begin ] --END-- [ RunTime:0.001305s ]
INFO: [ app_end ] --START--
INFO: Run Behavior\ShowPageTraceBehavior [ RunTime:0.000792s ]
INFO: [ app_end ] --END-- [ RunTime:0.000845s ]

[ 2017-11-13T19:34:00+08:00 ] 127.0.0.1 /index.php/Admin/Cate/delCate
INFO: [ app_begin ] --START--
INFO: Run Behavior\ReadHtmlCacheBehavior [ RunTime:0.000810s ]
INFO: [ app_begin ] --END-- [ RunTime:0.001304s ]
INFO: [ app_end ] --START--
INFO: Run Behavior\ShowPageTraceBehavior [ RunTime:0.000767s ]
INFO: [ app_end ] --END-- [ RunTime:0.000814s ]

[ 2017-11-13T19:34:07+08:00 ] 127.0.0.1 /index.php/Admin/Cate/delCate
INFO: [ app_begin ] --START--
INFO: Run Behavior\ReadHtmlCacheBehavior [ RunTime:0.000935s ]
INFO: [ app_begin ] --END-- [ RunTime:0.001541s ]
INFO: [ app_end ] --START--
INFO: Run Behavior\ShowPageTraceBehavior [ RunTime:0.000739s ]
INFO: [ app_end ] --END-- [ RunTime:0.000789s ]

[ 2017-11-13T19:34:07+08:00 ] 127.0.0.1 /index.php/Admin/Cate/delCate
INFO: [ app_begin ] --START--
INFO: Run Behavior\ReadHtmlCacheBehavior [ RunTime:0.000834s ]
INFO: [ app_begin ] --END-- [ RunTime:0.001315s ]
INFO: [ app_end ] --START--
INFO: Run Behavior\ShowPageTraceBehavior [ RunTime:0.000696s ]
INFO: [ app_end ] --END-- [ RunTime:0.000742s ]

[ 2017-11-13T19:34:08+08:00 ] 127.0.0.1 /index.php/Admin/Cate/delCate
INFO: [ app_begin ] --START--
INFO: Run Behavior\ReadHtmlCacheBehavior [ RunTime:0.000838s ]
INFO: [ app_begin ] --END-- [ RunTime:0.001319s ]
INFO: [ app_end ] --START--
INFO: Run Behavior\ShowPageTraceBehavior [ RunTime:0.000736s ]
INFO: [ app_end ] --END-- [ RunTime:0.000784s ]

[ 2017-11-13T19:34:21+08:00 ] 127.0.0.1 /index.php/Admin/Cate/delCate
INFO: [ app_begin ] --START--
INFO: Run Behavior\ReadHtmlCacheBehavior [ RunTime:0.000872s ]
INFO: [ app_begin ] --END-- [ RunTime:0.001375s ]
INFO: [ app_end ] --START--
INFO: Run Behavior\ShowPageTraceBehavior [ RunTime:0.000739s ]
INFO: [ app_end ] --END-- [ RunTime:0.000787s ]

[ 2017-11-13T19:34:27+08:00 ] 127.0.0.1 /index.php/Admin/Cate/delCate
INFO: [ app_begin ] --START--
INFO: Run Behavior\ReadHtmlCacheBehavior [ RunTime:0.001029s ]
INFO: [ app_begin ] --END-- [ RunTime:0.001511s ]
INFO: [ app_end ] --START--
INFO: Run Behavior\ShowPageTraceBehavior [ RunTime:0.000703s ]
INFO: [ app_end ] --END-- [ RunTime:0.000756s ]

[ 2017-11-13T21:08:25+08:00 ] 127.0.0.1 /index.php/Admin/Order/detail
INFO: [ app_begin ] --START--
INFO: Run Behavior\ReadHtmlCacheBehavior [ RunTime:0.000991s ]
INFO: [ app_begin ] --END-- [ RunTime:0.001539s ]
SQL: SHOW COLUMNS FROM `fdorder` [ RunTime:0.0050s ]
SQL: UPDATE `fdorder` SET `order_status`='1' WHERE ( id=64 ) [ RunTime:0.0534s ]

[ 2017-11-13T21:20:51+08:00 ] 127.0.0.1 /index.php/Admin/Order/detail
INFO: [ app_begin ] --START--
INFO: Run Behavior\ReadHtmlCacheBehavior [ RunTime:0.000902s ]
INFO: [ app_begin ] --END-- [ RunTime:0.001426s ]
SQL: SHOW COLUMNS FROM `fdorder` [ RunTime:0.0053s ]
SQL: UPDATE `fdorder` SET `order_status`='1' WHERE ( id=63 ) [ RunTime:0.0489s ]

[ 2017-11-13T21:20:53+08:00 ] 127.0.0.1 /index.php/Admin/Order/detail
INFO: [ app_begin ] --START--
INFO: Run Behavior\ReadHtmlCacheBehavior [ RunTime:0.000924s ]
INFO: [ app_begin ] --END-- [ RunTime:0.001447s ]
SQL: SHOW COLUMNS FROM `fdorder` [ RunTime:0.0048s ]
SQL: UPDATE `fdorder` SET `order_status`='1' WHERE ( id=63 ) [ RunTime:0.0855s ]

[ 2017-11-13T21:21:02+08:00 ] 127.0.0.1 /index.php/Admin/Order/detail
INFO: [ app_begin ] --START--
INFO: Run Behavior\ReadHtmlCacheBehavior [ RunTime:0.000988s ]
INFO: [ app_begin ] --END-- [ RunTime:0.001498s ]
SQL: SHOW COLUMNS FROM `fdorder` [ RunTime:0.0036s ]
SQL: UPDATE `fdorder` SET `order_status`='1' WHERE ( id=67 ) [ RunTime:0.0671s ]

[ 2017-11-13T21:21:11+08:00 ] 127.0.0.1 /index.php/Admin/Order/detail
INFO: [ app_begin ] --START--
INFO: Run Behavior\ReadHtmlCacheBehavior [ RunTime:0.000895s ]
INFO: [ app_begin ] --END-- [ RunTime:0.001419s ]
SQL: SHOW COLUMNS FROM `fdorder` [ RunTime:0.0053s ]
SQL: UPDATE `fdorder` SET `order_status`='0' WHERE ( id=67 ) [ RunTime:0.0336s ]

[ 2017-11-13T21:23:09+08:00 ] 127.0.0.1 /index.php/Admin/Login/login
INFO: [ app_begin ] --START--
INFO: Run Behavior\ReadHtmlCacheBehavior [ RunTime:0.000913s ]
INFO: [ app_begin ] --END-- [ RunTime:0.001442s ]
SQL: SHOW COLUMNS FROM `manager` [ RunTime:0.0054s ]
SQL: SELECT * FROM `manager` WHERE `manager_name` = '秦陈程' AND `manager_password` = 'e10adc3949ba59abbe56e057f20f883e' LIMIT 1   [ RunTime:0.0004s ]

[ 2017-11-13T21:23:41+08:00 ] 127.0.0.1 /index.php/Admin/Login/login
INFO: [ app_begin ] --START--
INFO: Run Behavior\ReadHtmlCacheBehavior [ RunTime:0.001868s ]
INFO: [ app_begin ] --END-- [ RunTime:0.002413s ]
SQL: SHOW COLUMNS FROM `manager` [ RunTime:0.0094s ]
SQL: SELECT * FROM `manager` WHERE `manager_name` = '李萃' AND `manager_password` = 'e10adc3949ba59abbe56e057f20f883e' LIMIT 1   [ RunTime:0.0004s ]

[ 2017-11-13T21:24:21+08:00 ] 127.0.0.1 /index.php/Admin/Login/login
INFO: [ app_begin ] --START--
INFO: Run Behavior\ReadHtmlCacheBehavior [ RunTime:0.001402s ]
INFO: [ app_begin ] --END-- [ RunTime:0.002117s ]
SQL: SHOW COLUMNS FROM `manager` [ RunTime:0.0081s ]
SQL: SELECT * FROM `manager` WHERE `manager_name` = '王想' AND `manager_password` = 'e10adc3949ba59abbe56e057f20f883e' LIMIT 1   [ RunTime:0.0004s ]

[ 2017-11-13T21:24:52+08:00 ] 127.0.0.1 /index.php/Admin/Login/login
INFO: [ app_begin ] --START--
INFO: Run Behavior\ReadHtmlCacheBehavior [ RunTime:0.001223s ]
INFO: [ app_begin ] --END-- [ RunTime:0.001892s ]
SQL: SHOW COLUMNS FROM `manager` [ RunTime:0.0183s ]
SQL: SELECT * FROM `manager` WHERE `manager_name` = '段志红' AND `manager_password` = 'e10adc3949ba59abbe56e057f20f883e' LIMIT 1   [ RunTime:0.0006s ]

