[ 2017-11-15T09:02:54+08:00 ] 192.168.174.82 /index.php/Admin/Login/login
INFO: [ app_begin ] --START--
INFO: Run Behavior\ReadHtmlCacheBehavior [ RunTime:0.000748s ]
INFO: [ app_begin ] --END-- [ RunTime:0.001230s ]
SQL: SHOW COLUMNS FROM `manager` [ RunTime:0.0049s ]
SQL: SELECT * FROM `manager` WHERE `manager_name` = '段志红' AND `manager_password` = 'e10adc3949ba59abbe56e057f20f883e' LIMIT 1   [ RunTime:0.0005s ]

[ 2017-11-15T09:09:58+08:00 ] 192.168.174.25 /index.php/Admin/Login/login
INFO: [ app_begin ] --START--
INFO: Run Behavior\ReadHtmlCacheBehavior [ RunTime:0.000829s ]
INFO: [ app_begin ] --END-- [ RunTime:0.001355s ]
SQL: SHOW COLUMNS FROM `manager` [ RunTime:0.0054s ]
SQL: SELECT * FROM `manager` WHERE `manager_name` = '段志红' AND `manager_password` = 'e10adc3949ba59abbe56e057f20f883e' LIMIT 1   [ RunTime:0.0005s ]

[ 2017-11-15T09:10:36+08:00 ] 192.168.174.25 /index.php/Admin/Role/del
INFO: [ app_begin ] --START--
INFO: Run Behavior\ReadHtmlCacheBehavior [ RunTime:0.000758s ]
INFO: [ app_begin ] --END-- [ RunTime:0.001267s ]
SQL: SHOW COLUMNS FROM `manager` [ RunTime:0.0059s ]
SQL: SELECT * FROM `manager` WHERE ( role_id=7 ) LIMIT 1   [ RunTime:0.0005s ]

[ 2017-11-15T09:10:37+08:00 ] 192.168.174.25 /index.php/Admin/Role/del
INFO: [ app_begin ] --START--
INFO: Run Behavior\ReadHtmlCacheBehavior [ RunTime:0.000768s ]
INFO: [ app_begin ] --END-- [ RunTime:0.001257s ]
SQL: SHOW COLUMNS FROM `manager` [ RunTime:0.0062s ]
SQL: SELECT * FROM `manager` WHERE ( role_id=7 ) LIMIT 1   [ RunTime:0.0005s ]

[ 2017-11-15T09:11:28+08:00 ] 192.168.174.25 /index.php/Admin/Auth/del
INFO: [ app_begin ] --START--
INFO: Run Behavior\ReadHtmlCacheBehavior [ RunTime:0.000790s ]
INFO: [ app_begin ] --END-- [ RunTime:0.001295s ]
SQL: SHOW COLUMNS FROM `auth` [ RunTime:0.0054s ]
SQL: SELECT * FROM `auth` WHERE ( pid=50 ) LIMIT 1   [ RunTime:0.0003s ]

[ 2017-11-15T09:11:56+08:00 ] 192.168.174.25 /index.php/Admin/Order/detail
INFO: [ app_begin ] --START--
INFO: Run Behavior\ReadHtmlCacheBehavior [ RunTime:0.000729s ]
INFO: [ app_begin ] --END-- [ RunTime:0.001229s ]
SQL: SHOW COLUMNS FROM `fdorder` [ RunTime:0.0061s ]
SQL: UPDATE `fdorder` SET `order_status`='1' WHERE ( id=63 ) [ RunTime:0.0354s ]

[ 2017-11-15T09:12:57+08:00 ] 192.168.174.25 /index.php/Admin/Login/login
INFO: [ app_begin ] --START--
INFO: Run Behavior\ReadHtmlCacheBehavior [ RunTime:0.000833s ]
INFO: [ app_begin ] --END-- [ RunTime:0.001693s ]
SQL: SHOW COLUMNS FROM `manager` [ RunTime:0.0058s ]
SQL: SELECT * FROM `manager` WHERE `manager_name` = '秦陈程' AND `manager_password` = 'e10adc3949ba59abbe56e057f20f883e' LIMIT 1   [ RunTime:0.0004s ]

[ 2017-11-15T09:16:54+08:00 ] 192.168.174.25 /index.php/Admin/Login/login
INFO: [ app_begin ] --START--
INFO: Run Behavior\ReadHtmlCacheBehavior [ RunTime:0.001188s ]
INFO: [ app_begin ] --END-- [ RunTime:0.001825s ]
SQL: SHOW COLUMNS FROM `manager` [ RunTime:0.0064s ]
SQL: SELECT * FROM `manager` WHERE `manager_name` = '段志红' AND `manager_password` = 'e10adc3949ba59abbe56e057f20f883e' LIMIT 1   [ RunTime:0.0006s ]

[ 2017-11-15T09:17:34+08:00 ] 192.168.174.25 /index.php/Admin/Role/del
INFO: [ app_begin ] --START--
INFO: Run Behavior\ReadHtmlCacheBehavior [ RunTime:0.001135s ]
INFO: [ app_begin ] --END-- [ RunTime:0.001751s ]
SQL: SHOW COLUMNS FROM `manager` [ RunTime:0.0053s ]
SQL: SELECT * FROM `manager` WHERE ( role_id=8 ) LIMIT 1   [ RunTime:0.0004s ]
SQL: SHOW COLUMNS FROM `role` [ RunTime:0.0035s ]
SQL: DELETE FROM `role` WHERE ( id=8 ) [ RunTime:0.0479s ]

[ 2017-11-15T09:17:35+08:00 ] 192.168.174.25 /index.php/Admin/Role/del
INFO: [ app_begin ] --START--
INFO: Run Behavior\ReadHtmlCacheBehavior [ RunTime:0.000818s ]
INFO: [ app_begin ] --END-- [ RunTime:0.001349s ]
SQL: SHOW COLUMNS FROM `manager` [ RunTime:0.0064s ]
SQL: SELECT * FROM `manager` WHERE ( role_id=8 ) LIMIT 1   [ RunTime:0.0005s ]
SQL: SHOW COLUMNS FROM `role` [ RunTime:0.0048s ]
SQL: DELETE FROM `role` WHERE ( id=8 ) [ RunTime:0.0003s ]

[ 2017-11-15T09:22:56+08:00 ] 192.168.174.25 /index.php/Admin/Auth/add
INFO: [ app_begin ] --START--
INFO: Run Behavior\ReadHtmlCacheBehavior [ RunTime:0.000639s ]
INFO: [ app_begin ] --END-- [ RunTime:0.001078s ]
SQL: SHOW COLUMNS FROM `auth` [ RunTime:0.0050s ]
SQL: SELECT * FROM `auth` WHERE `auth_name` = '新的权限' LIMIT 1   [ RunTime:0.0004s ]
SQL: INSERT INTO `auth` (`auth_name`,`pid`) VALUES ('新的权限','0') [ RunTime:0.0013s ]

[ 2017-11-15T09:23:04+08:00 ] 192.168.174.25 /index.php/Admin/Auth/del
INFO: [ app_begin ] --START--
INFO: Run Behavior\ReadHtmlCacheBehavior [ RunTime:0.000731s ]
INFO: [ app_begin ] --END-- [ RunTime:0.001229s ]
SQL: SHOW COLUMNS FROM `auth` [ RunTime:0.0059s ]
SQL: SELECT * FROM `auth` WHERE ( pid=53 ) LIMIT 1   [ RunTime:0.0005s ]
SQL: SHOW COLUMNS FROM `role` [ RunTime:0.0049s ]
SQL: SELECT `auth_ids` FROM `role`  [ RunTime:0.0010s ]
SQL: DELETE FROM `auth` WHERE ( id=53 ) [ RunTime:0.0005s ]

[ 2017-11-15T09:23:05+08:00 ] 192.168.174.25 /index.php/Admin/Auth/del
INFO: [ app_begin ] --START--
INFO: Run Behavior\ReadHtmlCacheBehavior [ RunTime:0.001478s ]
INFO: [ app_begin ] --END-- [ RunTime:0.002747s ]
SQL: SHOW COLUMNS FROM `auth` [ RunTime:0.0048s ]
SQL: SELECT * FROM `auth` WHERE ( pid=53 ) LIMIT 1   [ RunTime:0.0003s ]
SQL: SHOW COLUMNS FROM `role` [ RunTime:0.0031s ]
SQL: SELECT `auth_ids` FROM `role`  [ RunTime:0.0003s ]
SQL: DELETE FROM `auth` WHERE ( id=53 ) [ RunTime:0.0002s ]

[ 2017-11-15T09:23:22+08:00 ] 192.168.174.25 /index.php/Admin/Manager/_PUBLIC__/Admin/lib/jquery.validation/1.14.0/jquery.validate.js
ERR: 非法操作:_PUBLIC__

[ 2017-11-15T09:23:22+08:00 ] 192.168.174.25 /index.php/Admin/Manager/_PUBLIC__/Admin/lib/jquery.validation/1.14.0/validate-methods.js
ERR: 非法操作:_PUBLIC__

[ 2017-11-15T09:23:22+08:00 ] 192.168.174.25 /index.php/Admin/Manager/_PUBLIC__/Admin/lib/jquery.validation/1.14.0/messages_zh.js
ERR: 非法操作:_PUBLIC__

[ 2017-11-15T09:23:22+08:00 ] 192.168.174.25 /index.php/Admin/Manager/_PUBLIC__/Admin/lib/jquery.validation/1.14.0/jquery.validate.js
ERR: 非法操作:_PUBLIC__

[ 2017-11-15T09:23:22+08:00 ] 192.168.174.25 /index.php/Admin/Manager/_PUBLIC__/Admin/lib/jquery.validation/1.14.0/validate-methods.js
ERR: 非法操作:_PUBLIC__

[ 2017-11-15T09:23:22+08:00 ] 192.168.174.25 /index.php/Admin/Manager/_PUBLIC__/Admin/lib/jquery.validation/1.14.0/messages_zh.js
ERR: 非法操作:_PUBLIC__

[ 2017-11-15T09:23:29+08:00 ] 192.168.174.25 /index.php/Admin/Manager/names
INFO: [ app_begin ] --START--
INFO: Run Behavior\ReadHtmlCacheBehavior [ RunTime:0.000892s ]
INFO: [ app_begin ] --END-- [ RunTime:0.001376s ]
SQL: SHOW COLUMNS FROM `manager` [ RunTime:0.0049s ]
SQL: SELECT * FROM `manager` WHERE ( manager_name='' ) LIMIT 1   [ RunTime:0.0005s ]
INFO: [ app_end ] --START--
INFO: Run Behavior\ShowPageTraceBehavior [ RunTime:0.001373s ]
INFO: [ app_end ] --END-- [ RunTime:0.001480s ]

[ 2017-11-15T10:15:19+08:00 ] 192.168.174.34 /index.php/Admin/Login/login
INFO: [ app_begin ] --START--
INFO: Run Behavior\ReadHtmlCacheBehavior [ RunTime:0.001147s ]
INFO: [ app_begin ] --END-- [ RunTime:0.001805s ]
SQL: SHOW COLUMNS FROM `manager` [ RunTime:0.0049s ]
SQL: SELECT * FROM `manager` WHERE `manager_name` = '段志红' AND `manager_password` = 'e10adc3949ba59abbe56e057f20f883e' LIMIT 1   [ RunTime:0.0005s ]

[ 2017-11-15T10:16:41+08:00 ] 192.168.174.34 /index.php/Admin/Auth/add
INFO: [ app_begin ] --START--
INFO: Run Behavior\ReadHtmlCacheBehavior [ RunTime:0.000641s ]
INFO: [ app_begin ] --END-- [ RunTime:0.001103s ]
SQL: SHOW COLUMNS FROM `auth` [ RunTime:0.0054s ]
SQL: SELECT * FROM `auth` WHERE `auth_name` = '测试数据' LIMIT 1   [ RunTime:0.0004s ]
SQL: INSERT INTO `auth` (`auth_name`,`pid`) VALUES ('测试数据','0') [ RunTime:0.0004s ]

[ 2017-11-15T10:17:01+08:00 ] 192.168.174.34 /index.php/Admin/Auth/detail
INFO: [ app_begin ] --START--
INFO: Run Behavior\ReadHtmlCacheBehavior [ RunTime:0.000654s ]
INFO: [ app_begin ] --END-- [ RunTime:0.001146s ]
SQL: SHOW COLUMNS FROM `auth` [ RunTime:0.0052s ]
SQL: SELECT * FROM `auth` WHERE `pid` = 49 LIMIT 1   [ RunTime:0.0005s ]
SQL: UPDATE `auth` SET `id`='49',`auth_name`='权限管理',`auth_c`='Auth',`auth_a`='index',`pid`='50' WHERE `id` = 49 [ RunTime:0.0005s ]

[ 2017-11-15T10:17:02+08:00 ] 192.168.174.34 /index.php/Admin/Auth/detail
INFO: [ app_begin ] --START--
INFO: Run Behavior\ReadHtmlCacheBehavior [ RunTime:0.001038s ]
INFO: [ app_begin ] --END-- [ RunTime:0.001573s ]
SQL: SHOW COLUMNS FROM `auth` [ RunTime:0.0055s ]
SQL: SELECT * FROM `auth` WHERE `pid` = 49 LIMIT 1   [ RunTime:0.0004s ]
SQL: UPDATE `auth` SET `id`='49',`auth_name`='权限管理',`auth_c`='Auth',`auth_a`='index',`pid`='50' WHERE `id` = 49 [ RunTime:0.0003s ]

[ 2017-11-15T10:17:14+08:00 ] 192.168.174.34 /index.php/Admin/Auth/del
INFO: [ app_begin ] --START--
INFO: Run Behavior\ReadHtmlCacheBehavior [ RunTime:0.000818s ]
INFO: [ app_begin ] --END-- [ RunTime:0.001346s ]
SQL: SHOW COLUMNS FROM `auth` [ RunTime:0.0049s ]
SQL: SELECT * FROM `auth` WHERE ( pid=50 ) LIMIT 1   [ RunTime:0.0004s ]

[ 2017-11-15T10:17:15+08:00 ] 192.168.174.34 /index.php/Admin/Auth/del
INFO: [ app_begin ] --START--
INFO: Run Behavior\ReadHtmlCacheBehavior [ RunTime:0.000954s ]
INFO: [ app_begin ] --END-- [ RunTime:0.001613s ]
SQL: SHOW COLUMNS FROM `auth` [ RunTime:0.0055s ]
SQL: SELECT * FROM `auth` WHERE ( pid=50 ) LIMIT 1   [ RunTime:0.0004s ]

[ 2017-11-15T10:17:33+08:00 ] 192.168.174.34 /index.php/Admin/Role/del
INFO: [ app_begin ] --START--
INFO: Run Behavior\ReadHtmlCacheBehavior [ RunTime:0.001202s ]
INFO: [ app_begin ] --END-- [ RunTime:0.001719s ]
SQL: SHOW COLUMNS FROM `manager` [ RunTime:0.0056s ]
SQL: SELECT * FROM `manager` WHERE ( role_id=7 ) LIMIT 1   [ RunTime:0.0004s ]

[ 2017-11-15T10:17:49+08:00 ] 192.168.174.34 /index.php/Admin/Order/detail
INFO: [ app_begin ] --START--
INFO: Run Behavior\ReadHtmlCacheBehavior [ RunTime:0.000727s ]
INFO: [ app_begin ] --END-- [ RunTime:0.001224s ]
SQL: SHOW COLUMNS FROM `fdorder` [ RunTime:0.0075s ]
SQL: UPDATE `fdorder` SET `order_status`='1' WHERE ( id=73 ) [ RunTime:0.0495s ]

[ 2017-11-15T10:18:33+08:00 ] 192.168.174.34 /index.php/Admin/Goods/userEdit/
INFO: [ app_begin ] --START--
INFO: Run Behavior\ReadHtmlCacheBehavior [ RunTime:0.000731s ]
INFO: [ app_begin ] --END-- [ RunTime:0.001251s ]
SQL: SHOW COLUMNS FROM `user` [ RunTime:0.0055s ]
SQL: UPDATE `user` SET `grade_num`='12233' WHERE `id` = 10 [ RunTime:0.0517s ]

[ 2017-11-15T10:18:51+08:00 ] 192.168.174.34 /index.php/Admin/Goods/lib/webuploader/0.1.5/webuploader.css
ERR: 非法操作:lib

[ 2017-11-15T10:19:04+08:00 ] 192.168.174.34 /index.php/Admin/Goods/delData
INFO: [ app_begin ] --START--
INFO: Run Behavior\ReadHtmlCacheBehavior [ RunTime:0.000996s ]
INFO: [ app_begin ] --END-- [ RunTime:0.001504s ]
SQL: SHOW COLUMNS FROM `goods` [ RunTime:0.0054s ]
SQL: DELETE FROM `goods` WHERE `id` = 1 [ RunTime:0.0520s ]

[ 2017-11-15T10:26:07+08:00 ] 192.168.174.34 /index.php/Admin/Seller/delSeller
INFO: [ app_begin ] --START--
INFO: Run Behavior\ReadHtmlCacheBehavior [ RunTime:0.000793s ]
INFO: [ app_begin ] --END-- [ RunTime:0.001257s ]
SQL: SHOW COLUMNS FROM `restaurant` [ RunTime:0.0056s ]
SQL: SELECT * FROM `restaurant` WHERE `seller_id` = 1  [ RunTime:0.0005s ]
SQL: SHOW COLUMNS FROM `food` [ RunTime:0.0059s ]
SQL: DELETE FROM `food` WHERE ( res_id in('12') ) [ RunTime:0.0003s ]
SQL: DELETE FROM `restaurant` WHERE `seller_id` = 1 [ RunTime:0.0337s ]
SQL: SHOW COLUMNS FROM `seller` [ RunTime:0.0036s ]
SQL: DELETE FROM `seller` WHERE `id` = 1 [ RunTime:0.0281s ]

